Log file open, 02/10/18 11:02:01
LogWindows: Failed to load 'aqProf.dll' (GetLastError=126)
LogWindows: File 'aqProf.dll' does not exist
LogWindows: Failed to load 'VtuneApi.dll' (GetLastError=126)
LogWindows: File 'VtuneApi.dll' does not exist
LogWindows: Failed to load 'VtuneApi32e.dll' (GetLastError=126)
LogWindows: File 'VtuneApi32e.dll' does not exist
LogInit: Display: Running engine for game: VRGunToolkit
LogPlatformFile: Not using cached read wrapper
LogInit: Display: RandInit(-2118888163) SRandInit(-2118888163).
LogInit: Read version file with build ID '3709383'
LogInit: Overriding engine version to CL 3794801, compatible CL 3709383
LogInit: Registered custom module enumerator with build ID '3709383'
LogTaskGraph: Started task graph with 5 named threads and 14 total threads with 3 sets of task threads.
LogStats: Stats thread started at 2.526322
LogD3D11RHI: Aftermath initialized
LogModuleManager: Display: Found up-to-date module file ../../../Engine/Plugins/2D/Paper2D/Binaries/Win64/UE4Editor-Paper2D.dll (API version 3709383).
LogModuleManager: Display: Found up-to-date module file ../../../Engine/Plugins/2D/Paper2D/Binaries/Win64/UE4Editor-Paper2DEditor.dll (API version 3709383).
LogModuleManager: Display: Found up-to-date module file ../../../Engine/Plugins/2D/Paper2D/Binaries/Win64/UE4Editor-PaperSpriteSheetImporter.dll (API version 3709383).
LogModuleManager: Display: Found up-to-date module file ../../../Engine/Plugins/2D/Paper2D/Binaries/Win64/UE4Editor-PaperTiledImporter.dll (API version 3709383).
LogModuleManager: Display: Found up-to-date module file ../../../Engine/Plugins/2D/Paper2D/Binaries/Win64/UE4Editor-SmartSnapping.dll (API version 3709383).
LogModuleManager: Display: Found up-to-date module file ../../../Engine/Plugins/Blendables/LightPropagationVolume/Binaries/Win64/UE4Editor-LightPropagationVolumeRuntime.dll (API version 3709383).
LogModuleManager: Display: Found up-to-date module file ../../../Engine/Plugins/Blendables/LightPropagationVolume/Binaries/Win64/UE4Editor-LightPropagationVolumeEditor.dll (API version 3709383).
LogModuleManager: Display: Found up-to-date module file ../../../Engine/Plugins/Developer/GitSourceControl/Binaries/Win64/UE4Editor-GitSourceControl.dll (API version 3709383).
LogModuleManager: Display: Found up-to-date module file ../../../Engine/Plugins/Developer/PerforceSourceControl/Binaries/Win64/UE4Editor-PerforceSourceControl.dll (API version 3709383).
LogModuleManager: Display: Found up-to-date module file ../../../Engine/Plugins/Developer/SubversionSourceControl/Binaries/Win64/UE4Editor-SubversionSourceControl.dll (API version 3709383).
LogModuleManager: Display: Found up-to-date module file ../../../Engine/Plugins/Developer/UObjectPlugin/Binaries/Win64/UE4Editor-UObjectPlugin.dll (API version 3709383).
LogModuleManager: Display: Found up-to-date module file ../../../Engine/Plugins/Developer/VisualStudioCodeSourceCodeAccess/Binaries/Win64/UE4Editor-VisualStudioCodeSourceCodeAccess.dll (API version 3709383).
LogModuleManager: Display: Found up-to-date module file ../../../Engine/Plugins/Developer/VisualStudioSourceCodeAccess/Binaries/Win64/UE4Editor-VisualStudioSourceCodeAccess.dll (API version 3709383).
LogModuleManager: Display: Found up-to-date module file ../../../Engine/Plugins/Editor/AssetManagerEditor/Binaries/Win64/UE4Editor-AssetManagerEditor.dll (API version 3709383).
LogModuleManager: Display: Found up-to-date module file ../../../Engine/Plugins/Editor/AudioCapture/Binaries/Win64/UE4Editor-AudioCapture.dll (API version 3709383).
LogModuleManager: Display: Found up-to-date module file ../../../Engine/Plugins/Editor/FacialAnimation/Binaries/Win64/UE4Editor-FacialAnimation.dll (API version 3709383).
LogModuleManager: Display: Found up-to-date module file ../../../Engine/Plugins/Editor/FacialAnimation/Binaries/Win64/UE4Editor-FacialAnimationEditor.dll (API version 3709383).
LogModuleManager: Display: Found up-to-date module file ../../../Engine/Plugins/Editor/GameplayTagsEditor/Binaries/Win64/UE4Editor-GameplayTagsEditor.dll (API version 3709383).
LogModuleManager: Display: Found up-to-date module file ../../../Engine/Plugins/Editor/MobileLauncherProfileWizard/Binaries/Win64/UE4Editor-MobileLauncherProfileWizard.dll (API version 3709383).
LogModuleManager: Display: Found up-to-date module file ../../../Engine/Plugins/Editor/PluginBrowser/Binaries/Win64/UE4Editor-PluginBrowser.dll (API version 3709383).
LogModuleManager: Display: Found up-to-date module file ../../../Engine/Plugins/Editor/SpeedTreeImporter/Binaries/Win64/UE4Editor-SpeedTreeImporter.dll (API version 3709383).
LogModuleManager: Display: Found up-to-date module file ../../../Engine/Plugins/Experimental/AlembicImporter/Binaries/Win64/UE4Editor-AlembicImporter.dll (API version 3709383).
LogModuleManager: Display: Found up-to-date module file ../../../Engine/Plugins/Experimental/AlembicImporter/Binaries/Win64/UE4Editor-AlembicLibrary.dll (API version 3709383).
LogModuleManager: Display: Found up-to-date module file ../../../Engine/Plugins/Experimental/CharacterAI/Binaries/Win64/UE4Editor-CharacterAI.dll (API version 3709383).
LogModuleManager: Display: Found up-to-date module file ../../../Engine/Plugins/Experimental/HTML5Networking/Binaries/Win64/UE4Editor-HTML5Networking.dll (API version 3709383).
LogModuleManager: Display: Found up-to-date module file ../../../Engine/Plugins/Media/AndroidMedia/Binaries/Win64/UE4Editor-AndroidMediaEditor.dll (API version 3709383).
LogModuleManager: Display: Found up-to-date module file ../../../Engine/Plugins/Media/AndroidMedia/Binaries/Win64/UE4Editor-AndroidMediaFactory.dll (API version 3709383).
LogModuleManager: Display: Found up-to-date module file ../../../Engine/Plugins/Media/AvfMedia/Binaries/Win64/UE4Editor-AvfMediaEditor.dll (API version 3709383).
LogModuleManager: Display: Found up-to-date module file ../../../Engine/Plugins/Media/AvfMedia/Binaries/Win64/UE4Editor-AvfMediaFactory.dll (API version 3709383).
LogModuleManager: Display: Found up-to-date module file ../../../Engine/Plugins/Media/AvfMedia/Binaries/Win64/UE4Editor-AvfMediaFactory.dll (API version 3709383).
LogModuleManager: Display: Found up-to-date module file ../../../Engine/Plugins/Media/ImgMedia/Binaries/Win64/UE4Editor-ImgMedia.dll (API version 3709383).
LogModuleManager: Display: Found up-to-date module file ../../../Engine/Plugins/Media/ImgMedia/Binaries/Win64/UE4Editor-ImgMediaEditor.dll (API version 3709383).
LogModuleManager: Display: Found up-to-date module file ../../../Engine/Plugins/Media/ImgMedia/Binaries/Win64/UE4Editor-ImgMediaFactory.dll (API version 3709383).
LogModuleManager: Display: Found up-to-date module file ../../../Engine/Plugins/Media/ImgMedia/Binaries/Win64/UE4Editor-ImgMediaFactory.dll (API version 3709383).
LogModuleManager: Display: Found up-to-date module file ../../../Engine/Plugins/Media/ImgMedia/Binaries/Win64/UE4Editor-OpenExrWrapper.dll (API version 3709383).
LogModuleManager: Display: Found up-to-date module file ../../../Engine/Plugins/Media/MediaCompositing/Binaries/Win64/UE4Editor-MediaCompositing.dll (API version 3709383).
LogModuleManager: Display: Found up-to-date module file ../../../Engine/Plugins/Media/MediaCompositing/Binaries/Win64/UE4Editor-MediaCompositingEditor.dll (API version 3709383).
LogModuleManager: Display: Found up-to-date module file ../../../Engine/Plugins/Media/MediaPlayerEditor/Binaries/Win64/UE4Editor-MediaPlayerEditor.dll (API version 3709383).
LogModuleManager: Display: Found up-to-date module file ../../../Engine/Plugins/Media/WmfMedia/Binaries/Win64/UE4Editor-WmfMedia.dll (API version 3709383).
LogModuleManager: Display: Found up-to-date module file ../../../Engine/Plugins/Media/WmfMedia/Binaries/Win64/UE4Editor-WmfMediaEditor.dll (API version 3709383).
LogModuleManager: Display: Found up-to-date module file ../../../Engine/Plugins/Media/WmfMedia/Binaries/Win64/UE4Editor-WmfMediaFactory.dll (API version 3709383).
LogModuleManager: Display: Found up-to-date module file ../../../Engine/Plugins/Media/WmfMedia/Binaries/Win64/UE4Editor-WmfMediaFactory.dll (API version 3709383).
LogModuleManager: Display: Found up-to-date module file ../../../Engine/Plugins/Messaging/TcpMessaging/Binaries/Win64/UE4Editor-TcpMessaging.dll (API version 3709383).
LogModuleManager: Display: Found up-to-date module file ../../../Engine/Plugins/Messaging/UdpMessaging/Binaries/Win64/UE4Editor-UdpMessaging.dll (API version 3709383).
LogModuleManager: Display: Found up-to-date module file ../../../Engine/Plugins/MovieScene/ActorSequence/Binaries/Win64/UE4Editor-ActorSequence.dll (API version 3709383).
LogModuleManager: Display: Found up-to-date module file ../../../Engine/Plugins/MovieScene/LevelSequenceEditor/Binaries/Win64/UE4Editor-LevelSequenceEditor.dll (API version 3709383).
LogModuleManager: Display: Found up-to-date module file ../../../Engine/Plugins/MovieScene/MatineeToLevelSequence/Binaries/Win64/UE4Editor-MatineeToLevelSequence.dll (API version 3709383).
LogModuleManager: Display: Found up-to-date module file ../../../Engine/Plugins/Online/OnlineSubsystem/Binaries/Win64/UE4Editor-OnlineSubsystem.dll (API version 3709383).
LogModuleManager: Display: Found up-to-date module file ../../../Engine/Plugins/Runtime/AndroidPermission/Binaries/Win64/UE4Editor-AndroidPermission.dll (API version 3709383).
LogModuleManager: Display: Found up-to-date module file ../../../Engine/Plugins/Online/OnlineSubsystemNull/Binaries/Win64/UE4Editor-OnlineSubsystemNull.dll (API version 3709383).
LogModuleManager: Display: Found up-to-date module file ../../../Engine/Plugins/Online/OnlineSubsystemUtils/Binaries/Win64/UE4Editor-OnlineSubsystemUtils.dll (API version 3709383).
LogModuleManager: Display: Found up-to-date module file ../../../Engine/Plugins/Online/OnlineSubsystemUtils/Binaries/Win64/UE4Editor-OnlineBlueprintSupport.dll (API version 3709383).
LogModuleManager: Display: Found up-to-date module file ../../../Engine/Plugins/Runtime/AndroidDeviceProfileSelector/Binaries/Win64/UE4Editor-AndroidDeviceProfileSelector.dll (API version 3709383).
LogModuleManager: Display: Found up-to-date module file ../../../Engine/Plugins/Runtime/AppleARKit/Binaries/Win64/UE4Editor-AppleARKit.dll (API version 3709383).
LogModuleManager: Display: Found up-to-date module file ../../../Engine/Plugins/Runtime/ArchVisCharacter/Binaries/Win64/UE4Editor-ArchVisCharacter.dll (API version 3709383).
LogModuleManager: Display: Found up-to-date module file ../../../Engine/Plugins/Runtime/CableComponent/Binaries/Win64/UE4Editor-CableComponent.dll (API version 3709383).
LogModuleManager: Display: Found up-to-date module file ../../../Engine/Plugins/Runtime/CustomMeshComponent/Binaries/Win64/UE4Editor-CustomMeshComponent.dll (API version 3709383).
LogModuleManager: Display: Found up-to-date module file ../../../Engine/Plugins/Runtime/ExampleDeviceProfileSelector/Binaries/Win64/UE4Editor-ExampleDeviceProfileSelector.dll (API version 3709383).
LogModuleManager: Display: Found up-to-date module file ../../../Engine/Plugins/Runtime/ImmediatePhysics/Binaries/Win64/UE4Editor-ImmediatePhysics.dll (API version 3709383).
LogModuleManager: Display: Found up-to-date module file ../../../Engine/Plugins/Runtime/ImmediatePhysics/Binaries/Win64/UE4Editor-ImmediatePhysicsEditor.dll (API version 3709383).
LogModuleManager: Display: Found up-to-date module file ../../../Engine/Plugins/Runtime/LocationServicesBPLibrary/Binaries/Win64/UE4Editor-LocationServicesBPLibrary.dll (API version 3709383).
LogModuleManager: Display: Found up-to-date module file ../../../Engine/Plugins/Runtime/MobilePatchingUtils/Binaries/Win64/UE4Editor-MobilePatchingUtils.dll (API version 3709383).
LogModuleManager: Display: Found up-to-date module file ../../../Engine/Plugins/Runtime/Oculus/OculusVR/Binaries/Win64/UE4Editor-OculusHMD.dll (API version 3709383).
LogModuleManager: Display: Found up-to-date module file ../../../Engine/Plugins/Runtime/Oculus/OculusVR/Binaries/Win64/UE4Editor-OculusInput.dll (API version 3709383).
LogModuleManager: Display: Found up-to-date module file ../../../Engine/Plugins/Runtime/Oculus/OculusVR/Binaries/Win64/UE4Editor-OculusEditor.dll (API version 3709383).
LogModuleManager: Display: Found up-to-date module file ../../../Engine/Plugins/Runtime/PhysXVehicles/Binaries/Win64/UE4Editor-PhysXVehicles.dll (API version 3709383).
LogModuleManager: Display: Found up-to-date module file ../../../Engine/Plugins/Runtime/PhysXVehicles/Binaries/Win64/UE4Editor-PhysXVehiclesEditor.dll (API version 3709383).
LogModuleManager: Display: Found up-to-date module file ../../../Engine/Plugins/Runtime/ProceduralMeshComponent/Binaries/Win64/UE4Editor-ProceduralMeshComponent.dll (API version 3709383).
LogModuleManager: Display: Found up-to-date module file ../../../Engine/Plugins/Runtime/ProceduralMeshComponent/Binaries/Win64/UE4Editor-ProceduralMeshComponentEditor.dll (API version 3709383).
LogModuleManager: Display: Found up-to-date module file ../../../Engine/Plugins/Runtime/RuntimePhysXCooking/Binaries/Win64/UE4Editor-RuntimePhysXCooking.dll (API version 3709383).
LogModuleManager: Display: Found up-to-date module file ../../../Engine/Plugins/Runtime/Steam/SteamVR/Binaries/Win64/UE4Editor-SteamVR.dll (API version 3709383).
LogModuleManager: Display: Found up-to-date module file ../../../Engine/Plugins/Runtime/Steam/SteamVR/Binaries/Win64/UE4Editor-SteamVRController.dll (API version 3709383).
LogModuleManager: Display: Found up-to-date module file ../../../Engine/Plugins/Runtime/WindowsMoviePlayer/Binaries/Win64/UE4Editor-WindowsMoviePlayer.dll (API version 3709383).
LogPluginManager: Mounting plugin Paper2D
LogPluginManager: Mounting plugin LightPropagationVolume
LogPluginManager: Mounting plugin CodeLiteSourceCodeAccess
LogPluginManager: Mounting plugin GitSourceControl
LogPluginManager: Mounting plugin KDevelopSourceCodeAccess
LogPluginManager: Mounting plugin NullSourceCodeAccess
LogPluginManager: Mounting plugin PerforceSourceControl
LogPluginManager: Mounting plugin SubversionSourceControl
LogPluginManager: Mounting plugin UObjectPlugin
LogPluginManager: Mounting plugin VisualStudioCodeSourceCodeAccess
LogPluginManager: Mounting plugin VisualStudioSourceCodeAccess
LogPluginManager: Mounting plugin XCodeSourceCodeAccess
LogPluginManager: Mounting plugin AssetManagerEditor
LogPluginManager: Mounting plugin AudioCapture
LogPluginManager: Mounting plugin FacialAnimation
LogPluginManager: Mounting plugin GameplayTagsEditor
LogPluginManager: Mounting plugin MobileLauncherProfileWizard
LogPluginManager: Mounting plugin PluginBrowser
LogPluginManager: Mounting plugin SpeedTreeImporter
LogPluginManager: Mounting plugin AlembicImporter
LogPluginManager: Mounting plugin CharacterAI
LogPluginManager: Mounting plugin HTML5Networking
LogPluginManager: Mounting plugin AndroidMedia
LogPluginManager: Mounting plugin AvfMedia
LogPluginManager: Mounting plugin ImgMedia
LogPluginManager: Mounting plugin MediaCompositing
LogPluginManager: Mounting plugin MediaPlayerEditor
LogPluginManager: Mounting plugin WmfMedia
LogPluginManager: Mounting plugin TcpMessaging
LogPluginManager: Mounting plugin UdpMessaging
LogPluginManager: Mounting plugin ActorSequence
LogPluginManager: Mounting plugin LevelSequenceEditor
LogPluginManager: Mounting plugin MatineeToLevelSequence
LogPluginManager: Mounting plugin OnlineSubsystemGooglePlay
LogPluginManager: Mounting plugin OnlineSubsystemIOS
LogPluginManager: Mounting plugin OnlineSubsystem
LogPluginManager: Mounting plugin OnlineSubsystemNull
LogPluginManager: Mounting plugin OnlineSubsystemUtils
LogPluginManager: Mounting plugin AndroidDeviceProfileSelector
LogPluginManager: Mounting plugin AndroidMoviePlayer
LogPluginManager: Mounting plugin AndroidPermission
LogPluginManager: Mounting plugin AppleARKit
LogPluginManager: Mounting plugin AppleMoviePlayer
LogPluginManager: Mounting plugin ArchVisCharacter
LogPluginManager: Mounting plugin CableComponent
LogPluginManager: Mounting plugin CustomMeshComponent
LogPluginManager: Mounting plugin ExampleDeviceProfileSelector
LogPluginManager: Mounting plugin GoogleCloudMessaging
LogPluginManager: Mounting plugin ImmediatePhysics
LogPluginManager: Mounting plugin IOSDeviceProfileSelector
LogPluginManager: Mounting plugin LinuxDeviceProfileSelector
LogPluginManager: Mounting plugin LocationServicesBPLibrary
LogPluginManager: Mounting plugin MobilePatchingUtils
LogPluginManager: Mounting plugin OculusVR
LogPluginManager: Plugin shader directory ../../../Engine/Plugins/Runtime/Oculus/OculusVR/Shaders found
LogPluginManager: Mapping shader source directory ../../../Engine/Plugins/Runtime/Oculus/OculusVR/Shaders to virtual directory /Plugin/OculusVR
LogPluginManager: Mounting plugin PhysXVehicles
LogPluginManager: Mounting plugin ProceduralMeshComponent
LogPluginManager: Mounting plugin RuntimePhysXCooking
LogPluginManager: Mounting plugin SteamVR
LogPluginManager: Mounting plugin WindowsMoviePlayer
LogInit: Using libcurl 7.47.1
LogInit:  - built for x86_64-pc-win32
LogInit:  - supports SSL with OpenSSL/1.0.2g
LogInit:  - supports HTTP deflate (compression) using libz 1.2.8
LogInit:  - other features:
LogInit:      CURL_VERSION_SSL
LogInit:      CURL_VERSION_LIBZ
LogInit:      CURL_VERSION_IPV6
LogInit:      CURL_VERSION_ASYNCHDNS
LogInit:      CURL_VERSION_LARGEFILE
LogInit:      CURL_VERSION_IDN
LogInit:  CurlRequestOptions (configurable via config and command line):
LogInit:  - bVerifyPeer = false  - Libcurl will NOT verify peer certificate
LogInit:  - bUseHttpProxy = false  - Libcurl will NOT use HTTP proxy
LogInit:  - bDontReuseConnections = false  - Libcurl will reuse connections
LogInit:  - CertBundlePath = nullptr  - Libcurl will use whatever was configured at build time.
LogInit: Build: ++UE4+Release-4.18-CL-3794801
LogInit: Engine Version: 4.18.2-3794801+++UE4+Release-4.18
LogInit: Compatible Engine Version: 4.18.0-3709383+++UE4+Release-4.18
LogInit: Net CL: 3709383
LogDevObjectVersion: Number of dev versions registered: 16
LogDevObjectVersion:   Dev-Blueprints (B0D832E4-1F89-4F0D-ACCF-7EB736FD4AA2): 10
LogDevObjectVersion:   Dev-Build (E1C64328-A22C-4D53-A36C-8E866417BD8C): 0
LogDevObjectVersion:   Dev-Core (375EC13C-06E4-48FB-B500-84F0262A717E): 2
LogDevObjectVersion:   Dev-Editor (E4B068ED-F494-42E9-A231-DA0B2E46BB41): 20
LogDevObjectVersion:   Dev-Framework (CFFC743F-43B0-4480-9391-14DF171D2073): 30
LogDevObjectVersion:   Dev-Mobile (B02B49B5-BB20-44E9-A304-32B752E40360): 0
LogDevObjectVersion:   Dev-Networking (A4E4105C-59A1-49B5-A7C5-40C4547EDFEE): 0
LogDevObjectVersion:   Dev-Online (39C831C9-5AE6-47DC-9A44-9C173E1C8E7C): 0
LogDevObjectVersion:   Dev-Physics (78F01B33-EBEA-4F98-B9B4-84EACCB95AA2): 0
LogDevObjectVersion:   Dev-Platform (6631380F-2D4D-43E0-8009-CF276956A95A): 0
LogDevObjectVersion:   Dev-Rendering (12F88B9F-8875-4AFC-A67C-D90C383ABD29): 20
LogDevObjectVersion:   Dev-Sequencer (7B5AE74C-D270-4C10-A958-57980B212A5A): 4
LogDevObjectVersion:   Dev-VR (D7296918-1DD6-4BDD-9DE2-64A83CC13884): 0
LogDevObjectVersion:   Dev-LoadTimes (C2A15278-BFE7-4AFE-6C17-90FF531DF755): 1
LogDevObjectVersion:   Private-Geometry (6EACA3D4-40EC-4CC1-B786-8BED09428FC5): 1
LogDevObjectVersion:   Dev-AnimPhys (29E575DD-E0A3-4627-9D10-D276232CDCEA): 12
LogInit: Compiled (64-bit): Dec  8 2017 02:04:53
LogInit: Compiled with Visual C++: 19.00.24215.01
LogInit: Build Configuration: Development
LogInit: Branch Name: ++UE4+Release-4.18
LogInit: Command line:  
LogInit: Base directory: D:/Archive/UE_4.18/Engine/Binaries/Win64/
LogInit: Installed Engine Build: 1
LogInit: Presizing for max 8388607 objects, including 0 objects not considered by GC, pre-allocating 0 bytes for permanent pool.
LogInit: Object subsystem initialized
[2018.02.10-11.02.05:646][  0]LogInit: Selected Device Profile: [Windows]
[2018.02.10-11.02.05:646][  0]LogInit: Applying CVar settings loaded from the selected device profile: [Windows]
[2018.02.10-11.02.05:739][  0]LogInit: Setting Device Profile CVar: [[r.SSR.Quality:0]]
[2018.02.10-11.02.05:739][  0]LogInit: Setting Device Profile CVar: [[r.MotionBlurQuality:0]]
[2018.02.10-11.02.05:739][  0]LogInit: Setting Device Profile CVar: [[r.BloomQuality:5]]
[2018.02.10-11.02.05:739][  0]LogInit: Setting Device Profile CVar: [[r.SceneColorFormat:3]]
[2018.02.10-11.02.05:739][  0]LogInit: Setting Device Profile CVar: [[r.LensFlareQuality:0]]
[2018.02.10-11.02.05:739][  0]LogInit: Setting Device Profile CVar: [[r.Tonemapper.Sharpen:0]]
[2018.02.10-11.02.05:739][  0]LogInit: Setting Device Profile CVar: [[r.HZBOcclusion:0]]
[2018.02.10-11.02.05:739][  0]LogInit: Setting Device Profile CVar: [[r.Shadow.ForceSingleSampleShadowingFromStationary:1]]
[2018.02.10-11.02.05:739][  0]LogInit: Setting Device Profile CVar: [[r.AmbientOcclusionLevels:0]]
[2018.02.10-11.02.05:739][  0]LogInit: Setting Device Profile CVar: [[r.MSAACount:4]]
[2018.02.10-11.02.05:739][  0]LogInit: Setting Device Profile CVar: [[r.DepthOfFieldQuality:0]]
[2018.02.10-11.02.05:739][  0]LogInit: Setting Device Profile CVar: [[r.ReflectionEnvironmentBeginMixingRoughness:0.0]]
[2018.02.10-11.02.05:739][  0]LogInit: Setting Device Profile CVar: [[r.ReflectionEnvironmentEndMixingRoughness:0.0]]
[2018.02.10-11.02.05:739][  0]LogInit: Setting Device Profile CVar: [[r.Shadow.FadeExponent:5]]
[2018.02.10-11.02.05:739][  0]LogInit: Setting Device Profile CVar: [[r.Shadow.FadeResolution:128]]
[2018.02.10-11.02.05:739][  0]LogInit: Setting Device Profile CVar: [[r.Shadow.MaxResolution:256]]
[2018.02.10-11.02.05:739][  0]LogInit: Setting Device Profile CVar: [[r.ReflectionEnvironmentLightmapMixLargestWeight:1]]
[2018.02.10-11.02.05:739][  0]LogInit: Setting Device Profile CVar: [[r.RHICmdBypass:0]]
[2018.02.10-11.02.05:765][  0]LogInit: Computer: DESKTOP-G401FM1
[2018.02.10-11.02.05:765][  0]LogInit: User: Samuel
[2018.02.10-11.02.05:765][  0]LogInit: CPU Page size=4096, Cores=4
[2018.02.10-11.02.05:765][  0]LogInit: High frequency timer resolution =3.914060 MHz
[2018.02.10-11.02.05:766][  0]LogMemory: Memory total: Physical=31.9GB (32GB approx)
[2018.02.10-11.02.05:766][  0]LogMemory: Platform Memory Stats for Windows
[2018.02.10-11.02.05:766][  0]LogMemory: Process Physical Memory: 282.48 MB used, 282.48 MB peak
[2018.02.10-11.02.05:766][  0]LogMemory: Process Virtual Memory: 273.85 MB used, 273.85 MB peak
[2018.02.10-11.02.05:766][  0]LogMemory: Physical Memory: 4921.68 MB used,  27764.02 MB free, 32685.70 MB total
[2018.02.10-11.02.05:766][  0]LogMemory: Virtual Memory: 681.72 MB used,  27764.02 MB free, 134217728.00 MB total
[2018.02.10-11.02.06:444][  0]LogInit: Using OS detected language (en-GB).
[2018.02.10-11.02.06:444][  0]LogInit: Using OS detected locale (en-GB).
[2018.02.10-11.02.06:719][  0]LogTextLocalizationManager: No specific localization for 'en-GB' exists, so the 'en' localization will be used.
[2018.02.10-11.02.07:344][  0]LogInit: Setting process to per monitor DPI aware
[2018.02.10-11.02.11:778][  0]LogD3D11RHI: D3D11 adapters:
[2018.02.10-11.02.11:825][  0]LogD3D11RHI:    0. 'NVIDIA GeForce GTX 1080' (Feature Level 11_0)
[2018.02.10-11.02.11:825][  0]LogD3D11RHI:       8079/0/16342 MB DedicatedVideo/DedicatedSystem/SharedSystem, Outputs:1, VendorId:0x10de
[2018.02.10-11.02.11:827][  0]LogD3D11RHI:    1. 'Microsoft Basic Render Driver' (Feature Level 11_0)
[2018.02.10-11.02.11:827][  0]LogD3D11RHI:       0/0/16342 MB DedicatedVideo/DedicatedSystem/SharedSystem, Outputs:0, VendorId:0x1414
[2018.02.10-11.02.11:827][  0]LogD3D11RHI: Chosen D3D11 Adapter: 0
[2018.02.10-11.02.11:832][  0]LogD3D11RHI: Creating new Direct3DDevice
[2018.02.10-11.02.11:833][  0]LogD3D11RHI:     GPU DeviceId: 0x1b80 (for the marketing name, search the web for "GPU Device Id")
[2018.02.10-11.02.11:833][  0]LogWindows: EnumDisplayDevices:
[2018.02.10-11.02.11:833][  0]LogWindows:    0. 'NVIDIA GeForce GTX 1080' (P:1 D:1)
[2018.02.10-11.02.11:833][  0]LogWindows:    1. 'NVIDIA GeForce GTX 1080' (P:0 D:0)
[2018.02.10-11.02.11:833][  0]LogWindows:    2. 'NVIDIA GeForce GTX 1080' (P:0 D:0)
[2018.02.10-11.02.11:833][  0]LogWindows:    3. 'NVIDIA GeForce GTX 1080' (P:0 D:0)
[2018.02.10-11.02.11:833][  0]LogWindows: DebugString: GetVideoDriverDetailsInvalid PrimaryIsNotTheChoosenAdapter GetVideoDriverDetailsInvalid PrimaryIsNotTheChoosenAdapter GetVideoDriverDetailsInvalid PrimaryIsNotTheChoosenAdapter GetVideoDriverDetailsInvalid PrimaryIsNotTheChoosenAdapter FoundDriverCount:0 
[2018.02.10-11.02.11:833][  0]LogD3D11RHI:     Adapter Name: NVIDIA GeForce GTX 1080
[2018.02.10-11.02.11:833][  0]LogD3D11RHI:   Driver Version: Unknown (internal:Unknown, unified:Unknown)
[2018.02.10-11.02.11:833][  0]LogD3D11RHI:      Driver Date: Unknown
[2018.02.10-11.02.11:833][  0]LogRHI: Texture pool is 5655 MB (70% of 8079 MB)
[2018.02.10-11.02.11:863][  0]LogD3D11RHI: Async texture creation enabled
[2018.02.10-11.02.12:140][  0]LogD3D11RHI: GPU Timing Frequency: 1000.000000 (Debug: 2 2)
[2018.02.10-11.02.12:215][  0]LogShaderCompilers: Guid format shader working directory is 2 characters bigger than the processId version (C:/Users/Samuel/Desktop/VRTools/VRGunToolKit/Intermediate/Shaders/WorkingDirectory/10692/).
[2018.02.10-11.02.12:215][  0]LogShaderCompilers: Cleaned the shader compiler working directory 'C:/Users/Samuel/AppData/Local/Temp/UnrealShaderWorkingDir/B51882514F3604B6E0BA0F8DF31AF080/'.
[2018.02.10-11.02.12:217][  0]LogShaderCompilers: Display: Using Local Shader Compiler.
[2018.02.10-11.02.15:023][  0]LogTemp: Display: Loaded TP AllDesktopTargetPlatform
[2018.02.10-11.02.15:058][  0]LogTemp: Display: Loaded TP MacClientTargetPlatform
[2018.02.10-11.02.15:094][  0]LogTemp: Display: Loaded TP MacNoEditorTargetPlatform
[2018.02.10-11.02.15:129][  0]LogTemp: Display: Loaded TP MacServerTargetPlatform
[2018.02.10-11.02.15:176][  0]LogTemp: Display: Loaded TP MacTargetPlatform
[2018.02.10-11.02.15:211][  0]LogTemp: Display: Loaded TP WindowsClientTargetPlatform
[2018.02.10-11.02.15:246][  0]LogTemp: Display: Loaded TP WindowsNoEditorTargetPlatform
[2018.02.10-11.02.15:282][  0]LogTemp: Display: Loaded TP WindowsServerTargetPlatform
[2018.02.10-11.02.15:311][  0]LogTemp: Display: Loaded TP WindowsTargetPlatform
[2018.02.10-11.02.15:346][  0]LogTemp: Display: Loaded TP Android_ASTCTargetPlatform
[2018.02.10-11.02.15:380][  0]LogTemp: Display: Loaded TP Android_ATCTargetPlatform
[2018.02.10-11.02.15:415][  0]LogTemp: Display: Loaded TP Android_DXTTargetPlatform
[2018.02.10-11.02.15:449][  0]LogTemp: Display: Loaded TP Android_ETC1TargetPlatform
[2018.02.10-11.02.15:485][  0]LogTemp: Display: Loaded TP Android_ETC2TargetPlatform
[2018.02.10-11.02.15:553][  0]LogTemp: Display: Loaded TP Android_MultiTargetPlatform
[2018.02.10-11.02.15:553][  0]LogTemp: Display: Loaded TP Android_PVRTCTargetPlatform
[2018.02.10-11.02.15:619][  0]LogTemp: Display: Loaded TP AndroidTargetPlatform
[2018.02.10-11.02.15:646][  0]LogTemp: Display: Loaded TP HTML5TargetPlatform
[2018.02.10-11.02.15:777][  0]LogTemp: Display: Loaded TP IOSTargetPlatform
[2018.02.10-11.02.15:802][  0]LogTemp: Display: Loaded TP TVOSTargetPlatform
[2018.02.10-11.02.15:837][  0]LogTemp: Display: Loaded TP LinuxClientTargetPlatform
[2018.02.10-11.02.15:871][  0]LogTemp: Display: Loaded TP LinuxNoEditorTargetPlatform
[2018.02.10-11.02.15:905][  0]LogTemp: Display: Loaded TP LinuxServerTargetPlatform
[2018.02.10-11.02.15:943][  0]LogTemp: Display: Loaded TP LinuxTargetPlatform
[2018.02.10-11.02.15:943][  0]LogTargetPlatformManager: Display: Building Assets For Windows
[2018.02.10-11.02.16:969][  0]LogDerivedDataCache: Display: Max Cache Size: 512 MB
[2018.02.10-11.02.17:243][  0]LogDerivedDataCache: Loaded boot cache 0.27s 82MB C:/Users/Samuel/AppData/Local/UnrealEngine/4.18/DerivedDataCache/Boot.ddc.
[2018.02.10-11.02.17:243][  0]LogDerivedDataCache: Display: Loaded Boot cache: C:/Users/Samuel/AppData/Local/UnrealEngine/4.18/DerivedDataCache/Boot.ddc
[2018.02.10-11.02.17:243][  0]LogDerivedDataCache: FDerivedDataBackendGraph:  Pak pak cache file C:/Users/Samuel/Desktop/VRTools/VRGunToolKit/DerivedDataCache/DDC.ddp not found, will not use a pak cache.
[2018.02.10-11.02.17:243][  0]LogDerivedDataCache: Unable to find inner node Pak for hierarchical cache Hierarchy.
[2018.02.10-11.02.17:243][  0]LogDerivedDataCache: FDerivedDataBackendGraph:  CompressedPak pak cache file C:/Users/Samuel/Desktop/VRTools/VRGunToolKit/DerivedDataCache/Compressed.ddp not found, will not use a pak cache.
[2018.02.10-11.02.17:243][  0]LogDerivedDataCache: Unable to find inner node CompressedPak for hierarchical cache Hierarchy.
[2018.02.10-11.02.17:315][  0]LogDerivedDataCache: Display: Pak cache opened for reading ../../../Engine/DerivedDataCache/Compressed.ddp.
[2018.02.10-11.02.17:327][  0]LogDerivedDataCache: Using Local data cache path C:/Users/Samuel/AppData/Local/UnrealEngine/Common/DerivedDataCache: Writable
[2018.02.10-11.02.17:368][  0]LogMaterial: Verifying Global Shaders for PCD3D_SM5
[2018.02.10-11.02.17:419][  0]LogSlate: Using Freetype 2.6.0
[2018.02.10-11.02.17:513][  0]LogSlate: SlateFontCache - WITH_FREETYPE: 1, WITH_HARFBUZZ: 1
[2018.02.10-11.02.17:526][  0]LogSlate: SlateFontCache - WITH_FREETYPE: 1, WITH_HARFBUZZ: 1
[2018.02.10-11.02.23:406][  0]LogInit: Selected Device Profile: [Windows]
[2018.02.10-11.02.24:850][  0]LogSimplygon: Simplygon DLL not present - disabling.
[2018.02.10-11.02.24:914][  0]LogMeshReduction: Using SimplygonSwarm for distributed automatic mesh merging
[2018.02.10-11.02.24:926][  0]LogMeshReduction: Using QuadricMeshReduction for automatic static mesh reduction
[2018.02.10-11.02.24:942][  0]LogMeshReduction: No automatic skeletal mesh reduction module available
[2018.02.10-11.02.24:942][  0]LogMeshReduction: No automatic mesh merging module available
[2018.02.10-11.02.24:942][  0]LogMeshMerging: No automatic mesh merging module available
[2018.02.10-11.02.25:322][  0]LogNetVersion: VRGunToolkit , NetCL: 3709383, EngineNetVer: 2, GameNetVer: 0 (Checksum: 2737668274)
[2018.02.10-11.02.26:702][  0]LogAssetRegistry: FAssetRegistry took 0.0605 seconds to start up
[2018.02.10-11.02.35:947][  0]LogPackageLocalizationCache: Processed 7 localized package path(s) for 2 prioritized culture(s) in 0.125647 seconds
[2018.02.10-11.02.35:974][  0]LogUObjectArray: 35900 objects as part of root set at end of initial load.
[2018.02.10-11.02.35:974][  0]LogUObjectAllocator: 7372024 out of 0 bytes used by permanent object pool.
[2018.02.10-11.02.35:974][  0]LogUObjectArray: CloseDisregardForGC: 0/0 objects in disregard for GC pool
[2018.02.10-11.02.36:013][  0]LogInit: WinSock: version 1.1 (2.2), MaxSocks=32767, MaxUdp=65467
[2018.02.10-11.02.59:875][  0]LogTcpMessaging: Initializing TcpMessaging bridge
[2018.02.10-11.02.59:909][  0]LogUdpMessaging: Initializing bridge on interface 0.0.0.0:0 to multicast group 230.0.0.1:6666.
[2018.02.10-11.03.00:768][  0]LogMaterial: Missing cached shader map for material BaseColor, compiling. 
[2018.02.10-11.03.00:780][  0]LogMaterial: Warning: D:\Archive\UE_4.18\Engine\Content\BufferVisualization\BaseColor.uasset: Failed to compile Material for platform PCD3D_SM5, Default Material will be used in game.
[2018.02.10-11.03.00:780][  0]LogMaterial: 	(Node SceneTexture) GBuffer scene textures not available with forward shading.
[2018.02.10-11.03.00:795][  0]LogMaterial: Uniform references updated for custom material expression Custom.
[2018.02.10-11.03.00:804][  0]LogMaterial: Missing cached shader map for material LightingModel, compiling. 
[2018.02.10-11.03.00:804][  0]LogMaterial: Warning: D:\Archive\UE_4.18\Engine\Content\BufferVisualization\LightingModel.uasset: Failed to compile Material for platform PCD3D_SM5, Default Material will be used in game.
[2018.02.10-11.03.00:804][  0]LogMaterial: 	(Node SceneTexture) GBuffer scene textures not available with forward shading.
[2018.02.10-11.03.00:807][  0]LogMaterial: Missing cached shader map for material MaterialAO, compiling. 
[2018.02.10-11.03.00:807][  0]LogMaterial: Warning: D:\Archive\UE_4.18\Engine\Content\BufferVisualization\MaterialAO.uasset: Failed to compile Material for platform PCD3D_SM5, Default Material will be used in game.
[2018.02.10-11.03.00:807][  0]LogMaterial: 	(Node SceneTexture) GBuffer scene textures not available with forward shading.
[2018.02.10-11.03.00:810][  0]LogMaterial: Missing cached shader map for material Metallic, compiling. 
[2018.02.10-11.03.00:810][  0]LogMaterial: Warning: D:\Archive\UE_4.18\Engine\Content\BufferVisualization\Metallic.uasset: Failed to compile Material for platform PCD3D_SM5, Default Material will be used in game.
[2018.02.10-11.03.00:810][  0]LogMaterial: 	(Node SceneTexture) GBuffer scene textures not available with forward shading.
[2018.02.10-11.03.00:812][  0]LogMaterial: Missing cached shader map for material Opacity, compiling. 
[2018.02.10-11.03.00:812][  0]LogMaterial: Warning: D:\Archive\UE_4.18\Engine\Content\BufferVisualization\Opacity.uasset: Failed to compile Material for platform PCD3D_SM5, Default Material will be used in game.
[2018.02.10-11.03.00:812][  0]LogMaterial: 	(Node SceneTexture) GBuffer scene textures not available with forward shading.
[2018.02.10-11.03.00:815][  0]LogMaterial: Missing cached shader map for material Roughness, compiling. 
[2018.02.10-11.03.00:815][  0]LogMaterial: Warning: D:\Archive\UE_4.18\Engine\Content\BufferVisualization\Roughness.uasset: Failed to compile Material for platform PCD3D_SM5, Default Material will be used in game.
[2018.02.10-11.03.00:815][  0]LogMaterial: 	(Node SceneTexture) GBuffer scene textures not available with forward shading.
[2018.02.10-11.03.00:828][  0]LogMaterial: Missing cached shader map for material Specular, compiling. 
[2018.02.10-11.03.00:830][  0]LogMaterial: Warning: D:\Archive\UE_4.18\Engine\Content\BufferVisualization\Specular.uasset: Failed to compile Material for platform PCD3D_SM5, Default Material will be used in game.
[2018.02.10-11.03.00:830][  0]LogMaterial: 	(Node SceneTexture) GBuffer scene textures not available with forward shading.
[2018.02.10-11.03.00:832][  0]LogMaterial: Missing cached shader map for material SubsurfaceColor, compiling. 
[2018.02.10-11.03.00:833][  0]LogMaterial: Warning: D:\Archive\UE_4.18\Engine\Content\BufferVisualization\SubsurfaceColor.uasset: Failed to compile Material for platform PCD3D_SM5, Default Material will be used in game.
[2018.02.10-11.03.00:833][  0]LogMaterial: 	(Node SceneTexture) GBuffer scene textures not available with forward shading.
[2018.02.10-11.03.00:835][  0]LogMaterial: Missing cached shader map for material WorldNormal, compiling. 
[2018.02.10-11.03.00:836][  0]LogMaterial: Warning: D:\Archive\UE_4.18\Engine\Content\BufferVisualization\WorldNormal.uasset: Failed to compile Material for platform PCD3D_SM5, Default Material will be used in game.
[2018.02.10-11.03.00:836][  0]LogMaterial: 	(Node SceneTexture) GBuffer scene textures not available with forward shading.
[2018.02.10-11.03.01:278][  0]SourceControl: Source control is disabled
[2018.02.10-11.03.01:286][  0]SourceControl: Source control is disabled
[2018.02.10-11.03.01:325][  0]SourceControl: Source control is disabled
[2018.02.10-11.03.01:362][  0]SourceControl: Source control is disabled
[2018.02.10-11.03.02:257][  0]LogAndroidPermission: UAndroidPermissionCallbackProxy::GetInstance
[2018.02.10-11.03.02:453][  0]LogOcInput: OculusInput pre-init called
[2018.02.10-11.03.02:958][  0]LogEngine: Initializing Engine...
[2018.02.10-11.03.05:052][  0]LogHMD: SteamVR initialized.  Driver: lighthouse  Display: LHR-17F0EBFC
[2018.02.10-11.03.05:345][  0]LogStats: UGameplayTagsManager::ConstructGameplayTagTree: Construct from data asset -  0.000 s
[2018.02.10-11.03.05:345][  0]LogStats: UGameplayTagsManager::ConstructGameplayTagTree: GameplayTagTreeChangedEvent.Broadcast -  0.000 s
[2018.02.10-11.03.05:635][  0]LogAIModule: Creating AISystem for world Untitled
[2018.02.10-11.03.05:764][  0]LogInit: XAudio2 using 'Speakers (2- USB Audio Device)' : 2 channels at 48 kHz using 16 bits per sample (channel mask 0x3)
[2018.02.10-11.03.05:790][  0]LogInit: FAudioDevice initialized.
[2018.02.10-11.03.05:859][  0]LogDerivedDataCache: Saved boot cache 0.07s 82MB C:/Users/Samuel/AppData/Local/UnrealEngine/4.18/DerivedDataCache/Boot.ddc.
[2018.02.10-11.03.05:867][  0]LogInit: Texture streaming: Enabled
[2018.02.10-11.03.05:965][  0]LogEngineSessionManager: EngineSessionManager initialized
[2018.02.10-11.03.05:965][  0]LogEngineSessionManager: EngineSessionManager sent abnormal shutdown report. Type=AbnormalShutdown, SessionId={503989C4-428F-7744-B098-538D6D372A3D}
[2018.02.10-11.03.08:173][  0]LogInit: Transaction tracking system initialized
[2018.02.10-11.03.08:520][  0]BlueprintLog: New page: Editor Load
[2018.02.10-11.03.09:771][  0]LocalizationService: Localization service is disabled
[2018.02.10-11.03.10:324][  0]LogLinker: Warning: Can't find file '/Game/ThirdPersonBP/ThirdPersonOverview'
[2018.02.10-11.03.10:324][  0]LogLinker: Warning: Can't find file '/Game/ThirdPersonBP/ThirdPersonOverview'
[2018.02.10-11.03.10:324][  0]LogUObjectGlobals: Warning: Failed to find object 'Class /Game/ThirdPersonBP/ThirdPersonOverview.ThirdPersonOverview_C'
[2018.02.10-11.03.10:611][  0]LogConsoleResponse: Display: 
[2018.02.10-11.03.11:979][  0]LogFileCache: Scanning file cache for directory 'C:/Users/Samuel/Desktop/VRTools/VRGunToolKit/Content/' took 0.02s
[2018.02.10-11.03.11:979][  0]LogCook: Display: Max memory allowance for cook 16384mb min free memory 0mb
[2018.02.10-11.03.11:979][  0]LogCook: Display: Mobile HDR setting 1
[2018.02.10-11.03.11:995][  0]LogGameplayTags: Display: UGameplayTagsManager::DoneAddingNativeTags. DelegateIsBound: 0
[2018.02.10-11.03.13:912][  0]SourceControl: Source control is disabled
[2018.02.10-11.03.13:933][  0]Cmd: MAP LOAD FILE="C:/Users/Samuel/Desktop/VRTools/VRGunToolKit/Content/VRGunToolkit/Maps/Welcome.umap" TEMPLATE=0 SHOWPROGRESS=1 FEATURELEVEL=3
[2018.02.10-11.03.13:934][  0]LightingResults: New page: Lighting Build
[2018.02.10-11.03.14:093][  0]MapCheck: New page: Map Check
[2018.02.10-11.03.14:093][  0]LightingResults: New page: Lighting Build
[2018.02.10-11.03.14:411][  0]LogLinker: Warning: Asset 'C:/Users/Samuel/Desktop/VRTools/VRGunToolKit/Content/VRGunToolkit/Sounds/Shells/DropSoundAttenuation.uasset' has been saved with empty engine version. The asset will be loaded but may be incompatible.
[2018.02.10-11.03.14:412][  0]LogLinker: Warning: Asset 'C:/Users/Samuel/Desktop/VRTools/VRGunToolKit/Content/VRGunToolkit/Sounds/Shells/DropSoundConcurrency.uasset' has been saved with empty engine version. The asset will be loaded but may be incompatible.
[2018.02.10-11.03.14:560][  0]LogLinker: Warning: Asset 'C:/Users/Samuel/Desktop/VRTools/VRGunToolKit/Content/VRGunToolkit/Materials/Weapons/GunExamples/M_BlueEmissive.uasset' has been saved with empty engine version. The asset will be loaded but may be incompatible.
[2018.02.10-11.03.14:561][  0]LogLinker: Warning: Asset 'C:/Users/Samuel/Desktop/VRTools/VRGunToolKit/Content/VRGunToolkit/Materials/Weapons/GunExamples/M_Colorful_Mat.uasset' has been saved with empty engine version. The asset will be loaded but may be incompatible.
[2018.02.10-11.03.14:587][  0]LogLinker: Warning: Asset 'C:/Users/Samuel/Desktop/VRTools/VRGunToolKit/Content/VRGunToolkit/Sounds/Shells/MetalicShell/Cue/Cue_ShellDropRandom.uasset' has been saved with empty engine version. The asset will be loaded but may be incompatible.
[2018.02.10-11.03.14:665][  0]LogLinker: Warning: Asset 'C:/Users/Samuel/Desktop/VRTools/VRGunToolKit/Content/VRGunToolkit/Sounds/Magazine/Cue/Cue_MagDropRandom.uasset' has been saved with empty engine version. The asset will be loaded but may be incompatible.
[2018.02.10-11.03.14:972][  0]LogBlueprint: Warning: [Compiler BP_VRrGunHands] ProjectPointToNavigation_DEPRECATED  is deprecated; This version of ProjectPointToNavigation is deprecated. Please use the new version
[2018.02.10-11.03.15:083][  0]LogBlueprint: Warning: [Compiler BP_VRrGunHands] [0084.50] Compile of BP_VRrGunHands successful, but with 1 Warning(s) [in 289 ms] (/Game/VRGunToolkit/Blueprints/Character/BP_VRrGunHands.BP_VRrGunHands)
[2018.02.10-11.03.15:161][  0]LogClass: Warning: Enum '/Game/VRGunToolkit/Blueprints/DemoRoom/BP_DemoDisplay_Enum.BP_DemoDisplay_Enum' was upgraded to use FText to store its display name data. Please re-save this asset to avoid issues with localization and determinstic cooking.
[2018.02.10-11.03.15:438][  0]LogLinker: Warning: Asset 'C:/Users/Samuel/Desktop/VRTools/VRGunToolKit/Content/VRGunToolkit/Materials/Assets/M_Target_Human.uasset' has been saved with empty engine version. The asset will be loaded but may be incompatible.
[2018.02.10-11.03.16:094][  0]LogLinker: Warning: Asset 'C:/Users/Samuel/Desktop/VRTools/VRGunToolKit/Content/VRGunToolkit/Sounds/Magazine/Wav/A_MagDrop01.uasset' has been saved with empty engine version. The asset will be loaded but may be incompatible.
[2018.02.10-11.03.16:228][  0]LogLinker: Warning: Asset 'C:/Users/Samuel/Desktop/VRTools/VRGunToolKit/Content/VRGunToolkit/Sounds/Shells/MetalicShell/Wav/A_ShellDrop0.uasset' has been saved with empty engine version. The asset will be loaded but may be incompatible.
[2018.02.10-11.03.16:229][  0]LogLinker: Warning: Asset 'C:/Users/Samuel/Desktop/VRTools/VRGunToolKit/Content/VRGunToolkit/Sounds/Shells/MetalicShell/Wav/A_ShellDrop01.uasset' has been saved with empty engine version. The asset will be loaded but may be incompatible.
[2018.02.10-11.03.16:231][  0]LogLinker: Warning: Asset 'C:/Users/Samuel/Desktop/VRTools/VRGunToolKit/Content/VRGunToolkit/Sounds/Shells/MetalicShell/Wav/A_ShellDrop02.uasset' has been saved with empty engine version. The asset will be loaded but may be incompatible.
[2018.02.10-11.03.16:233][  0]LogLinker: Warning: Asset 'C:/Users/Samuel/Desktop/VRTools/VRGunToolKit/Content/VRGunToolkit/Sounds/Shells/MetalicShell/Wav/A_ShellDrop03.uasset' has been saved with empty engine version. The asset will be loaded but may be incompatible.
[2018.02.10-11.03.16:235][  0]LogLinker: Warning: Asset 'C:/Users/Samuel/Desktop/VRTools/VRGunToolKit/Content/VRGunToolkit/Sounds/Shells/MetalicShell/Wav/A_ShellDrop04.uasset' has been saved with empty engine version. The asset will be loaded but may be incompatible.
[2018.02.10-11.03.16:237][  0]LogLinker: Warning: Asset 'C:/Users/Samuel/Desktop/VRTools/VRGunToolKit/Content/VRGunToolkit/Sounds/Shells/MetalicShell/Wav/A_ShellDrop05.uasset' has been saved with empty engine version. The asset will be loaded but may be incompatible.
[2018.02.10-11.03.16:238][  0]LogLinker: Warning: Asset 'C:/Users/Samuel/Desktop/VRTools/VRGunToolKit/Content/VRGunToolkit/Sounds/Shells/MetalicShell/Wav/A_ShellDrop06.uasset' has been saved with empty engine version. The asset will be loaded but may be incompatible.
[2018.02.10-11.03.16:240][  0]LogLinker: Warning: Asset 'C:/Users/Samuel/Desktop/VRTools/VRGunToolKit/Content/VRGunToolkit/Sounds/Shells/MetalicShell/Wav/A_ShellDrop07.uasset' has been saved with empty engine version. The asset will be loaded but may be incompatible.
[2018.02.10-11.03.16:242][  0]LogLinker: Warning: Asset 'C:/Users/Samuel/Desktop/VRTools/VRGunToolKit/Content/VRGunToolkit/Sounds/Shells/MetalicShell/Wav/A_ShellDrop08.uasset' has been saved with empty engine version. The asset will be loaded but may be incompatible.
[2018.02.10-11.03.16:244][  0]LogLinker: Warning: Asset 'C:/Users/Samuel/Desktop/VRTools/VRGunToolKit/Content/VRGunToolkit/Sounds/Shells/MetalicShell/Wav/A_ShellDrop09.uasset' has been saved with empty engine version. The asset will be loaded but may be incompatible.
[2018.02.10-11.03.16:246][  0]LogLinker: Warning: Asset 'C:/Users/Samuel/Desktop/VRTools/VRGunToolKit/Content/VRGunToolkit/Sounds/Shells/MetalicShell/Wav/A_ShellDrop10.uasset' has been saved with empty engine version. The asset will be loaded but may be incompatible.
[2018.02.10-11.03.16:248][  0]LogLinker: Warning: Asset 'C:/Users/Samuel/Desktop/VRTools/VRGunToolKit/Content/VRGunToolkit/Sounds/Shells/MetalicShell/Wav/A_ShellDrop11.uasset' has been saved with empty engine version. The asset will be loaded but may be incompatible.
[2018.02.10-11.03.16:250][  0]LogLinker: Warning: Asset 'C:/Users/Samuel/Desktop/VRTools/VRGunToolKit/Content/VRGunToolkit/Sounds/Shells/MetalicShell/Wav/A_ShellDrop12.uasset' has been saved with empty engine version. The asset will be loaded but may be incompatible.
[2018.02.10-11.03.16:252][  0]LogLinker: Warning: Asset 'C:/Users/Samuel/Desktop/VRTools/VRGunToolKit/Content/VRGunToolkit/Sounds/Shells/MetalicShell/Wav/A_ShellDrop13.uasset' has been saved with empty engine version. The asset will be loaded but may be incompatible.
[2018.02.10-11.03.16:254][  0]LogLinker: Warning: Asset 'C:/Users/Samuel/Desktop/VRTools/VRGunToolKit/Content/VRGunToolkit/Sounds/Shells/MetalicShell/Wav/A_ShellDrop14.uasset' has been saved with empty engine version. The asset will be loaded but may be incompatible.
[2018.02.10-11.03.16:256][  0]LogLinker: Warning: Asset 'C:/Users/Samuel/Desktop/VRTools/VRGunToolKit/Content/VRGunToolkit/Sounds/Shells/MetalicShell/Wav/A_ShellDrop15.uasset' has been saved with empty engine version. The asset will be loaded but may be incompatible.
[2018.02.10-11.03.16:258][  0]LogLinker: Warning: Asset 'C:/Users/Samuel/Desktop/VRTools/VRGunToolKit/Content/VRGunToolkit/Sounds/Shells/MetalicShell/Wav/A_ShellDrop16.uasset' has been saved with empty engine version. The asset will be loaded but may be incompatible.
[2018.02.10-11.03.16:260][  0]LogLinker: Warning: Asset 'C:/Users/Samuel/Desktop/VRTools/VRGunToolKit/Content/VRGunToolkit/Sounds/Shells/MetalicShell/Wav/A_ShellDrop17.uasset' has been saved with empty engine version. The asset will be loaded but may be incompatible.
[2018.02.10-11.03.16:261][  0]LogLinker: Warning: Asset 'C:/Users/Samuel/Desktop/VRTools/VRGunToolKit/Content/VRGunToolkit/Sounds/Shells/MetalicShell/Wav/A_ShellDrop18.uasset' has been saved with empty engine version. The asset will be loaded but may be incompatible.
[2018.02.10-11.03.16:263][  0]LogLinker: Warning: Asset 'C:/Users/Samuel/Desktop/VRTools/VRGunToolKit/Content/VRGunToolkit/Sounds/Shells/MetalicShell/Wav/A_ShellDrop19.uasset' has been saved with empty engine version. The asset will be loaded but may be incompatible.
[2018.02.10-11.03.16:265][  0]LogLinker: Warning: Asset 'C:/Users/Samuel/Desktop/VRTools/VRGunToolKit/Content/VRGunToolkit/Sounds/Shells/MetalicShell/Wav/A_ShellDrop010.uasset' has been saved with empty engine version. The asset will be loaded but may be incompatible.
[2018.02.10-11.03.16:266][  0]LogLinker: Warning: Asset 'C:/Users/Samuel/Desktop/VRTools/VRGunToolKit/Content/VRGunToolkit/Sounds/Shells/MetalicShell/Wav/A_ShellDrop20.uasset' has been saved with empty engine version. The asset will be loaded but may be incompatible.
[2018.02.10-11.03.16:268][  0]LogLinker: Warning: Asset 'C:/Users/Samuel/Desktop/VRTools/VRGunToolKit/Content/VRGunToolkit/Sounds/Shells/MetalicShell/Wav/A_ShellDrop21.uasset' has been saved with empty engine version. The asset will be loaded but may be incompatible.
[2018.02.10-11.03.17:375][  0]LogAIModule: Creating AISystem for world Welcome
[2018.02.10-11.03.17:798][  0]LogEditorServer: Finished looking for orphan Actors (0.000 secs)
[2018.02.10-11.03.17:855][  0]Cmd: MAP CHECKDEP NOCLEARLOG
[2018.02.10-11.03.17:920][  0]MapCheck: Map check complete: 0 Error(s), 0 Warning(s), took 65.462ms to complete.
[2018.02.10-11.03.17:920][  0]LogFileHelpers: Loading map 'Welcome' took 3.995
[2018.02.10-11.03.18:816][  0]LogCollectionManager: Loaded 0 collections in 0.001184 seconds
[2018.02.10-11.03.18:943][  0]LogFileCache: Scanning file cache for directory 'C:/Users/Samuel/Desktop/VRTools/VRGunToolKit/Saved/Collections/' took 0.01s
[2018.02.10-11.03.18:943][  0]LogFileCache: Scanning file cache for directory 'C:/Users/Samuel/Desktop/VRTools/VRGunToolKit/Content/Developers/Samuel/Collections/' took 0.01s
[2018.02.10-11.03.18:943][  0]LogFileCache: Scanning file cache for directory 'C:/Users/Samuel/Desktop/VRTools/VRGunToolKit/Content/Collections/' took 0.01s
[2018.02.10-11.03.18:943][  0]LogCollectionManager: Rebuilt the GUID cache for 0 collections in 0.000000 seconds
[2018.02.10-11.03.18:951][  0]LogContentBrowser: Native class hierarchy populated in 0.0067 seconds. Added 2363 classes and 519 folders.
[2018.02.10-11.03.19:029][  0]LogContentBrowser: Native class hierarchy updated for 'WidgetCarousel' in 0.0002 seconds. Added 0 classes and 0 folders.
[2018.02.10-11.03.20:116][  0]LogContentBrowser: Native class hierarchy updated for 'AddContentDialog' in 0.0002 seconds. Added 0 classes and 0 folders.
[2018.02.10-11.03.20:176][  0]LogContentBrowser: Native class hierarchy updated for 'SceneOutliner' in 0.0002 seconds. Added 1 classes and 2 folders.
[2018.02.10-11.03.20:768][  0]LogSlate: Took 0.013520 seconds to synchronously load lazily loaded font '../../../Engine/Content/Slate/Fonts/Roboto-Regular.ttf' (155K)
[2018.02.10-11.03.20:782][  0]LogSlate: Took 0.009835 seconds to synchronously load lazily loaded font '../../../Engine/Content/Slate/Fonts/Roboto-Bold.ttf' (160K)
[2018.02.10-11.03.20:809][  0]LogSlate: Took 0.009220 seconds to synchronously load lazily loaded font '../../../Engine/Content/Editor/Slate/Fonts/FontAwesome.ttf' (139K)
[2018.02.10-11.03.21:094][  0]LogRenderer: Reallocating scene render targets to support 876x500 Format 26 NumSamples 4 (Frame:1).
[2018.02.10-11.03.21:464][  0]LogContentBrowser: Native class hierarchy updated for 'HierarchicalLODOutliner' in 0.0002 seconds. Added 1 classes and 2 folders.
[2018.02.10-11.03.21:464][  0]LogLoad: (Engine Initialization) Total time: 90.88 seconds
[2018.02.10-11.03.21:464][  0]LogLoad: (Engine Initialization) Total Blueprint compile time: 0.00 seconds
[2018.02.10-11.03.21:464][  0]LogExternalProfiler: Found external profiler: VSPerf
[2018.02.10-11.03.21:464][  0]LogExternalProfiler: Using external profiler: VSPerf
[2018.02.10-11.03.21:884][  0]LogContentStreaming: Texture pool size now 1000 MB
[2018.02.10-11.03.22:168][  1]LogAssetRegistry: Asset discovery search completed in 55.4886 seconds
[2018.02.10-11.03.22:170][  1]LogCollectionManager: Rebuilt the object cache for 0 collections in 0.000000 seconds (found 0 objects)
[2018.02.10-11.03.22:170][  1]LogCollectionManager: Fixed up redirectors for 0 collections in 0.000037 seconds (updated 0 objects)
[2018.02.10-11.03.22:835][  3]LogSlate: Took 0.014921 seconds to synchronously load lazily loaded font '../../../Engine/Content/Slate/Fonts/Roboto-Light.ttf' (159K)
[2018.02.10-11.03.44:241][ 67]LogWindowsTextInputMethodSystem: Display: IME system now deactivated.
[2018.02.10-11.03.44:476][ 68]Cmd: QUIT_EDITOR
[2018.02.10-11.03.44:639][ 68]LogExit: Preparing to exit.
[2018.02.10-11.03.45:044][ 68]LogExit: Editor shut down
[2018.02.10-11.03.45:046][ 68]LogExit: Transaction tracking system shut down
[2018.02.10-11.03.45:168][ 68]LogDirectoryWatcher: A directory notification for '../../../Engine/Content/' was aborted.
[2018.02.10-11.03.45:168][ 68]LogDirectoryWatcher: A directory notification for 'C:/Users/Samuel/Desktop/VRTools/VRGunToolKit/Content/' was aborted.
[2018.02.10-11.03.45:168][ 68]LogDirectoryWatcher: A directory notification for '../../../Engine/Plugins/2D/Paper2D/Content/' was aborted.
[2018.02.10-11.03.45:168][ 68]LogDirectoryWatcher: A directory notification for '../../../Engine/Plugins/Media/MediaCompositing/Content/' was aborted.
[2018.02.10-11.03.45:168][ 68]LogDirectoryWatcher: A directory notification for '../../../Engine/Plugins/Runtime/AppleARKit/Content/' was aborted.
[2018.02.10-11.03.45:169][ 68]LogDirectoryWatcher: A directory notification for '../../../Engine/Plugins/Runtime/Oculus/OculusVR/Content/' was aborted.
[2018.02.10-11.03.45:169][ 68]LogDirectoryWatcher: A directory notification for '../../../Engine/Plugins/Runtime/Steam/SteamVR/Content/' was aborted.
[2018.02.10-11.03.45:405][ 68]LogExit: Object subsystem successfully closed.
[2018.02.10-11.03.45:565][ 68]LogD3D11RHI: Shutdown
[2018.02.10-11.03.45:565][ 68]LogD3D11RHI: CleanupD3DDevice
[2018.02.10-11.03.45:583][ 68]LogD3D11RHI: ~FD3D11DynamicRHI
[2018.02.10-11.03.45:701][ 68]LogModuleManager: Shutting down and abandoning module HierarchicalLODOutliner (548)
[2018.02.10-11.03.45:701][ 68]LogModuleManager: Shutting down and abandoning module SceneOutliner (546)
[2018.02.10-11.03.45:701][ 68]LogModuleManager: Shutting down and abandoning module AddContentDialog (544)
[2018.02.10-11.03.45:706][ 68]LogDirectoryWatcher: A directory notification for 'D:/Archive/UE_4.18/FeaturePacks/' was aborted.
[2018.02.10-11.03.45:706][ 68]LogModuleManager: Shutting down and abandoning module WidgetCarousel (543)
[2018.02.10-11.03.45:706][ 68]LogModuleManager: Shutting down and abandoning module EditorWidgets (540)
[2018.02.10-11.03.45:706][ 68]LogModuleManager: Shutting down and abandoning module CollectionManager (538)
[2018.02.10-11.03.45:706][ 68]LogDirectoryWatcher: A directory notification for 'C:/Users/Samuel/Desktop/VRTools/VRGunToolKit/Content/Collections/' was aborted.
[2018.02.10-11.03.45:706][ 68]LogDirectoryWatcher: A directory notification for 'C:/Users/Samuel/Desktop/VRTools/VRGunToolKit/Content/Developers/Samuel/Collections/' was aborted.
[2018.02.10-11.03.45:706][ 68]LogDirectoryWatcher: A directory notification for 'C:/Users/Samuel/Desktop/VRTools/VRGunToolKit/Saved/Collections/' was aborted.
[2018.02.10-11.03.45:707][ 68]LogModuleManager: Shutting down and abandoning module StatsViewer (536)
[2018.02.10-11.03.45:707][ 68]LogModuleManager: Shutting down and abandoning module FoliageEdit (534)
[2018.02.10-11.03.45:707][ 68]LogModuleManager: Shutting down and abandoning module LandscapeEditor (532)
[2018.02.10-11.03.45:713][ 68]LogModuleManager: Shutting down and abandoning module MeshPaintMode (530)
[2018.02.10-11.03.45:713][ 68]LogModuleManager: Shutting down and abandoning module SceneDepthPickerMode (528)
[2018.02.10-11.03.45:713][ 68]LogModuleManager: Shutting down and abandoning module ActorPickerMode (526)
[2018.02.10-11.03.45:713][ 68]LogModuleManager: Shutting down and abandoning module GeometryMode (524)
[2018.02.10-11.03.45:713][ 68]LogModuleManager: Shutting down and abandoning module TextureAlignMode (522)
[2018.02.10-11.03.45:713][ 68]LogModuleManager: Shutting down and abandoning module BspMode (520)
[2018.02.10-11.03.45:713][ 68]LogModuleManager: Shutting down and abandoning module PIEPreviewDeviceProfileSelector (518)
[2018.02.10-11.03.45:713][ 68]LogModuleManager: Shutting down and abandoning module HardwareSurvey (516)
[2018.02.10-11.03.45:713][ 68]LogModuleManager: Shutting down and abandoning module SequenceRecorderSections (514)
[2018.02.10-11.03.45:713][ 68]LogModuleManager: Shutting down and abandoning module AutomationWorker (512)
[2018.02.10-11.03.45:713][ 68]LogModuleManager: Shutting down and abandoning module MatineeToLevelSequence (510)
[2018.02.10-11.03.45:713][ 68]LogModuleManager: Shutting down and abandoning module LevelSequenceEditor (508)
[2018.02.10-11.03.45:713][ 68]LogModuleManager: Shutting down and abandoning module PlacementMode (507)
[2018.02.10-11.03.45:713][ 68]LogModuleManager: Shutting down and abandoning module WmfMediaFactory (504)
[2018.02.10-11.03.45:713][ 68]LogModuleManager: Shutting down and abandoning module WmfMediaEditor (502)
[2018.02.10-11.03.45:713][ 68]LogModuleManager: Shutting down and abandoning module OpenExrWrapper (500)
[2018.02.10-11.03.45:713][ 68]LogModuleManager: Shutting down and abandoning module ImgMediaFactory (498)
[2018.02.10-11.03.45:713][ 68]LogModuleManager: Shutting down and abandoning module ImgMediaEditor (496)
[2018.02.10-11.03.45:713][ 68]LogModuleManager: Shutting down and abandoning module AvfMediaFactory (494)
[2018.02.10-11.03.45:713][ 68]LogModuleManager: Shutting down and abandoning module AvfMediaEditor (492)
[2018.02.10-11.03.45:713][ 68]LogModuleManager: Shutting down and abandoning module AndroidMediaFactory (490)
[2018.02.10-11.03.45:713][ 68]LogModuleManager: Shutting down and abandoning module AndroidMediaEditor (488)
[2018.02.10-11.03.45:713][ 68]LogModuleManager: Shutting down and abandoning module CharacterAI (486)
[2018.02.10-11.03.45:713][ 68]LogModuleManager: Shutting down and abandoning module AudioCapture (484)
[2018.02.10-11.03.45:713][ 68]LogModuleManager: Shutting down and abandoning module SequenceRecorder (483)
[2018.02.10-11.03.45:713][ 68]LogModuleManager: Shutting down and abandoning module SmartSnapping (480)
[2018.02.10-11.03.45:713][ 68]LogModuleManager: Shutting down and abandoning module SessionServices (478)
[2018.02.10-11.03.45:713][ 68]LogModuleManager: Shutting down and abandoning module ViewportSnapping (476)
[2018.02.10-11.03.45:713][ 68]LogModuleManager: Shutting down and abandoning module ViewportInteraction (474)
[2018.02.10-11.03.45:713][ 68]LogModuleManager: Shutting down and abandoning module ClothPainter (472)
[2018.02.10-11.03.45:713][ 68]LogModuleManager: Shutting down and abandoning module SkeletalMeshEditor (471)
[2018.02.10-11.03.45:714][ 68]LogModuleManager: Shutting down and abandoning module LogVisualizer (468)
[2018.02.10-11.03.45:714][ 68]LogModuleManager: Shutting down and abandoning module IntroTutorials (466)
[2018.02.10-11.03.45:714][ 68]LogModuleManager: Shutting down and abandoning module GameProjectGeneration (465)
[2018.02.10-11.03.45:715][ 68]LogModuleManager: Shutting down and abandoning module IOSPlatformEditor (462)
[2018.02.10-11.03.45:715][ 68]LogModuleManager: Shutting down and abandoning module HTML5PlatformEditor (460)
[2018.02.10-11.03.45:715][ 68]LogModuleManager: Shutting down and abandoning module AndroidPlatformEditor (458)
[2018.02.10-11.03.45:715][ 68]LogModuleManager: Shutting down and abandoning module AndroidDeviceDetection (457)
[2018.02.10-11.03.46:190][ 68]LogModuleManager: Shutting down and abandoning module WindowsPlatformEditor (454)
[2018.02.10-11.03.46:190][ 68]LogModuleManager: Shutting down and abandoning module IOSRuntimeSettings (452)
[2018.02.10-11.03.46:190][ 68]LogModuleManager: Shutting down and abandoning module AndroidRuntimeSettings (450)
[2018.02.10-11.03.46:190][ 68]LogModuleManager: Shutting down and abandoning module InputBindingEditor (448)
[2018.02.10-11.03.46:190][ 68]LogModuleManager: Shutting down and abandoning module MergeActors (446)
[2018.02.10-11.03.46:198][ 68]LogModuleManager: Shutting down and abandoning module SizeMap (444)
[2018.02.10-11.03.46:198][ 68]LogModuleManager: Shutting down and abandoning module TreeMap (442)
[2018.02.10-11.03.46:198][ 68]LogModuleManager: Shutting down and abandoning module ReferenceViewer (440)
[2018.02.10-11.03.46:198][ 68]LogModuleManager: Shutting down and abandoning module LocalizationDashboard (438)
[2018.02.10-11.03.46:211][ 68]LogModuleManager: Shutting down and abandoning module LocalizationService (437)
[2018.02.10-11.03.46:211][ 68]LogModuleManager: Shutting down and abandoning module HardwareTargeting (434)
[2018.02.10-11.03.46:211][ 68]LogModuleManager: Shutting down and abandoning module DeviceProfileEditor (432)
[2018.02.10-11.03.46:211][ 68]LogModuleManager: Shutting down and abandoning module UndoHistory (430)
[2018.02.10-11.03.46:211][ 68]LogModuleManager: Shutting down and abandoning module XmlParser (428)
[2018.02.10-11.03.46:211][ 68]LogModuleManager: Shutting down and abandoning module Blutility (426)
[2018.02.10-11.03.46:211][ 68]LogModuleManager: Shutting down and abandoning module ProjectSettingsViewer (424)
[2018.02.10-11.03.46:211][ 68]LogModuleManager: Shutting down and abandoning module ProjectTargetPlatformEditor (423)
[2018.02.10-11.03.46:211][ 68]LogModuleManager: Shutting down and abandoning module EditorSettingsViewer (420)
[2018.02.10-11.03.46:211][ 68]LogModuleManager: Shutting down and abandoning module SettingsEditor (418)
[2018.02.10-11.03.46:217][ 68]LogModuleManager: Shutting down and abandoning module ProjectLauncher (416)
[2018.02.10-11.03.46:228][ 68]LogModuleManager: Shutting down and abandoning module SessionFrontend (414)
[2018.02.10-11.03.46:228][ 68]LogModuleManager: Shutting down and abandoning module ProfilerClient (412)
[2018.02.10-11.03.46:233][ 68]LogModuleManager: Shutting down and abandoning module DeviceManager (410)
[2018.02.10-11.03.46:233][ 68]LogModuleManager: Shutting down and abandoning module TargetDeviceServices (409)
[2018.02.10-11.03.46:297][ 68]LogModuleManager: Shutting down and abandoning module AutomationController (406)
[2018.02.10-11.03.46:305][ 68]LogModuleManager: Shutting down and abandoning module AutomationWindow (404)
[2018.02.10-11.03.46:318][ 68]LogModuleManager: Shutting down and abandoning module Layers (402)
[2018.02.10-11.03.46:322][ 68]LogModuleManager: Shutting down and abandoning module ComponentVisualizers (400)
[2018.02.10-11.03.46:322][ 68]LogModuleManager: Shutting down and abandoning module DetailCustomizations (398)
[2018.02.10-11.03.46:322][ 68]LogModuleManager: Shutting down and abandoning module PackagesDialog (396)
[2018.02.10-11.03.46:322][ 68]LogModuleManager: Shutting down and abandoning module Persona (394)
[2018.02.10-11.03.46:347][ 68]LogModuleManager: Shutting down and abandoning module AdvancedPreviewScene (393)
[2018.02.10-11.03.46:347][ 68]LogModuleManager: Shutting down and abandoning module AnimGraph (391)
[2018.02.10-11.03.46:347][ 68]LogModuleManager: Shutting down and abandoning module Kismet (388)
[2018.02.10-11.03.46:349][ 68]LogModuleManager: Shutting down and abandoning module ClassViewer (386)
[2018.02.10-11.03.46:349][ 68]LogModuleManager: Shutting down and abandoning module Toolbox (384)
[2018.02.10-11.03.46:349][ 68]LogModuleManager: Shutting down and abandoning module ModuleUI (382)
[2018.02.10-11.03.46:356][ 68]LogModuleManager: Shutting down and abandoning module MovieSceneTools (380)
[2018.02.10-11.03.46:362][ 68]LogModuleManager: Shutting down and abandoning module OutputLog (378)
[2018.02.10-11.03.46:362][ 68]LogModuleManager: Shutting down and abandoning module GammaUI (376)
[2018.02.10-11.03.46:369][ 68]LogModuleManager: Shutting down and abandoning module Documentation (374)
[2018.02.10-11.03.46:369][ 68]LogModuleManager: Shutting down and abandoning module MovieSceneTracks (372)
[2018.02.10-11.03.46:369][ 68]LogModuleManager: Shutting down and abandoning module MovieScene (370)
[2018.02.10-11.03.46:369][ 68]LogModuleManager: Shutting down and abandoning module StreamingPauseRendering (368)
[2018.02.10-11.03.46:369][ 68]LogModuleManager: Shutting down and abandoning module LauncherPlatform (366)
[2018.02.10-11.03.46:369][ 68]LogModuleManager: Shutting down and abandoning module AnalyticsET (364)
[2018.02.10-11.03.46:369][ 68]LogModuleManager: Shutting down and abandoning module PortalServices (362)
[2018.02.10-11.03.46:369][ 68]LogModuleManager: Shutting down and abandoning module PortalRpc (360)
[2018.02.10-11.03.46:369][ 68]LogModuleManager: Shutting down and abandoning module MessagingRpc (358)
[2018.02.10-11.03.46:369][ 68]LogModuleManager: Shutting down and abandoning module AIModule (356)
[2018.02.10-11.03.46:369][ 68]LogModuleManager: Shutting down and abandoning module GameplayDebugger (355)
[2018.02.10-11.03.46:369][ 68]LogModuleManager: Shutting down and abandoning module AITestSuite (353)
[2018.02.10-11.03.46:369][ 68]LogModuleManager: Shutting down and abandoning module DesktopPlatform (350)
[2018.02.10-11.03.46:369][ 68]LogModuleManager: Shutting down and abandoning module ProfilerService (348)
[2018.02.10-11.03.46:513][ 68]LogModuleManager: Shutting down and abandoning module TaskGraph (346)
[2018.02.10-11.03.46:513][ 68]LogModuleManager: Shutting down and abandoning module SteamVRController (344)
[2018.02.10-11.03.46:513][ 68]LogModuleManager: Shutting down and abandoning module ProceduralMeshComponentEditor (342)
[2018.02.10-11.03.46:513][ 68]LogModuleManager: Shutting down and abandoning module ProceduralMeshComponent (340)
[2018.02.10-11.03.46:513][ 68]LogModuleManager: Shutting down and abandoning module OculusInput (338)
[2018.02.10-11.03.46:513][ 68]LogModuleManager: Shutting down and abandoning module MobilePatchingUtils (336)
[2018.02.10-11.03.46:513][ 68]LogModuleManager: Shutting down and abandoning module CustomMeshComponent (334)
[2018.02.10-11.03.46:513][ 68]LogModuleManager: Shutting down and abandoning module CableComponent (332)
[2018.02.10-11.03.46:513][ 68]LogModuleManager: Shutting down and abandoning module ArchVisCharacter (330)
[2018.02.10-11.03.46:513][ 68]LogModuleManager: Shutting down and abandoning module AndroidPermission (328)
[2018.02.10-11.03.46:513][ 68]LogModuleManager: Shutting down and abandoning module ActorSequence (324)
[2018.02.10-11.03.46:513][ 68]LogModuleManager: Shutting down and abandoning module MediaPlayerEditor (322)
[2018.02.10-11.03.46:513][ 68]LogModuleManager: Shutting down and abandoning module MediaCompositingEditor (320)
[2018.02.10-11.03.46:513][ 68]LogModuleManager: Shutting down and abandoning module MediaCompositing (318)
[2018.02.10-11.03.46:513][ 68]LogModuleManager: Shutting down and abandoning module HTML5Networking (316)
[2018.02.10-11.03.46:513][ 68]LogModuleManager: Shutting down and abandoning module AlembicImporter (314)
[2018.02.10-11.03.46:513][ 68]LogModuleManager: Shutting down and abandoning module AlembicLibrary (313)
[2018.02.10-11.03.46:513][ 68]LogModuleManager: Shutting down and abandoning module GeometryCache (312)
[2018.02.10-11.03.46:513][ 68]LogModuleManager: Shutting down and abandoning module GeometryCacheEd (311)
[2018.02.10-11.03.46:513][ 68]LogModuleManager: Shutting down and abandoning module SpeedTreeImporter (306)
[2018.02.10-11.03.46:513][ 68]LogModuleManager: Shutting down and abandoning module PluginBrowser (304)
[2018.02.10-11.03.46:514][ 68]LogModuleManager: Shutting down and abandoning module MobileLauncherProfileWizard (302)
[2018.02.10-11.03.46:514][ 68]LogModuleManager: Shutting down and abandoning module VisualStudioSourceCodeAccess (300)
[2018.02.10-11.03.46:514][ 68]LogModuleManager: Shutting down and abandoning module VisualStudioCodeSourceCodeAccess (298)
[2018.02.10-11.03.46:514][ 68]LogModuleManager: Shutting down and abandoning module UObjectPlugin (296)
[2018.02.10-11.03.46:514][ 68]LogModuleManager: Shutting down and abandoning module SubversionSourceControl (294)
[2018.02.10-11.03.46:514][ 68]LogModuleManager: Shutting down and abandoning module PerforceSourceControl (292)
[2018.02.10-11.03.46:514][ 68]LogModuleManager: Shutting down and abandoning module GitSourceControl (290)
[2018.02.10-11.03.46:514][ 68]LogModuleManager: Shutting down and abandoning module SourceControl (289)
[2018.02.10-11.03.46:514][ 68]LogModuleManager: Shutting down and abandoning module LightPropagationVolumeEditor (286)
[2018.02.10-11.03.46:514][ 68]LogModuleManager: Shutting down and abandoning module PaperTiledImporter (284)
[2018.02.10-11.03.46:514][ 68]LogModuleManager: Shutting down and abandoning module PaperSpriteSheetImporter (282)
[2018.02.10-11.03.46:514][ 68]LogModuleManager: Shutting down and abandoning module Paper2DEditor (280)
[2018.02.10-11.03.46:514][ 68]LogModuleManager: Shutting down and abandoning module MeshPaint (279)
[2018.02.10-11.03.46:514][ 68]LogModuleManager: Shutting down and abandoning module LevelEditor (277)
[2018.02.10-11.03.46:515][ 68]LogModuleManager: Shutting down and abandoning module PixelInspectorModule (276)
[2018.02.10-11.03.46:515][ 68]LogModuleManager: Shutting down and abandoning module MainFrame (274)
[2018.02.10-11.03.46:515][ 68]LogModuleManager: Shutting down and abandoning module HotReload (273)
[2018.02.10-11.03.46:515][ 68]LogModuleManager: Shutting down and abandoning module RuntimePhysXCooking (268)
[2018.02.10-11.03.46:515][ 68]LogModuleManager: Shutting down and abandoning module PhysXVehiclesEditor (266)
[2018.02.10-11.03.46:515][ 68]LogModuleManager: Shutting down and abandoning module PhysXVehicles (264)
[2018.02.10-11.03.46:515][ 68]LogModuleManager: Shutting down and abandoning module OculusEditor (262)
[2018.02.10-11.03.46:515][ 68]LogModuleManager: Shutting down and abandoning module LocationServicesBPLibrary (260)
[2018.02.10-11.03.46:515][ 68]LogModuleManager: Shutting down and abandoning module ImmediatePhysicsEditor (258)
[2018.02.10-11.03.46:515][ 68]LogModuleManager: Shutting down and abandoning module ImmediatePhysics (256)
[2018.02.10-11.03.46:515][ 68]LogModuleManager: Shutting down and abandoning module UdpMessaging (254)
[2018.02.10-11.03.46:616][ 68]LogModuleManager: Shutting down and abandoning module TcpMessaging (252)
[2018.02.10-11.03.46:716][ 68]LogModuleManager: Shutting down and abandoning module GameplayTagsEditor (250)
[2018.02.10-11.03.46:716][ 68]LogModuleManager: Shutting down and abandoning module FacialAnimationEditor (248)
[2018.02.10-11.03.46:716][ 68]LogModuleManager: Shutting down and abandoning module FacialAnimation (246)
[2018.02.10-11.03.46:716][ 68]LogModuleManager: Shutting down and abandoning module AssetManagerEditor (244)
[2018.02.10-11.03.46:716][ 68]LogModuleManager: Shutting down and abandoning module GraphEditor (243)
[2018.02.10-11.03.46:730][ 68]LogModuleManager: Shutting down and abandoning module ContentBrowser (241)
[2018.02.10-11.03.46:730][ 68]LogModuleManager: Shutting down and abandoning module LightPropagationVolumeRuntime (238)
[2018.02.10-11.03.46:730][ 68]LogModuleManager: Shutting down and abandoning module Paper2D (236)
[2018.02.10-11.03.46:730][ 68]LogModuleManager: Shutting down and abandoning module WindowsMoviePlayer (234)
[2018.02.10-11.03.46:730][ 68]LogModuleManager: Shutting down and abandoning module WmfMedia (232)
[2018.02.10-11.03.46:732][ 68]LogModuleManager: Shutting down and abandoning module ImgMedia (230)
[2018.02.10-11.03.46:732][ 68]LogModuleManager: Shutting down and abandoning module PacketHandler (228)
[2018.02.10-11.03.46:732][ 68]LogModuleManager: Shutting down and abandoning module ClothingSystemEditor (226)
[2018.02.10-11.03.46:732][ 68]LogModuleManager: Shutting down and abandoning module ClothingSystemRuntime (224)
[2018.02.10-11.03.46:738][ 68]LogModuleManager: Shutting down and abandoning module MediaAssets (222)
[2018.02.10-11.03.46:738][ 68]LogModuleManager: Shutting down and abandoning module Media (221)
[2018.02.10-11.03.46:744][ 68]LogModuleManager: Shutting down and abandoning module Overlay (218)
[2018.02.10-11.03.46:744][ 68]LogModuleManager: Shutting down and abandoning module OverlayEditor (217)
[2018.02.10-11.03.46:744][ 68]LogModuleManager: Shutting down and abandoning module VREditor (214)
[2018.02.10-11.03.46:744][ 68]LogModuleManager: Shutting down and abandoning module StringTableEditor (212)
[2018.02.10-11.03.46:755][ 68]LogModuleManager: Shutting down and abandoning module GameplayTasksEditor (210)
[2018.02.10-11.03.46:755][ 68]LogModuleManager: Shutting down and abandoning module BehaviorTreeEditor (208)
[2018.02.10-11.03.46:763][ 68]LogModuleManager: Shutting down and abandoning module FunctionalTesting (206)
[2018.02.10-11.03.46:763][ 68]LogModuleManager: Shutting down and abandoning module CollisionAnalyzer (204)
[2018.02.10-11.03.46:763][ 68]LogModuleManager: Shutting down and abandoning module WorkspaceMenuStructure (203)
[2018.02.10-11.03.46:763][ 68]LogModuleManager: Shutting down and abandoning module UMG (200)
[2018.02.10-11.03.46:763][ 68]LogModuleManager: Shutting down and abandoning module UMGEditor (199)
[2018.02.10-11.03.46:771][ 68]LogModuleManager: Shutting down and abandoning module Sequencer (198)
[2018.02.10-11.03.46:776][ 68]LogModuleManager: Shutting down and abandoning module MessageLog (195)
[2018.02.10-11.03.46:776][ 68]LogModuleManager: Shutting down and abandoning module SlateReflector (190)
[2018.02.10-11.03.46:854][ 68]LogModuleManager: Shutting down and abandoning module Slate (188)
[2018.02.10-11.03.46:854][ 68]LogModuleManager: Shutting down and abandoning module EditorStyle (186)
[2018.02.10-11.03.46:855][ 68]LogModuleManager: Shutting down and abandoning module MRMesh (184)
[2018.02.10-11.03.46:856][ 68]LogModuleManager: Shutting down and abandoning module SourceCodeAccess (182)
[2018.02.10-11.03.46:856][ 68]LogModuleManager: Shutting down and abandoning module HeadMountedDisplay (180)
[2018.02.10-11.03.46:856][ 68]LogModuleManager: Shutting down and abandoning module XAudio2 (178)
[2018.02.10-11.03.46:856][ 68]LogModuleManager: Shutting down and abandoning module Networking (176)
[2018.02.10-11.03.46:856][ 68]LogModuleManager: Shutting down and abandoning module Core (172)
[2018.02.10-11.03.46:856][ 68]LogModuleManager: Shutting down and abandoning module LevelSequence (168)
[2018.02.10-11.03.46:856][ 68]LogModuleManager: Shutting down and abandoning module DirectoryWatcher (166)
[2018.02.10-11.03.46:856][ 68]LogModuleManager: Shutting down and abandoning module KismetCompiler (164)
[2018.02.10-11.03.46:856][ 68]LogModuleManager: Shutting down and abandoning module MeshUtilities (162)
[2018.02.10-11.03.46:865][ 68]LogModuleManager: Shutting down and abandoning module MeshMergeUtilities (161)
[2018.02.10-11.03.46:865][ 68]LogModuleManager: Shutting down and abandoning module MeshReductionInterface (160)
[2018.02.10-11.03.46:865][ 68]LogModuleManager: Shutting down and abandoning module SimplygonSwarm (159)
[2018.02.10-11.03.46:879][ 68]LogModuleManager: Shutting down and abandoning module SimplygonMeshReduction (157)
[2018.02.10-11.03.46:879][ 68]LogModuleManager: Shutting down and abandoning module QuadricMeshReduction (155)
[2018.02.10-11.03.46:879][ 68]LogModuleManager: Shutting down and abandoning module MaterialBaking (151)
[2018.02.10-11.03.46:879][ 68]LogModuleManager: Shutting down and abandoning module DerivedDataCache (148)
[2018.02.10-11.03.46:901][ 68]LogDerivedDataCache: Shutdown
[2018.02.10-11.03.46:902][ 68]LogModuleManager: Shutting down and abandoning module TargetPlatform (146)
[2018.02.10-11.03.46:902][ 68]LogModuleManager: Shutting down and abandoning module VulkanShaderFormat (145)
[2018.02.10-11.03.46:902][ 68]LogModuleManager: Shutting down and abandoning module ShaderFormatVectorVM (143)
[2018.02.10-11.03.46:911][ 68]LogModuleManager: Shutting down and abandoning module ShaderFormatOpenGL (141)
[2018.02.10-11.03.46:921][ 68]LogModuleManager: Shutting down and abandoning module ShaderFormatD3D (139)
[2018.02.10-11.03.46:921][ 68]LogModuleManager: Shutting down and abandoning module MetalShaderFormat (137)
[2018.02.10-11.03.46:921][ 68]LogModuleManager: Shutting down and abandoning module TextureFormatUncompressed (135)
[2018.02.10-11.03.46:921][ 68]LogModuleManager: Shutting down and abandoning module TextureFormatPVR (133)
[2018.02.10-11.03.46:921][ 68]LogModuleManager: Shutting down and abandoning module TextureFormatDXT (131)
[2018.02.10-11.03.46:921][ 68]LogModuleManager: Shutting down and abandoning module TextureFormatIntelISPCTexComp (129)
[2018.02.10-11.03.46:921][ 68]LogModuleManager: Shutting down and abandoning module TextureFormatASTC (127)
[2018.02.10-11.03.46:921][ 68]LogModuleManager: Shutting down and abandoning module ImageWrapper (126)
[2018.02.10-11.03.46:921][ 68]LogModuleManager: Shutting down and abandoning module TextureFormatAndroid (123)
[2018.02.10-11.03.46:921][ 68]LogModuleManager: Shutting down and abandoning module AudioFormatOpus (121)
[2018.02.10-11.03.46:921][ 68]LogModuleManager: Shutting down and abandoning module AudioFormatOgg (119)
[2018.02.10-11.03.46:922][ 68]LogModuleManager: Shutting down and abandoning module AudioFormatADPCM (117)
[2018.02.10-11.03.46:922][ 68]LogModuleManager: Shutting down and abandoning module LinuxTargetPlatform (115)
[2018.02.10-11.03.46:922][ 68]LogModuleManager: Shutting down and abandoning module LinuxServerTargetPlatform (113)
[2018.02.10-11.03.46:922][ 68]LogModuleManager: Shutting down and abandoning module LinuxNoEditorTargetPlatform (111)
[2018.02.10-11.03.46:922][ 68]LogModuleManager: Shutting down and abandoning module LinuxClientTargetPlatform (109)
[2018.02.10-11.03.46:922][ 68]LogModuleManager: Shutting down and abandoning module TVOSTargetPlatform (107)
[2018.02.10-11.03.46:922][ 68]LogModuleManager: Shutting down and abandoning module Messaging (105)
[2018.02.10-11.03.46:922][ 68]LogModuleManager: Shutting down and abandoning module IOSTargetPlatform (103)
[2018.02.10-11.03.46:922][ 68]LogModuleManager: Shutting down and abandoning module HTML5TargetPlatform (101)
[2018.02.10-11.03.46:922][ 68]LogModuleManager: Shutting down and abandoning module AndroidTargetPlatform (99)
[2018.02.10-11.03.46:922][ 68]LogModuleManager: Shutting down and abandoning module Android_PVRTCTargetPlatform (97)
[2018.02.10-11.03.46:922][ 68]LogModuleManager: Shutting down and abandoning module Android_MultiTargetPlatform (95)
[2018.02.10-11.03.46:922][ 68]LogModuleManager: Shutting down and abandoning module Android_ETC2TargetPlatform (93)
[2018.02.10-11.03.46:922][ 68]LogModuleManager: Shutting down and abandoning module Android_ETC1TargetPlatform (91)
[2018.02.10-11.03.46:922][ 68]LogModuleManager: Shutting down and abandoning module Android_DXTTargetPlatform (89)
[2018.02.10-11.03.46:922][ 68]LogModuleManager: Shutting down and abandoning module Android_ATCTargetPlatform (87)
[2018.02.10-11.03.46:922][ 68]LogModuleManager: Shutting down and abandoning module Android_ASTCTargetPlatform (85)
[2018.02.10-11.03.46:922][ 68]LogModuleManager: Shutting down and abandoning module WindowsTargetPlatform (83)
[2018.02.10-11.03.46:922][ 68]LogModuleManager: Shutting down and abandoning module WindowsServerTargetPlatform (81)
[2018.02.10-11.03.46:922][ 68]LogModuleManager: Shutting down and abandoning module WindowsNoEditorTargetPlatform (79)
[2018.02.10-11.03.46:922][ 68]LogModuleManager: Shutting down and abandoning module WindowsClientTargetPlatform (77)
[2018.02.10-11.03.46:922][ 68]LogModuleManager: Shutting down and abandoning module MacTargetPlatform (75)
[2018.02.10-11.03.46:922][ 68]LogModuleManager: Shutting down and abandoning module MacServerTargetPlatform (73)
[2018.02.10-11.03.46:922][ 68]LogModuleManager: Shutting down and abandoning module MacNoEditorTargetPlatform (71)
[2018.02.10-11.03.46:922][ 68]LogModuleManager: Shutting down and abandoning module MacClientTargetPlatform (69)
[2018.02.10-11.03.46:922][ 68]LogModuleManager: Shutting down and abandoning module AllDesktopTargetPlatform (67)
[2018.02.10-11.03.46:922][ 68]LogModuleManager: Shutting down and abandoning module InputCore (64)
[2018.02.10-11.03.46:922][ 68]LogModuleManager: Shutting down and abandoning module Settings (62)
[2018.02.10-11.03.46:922][ 68]LogModuleManager: Shutting down and abandoning module PhysXCooking (60)
[2018.02.10-11.03.46:922][ 68]LogModuleManager: Shutting down and abandoning module SteamVR (58)
[2018.02.10-11.03.46:922][ 68]LogModuleManager: Shutting down and abandoning module OculusHMD (56)
[2018.02.10-11.03.46:922][ 68]LogModuleManager: Shutting down and abandoning module ExampleDeviceProfileSelector (54)
[2018.02.10-11.03.46:922][ 68]LogModuleManager: Shutting down and abandoning module AppleARKit (52)
[2018.02.10-11.03.46:922][ 68]LogModuleManager: Shutting down and abandoning module AugmentedReality (51)
[2018.02.10-11.03.46:922][ 68]LogModuleManager: Shutting down and abandoning module OnlineBlueprintSupport (48)
[2018.02.10-11.03.46:922][ 68]LogModuleManager: Shutting down and abandoning module OnlineSubsystem (44)
[2018.02.10-11.03.46:922][ 68]LogModuleManager: Shutting down and abandoning module XMPP (43)
[2018.02.10-11.03.46:936][ 68]LogModuleManager: Shutting down and abandoning module HTTP (41)
[2018.02.10-11.03.46:936][ 68]LogHttp: Display: Http module shutting down, but needs to wait on 1 outstanding Http requests:
[2018.02.10-11.03.46:936][ 68]LogHttp: Display: 	verb=[POST] url=[https://datarouter.ol.epicgames.com/datarouter/api/v1/public/data?SessionID=%7B3779E57E-474B-49A2-4C51-0C86FDC05D86%7D&AppID=UEEditor.Rocket.Release&AppVersion=4.18.2-3794801%2B%2B%2BUE4%2BRelease-4.18&UserID=290c2354446e54183ea6b194097f7019%7C6877d35b138c4ce886702a5020ca082c%7C92f7702c-00cd-440a-b7e2-c43d04c5157b&AppEnvironment=datacollector-binary&UploadType=eteventstream] status=Processing
[2018.02.10-11.03.46:937][ 68]LogHttp: Display: Sleeping 0.5s to wait for 1 outstanding Http requests.
[2018.02.10-11.03.47:450][ 68]LogModuleManager: Shutting down and abandoning module SSL (40)
[2018.02.10-11.03.47:451][ 68]LogModuleManager: Shutting down and abandoning module AnimationModifiers (36)
[2018.02.10-11.03.47:451][ 68]LogModuleManager: Shutting down and abandoning module PropertyEditor (35)
[2018.02.10-11.03.47:451][ 68]LogModuleManager: Shutting down and abandoning module AudioEditor (32)
[2018.02.10-11.03.47:458][ 68]LogModuleManager: Shutting down and abandoning module TextureCompressor (30)
[2018.02.10-11.03.47:458][ 68]LogModuleManager: Shutting down and abandoning module ShaderCore (28)
[2018.02.10-11.03.47:458][ 68]LogModuleManager: Shutting down and abandoning module Landscape (26)
[2018.02.10-11.03.47:458][ 68]LogModuleManager: Shutting down and abandoning module SlateRHIRenderer (24)
[2018.02.10-11.03.47:463][ 68]LogModuleManager: Shutting down and abandoning module OpenGLDrv (22)
[2018.02.10-11.03.47:463][ 68]LogModuleManager: Shutting down and abandoning module D3D11RHI (20)
[2018.02.10-11.03.47:463][ 68]LogModuleManager: Shutting down and abandoning module AnimGraphRuntime (18)
[2018.02.10-11.03.47:463][ 68]LogModuleManager: Shutting down and abandoning module Renderer (16)
[2018.02.10-11.03.47:463][ 68]LogModuleManager: Shutting down and abandoning module Engine (14)
[2018.02.10-11.03.47:463][ 68]LogModuleManager: Shutting down and abandoning module CoreUObject (12)
[2018.02.10-11.03.47:463][ 68]LogModuleManager: Shutting down and abandoning module NetworkFile (10)
[2018.02.10-11.03.47:463][ 68]LogModuleManager: Shutting down and abandoning module CookedIterativeFile (8)
[2018.02.10-11.03.47:463][ 68]LogModuleManager: Shutting down and abandoning module StreamingFile (6)
[2018.02.10-11.03.47:463][ 68]LogModuleManager: Shutting down and abandoning module SandboxFile (4)
[2018.02.10-11.03.47:463][ 68]LogModuleManager: Shutting down and abandoning module PakFile (2)
[2018.02.10-11.03.47:466][ 68]LogExit: Exiting.
[2018.02.10-11.03.47:477][ 68]Log file closed, 02/10/18 11:03:47
