Log file open, 02/10/18 12:33:36
LogWindows: Failed to load 'aqProf.dll' (GetLastError=126)
LogWindows: File 'aqProf.dll' does not exist
LogWindows: Failed to load 'VtuneApi.dll' (GetLastError=126)
LogWindows: File 'VtuneApi.dll' does not exist
LogWindows: Failed to load 'VtuneApi32e.dll' (GetLastError=126)
LogWindows: File 'VtuneApi32e.dll' does not exist
LogInit: Display: Running engine for game: VRGunToolkit
LogPlatformFile: Not using cached read wrapper
LogInit: Display: RandInit(521701228) SRandInit(521701228).
LogInit: Read version file with build ID '3709383'
LogInit: Overriding engine version to CL 3794801, compatible CL 3709383
LogInit: Registered custom module enumerator with build ID '3709383'
LogTaskGraph: Started task graph with 5 named threads and 14 total threads with 3 sets of task threads.
LogStats: Stats thread started at 2.282005
LogD3D11RHI: Aftermath initialized
LogModuleManager: Display: Found up-to-date module file ../../../Engine/Plugins/2D/Paper2D/Binaries/Win64/UE4Editor-Paper2D.dll (API version 3709383).
LogModuleManager: Display: Found up-to-date module file ../../../Engine/Plugins/2D/Paper2D/Binaries/Win64/UE4Editor-Paper2DEditor.dll (API version 3709383).
LogModuleManager: Display: Found up-to-date module file ../../../Engine/Plugins/2D/Paper2D/Binaries/Win64/UE4Editor-PaperSpriteSheetImporter.dll (API version 3709383).
LogModuleManager: Display: Found up-to-date module file ../../../Engine/Plugins/2D/Paper2D/Binaries/Win64/UE4Editor-PaperTiledImporter.dll (API version 3709383).
LogModuleManager: Display: Found up-to-date module file ../../../Engine/Plugins/2D/Paper2D/Binaries/Win64/UE4Editor-SmartSnapping.dll (API version 3709383).
LogModuleManager: Display: Found up-to-date module file ../../../Engine/Plugins/Blendables/LightPropagationVolume/Binaries/Win64/UE4Editor-LightPropagationVolumeRuntime.dll (API version 3709383).
LogModuleManager: Display: Found up-to-date module file ../../../Engine/Plugins/Blendables/LightPropagationVolume/Binaries/Win64/UE4Editor-LightPropagationVolumeEditor.dll (API version 3709383).
LogModuleManager: Display: Found up-to-date module file ../../../Engine/Plugins/Developer/GitSourceControl/Binaries/Win64/UE4Editor-GitSourceControl.dll (API version 3709383).
LogModuleManager: Display: Found up-to-date module file ../../../Engine/Plugins/Developer/PerforceSourceControl/Binaries/Win64/UE4Editor-PerforceSourceControl.dll (API version 3709383).
LogModuleManager: Display: Found up-to-date module file ../../../Engine/Plugins/Developer/SubversionSourceControl/Binaries/Win64/UE4Editor-SubversionSourceControl.dll (API version 3709383).
LogModuleManager: Display: Found up-to-date module file ../../../Engine/Plugins/Developer/UObjectPlugin/Binaries/Win64/UE4Editor-UObjectPlugin.dll (API version 3709383).
LogModuleManager: Display: Found up-to-date module file ../../../Engine/Plugins/Developer/VisualStudioCodeSourceCodeAccess/Binaries/Win64/UE4Editor-VisualStudioCodeSourceCodeAccess.dll (API version 3709383).
LogModuleManager: Display: Found up-to-date module file ../../../Engine/Plugins/Developer/VisualStudioSourceCodeAccess/Binaries/Win64/UE4Editor-VisualStudioSourceCodeAccess.dll (API version 3709383).
LogModuleManager: Display: Found up-to-date module file ../../../Engine/Plugins/Editor/AssetManagerEditor/Binaries/Win64/UE4Editor-AssetManagerEditor.dll (API version 3709383).
LogModuleManager: Display: Found up-to-date module file ../../../Engine/Plugins/Editor/AudioCapture/Binaries/Win64/UE4Editor-AudioCapture.dll (API version 3709383).
LogModuleManager: Display: Found up-to-date module file ../../../Engine/Plugins/Editor/FacialAnimation/Binaries/Win64/UE4Editor-FacialAnimation.dll (API version 3709383).
LogModuleManager: Display: Found up-to-date module file ../../../Engine/Plugins/Editor/FacialAnimation/Binaries/Win64/UE4Editor-FacialAnimationEditor.dll (API version 3709383).
LogModuleManager: Display: Found up-to-date module file ../../../Engine/Plugins/Editor/GameplayTagsEditor/Binaries/Win64/UE4Editor-GameplayTagsEditor.dll (API version 3709383).
LogModuleManager: Display: Found up-to-date module file ../../../Engine/Plugins/Editor/MobileLauncherProfileWizard/Binaries/Win64/UE4Editor-MobileLauncherProfileWizard.dll (API version 3709383).
LogModuleManager: Display: Found up-to-date module file ../../../Engine/Plugins/Editor/PluginBrowser/Binaries/Win64/UE4Editor-PluginBrowser.dll (API version 3709383).
LogModuleManager: Display: Found up-to-date module file ../../../Engine/Plugins/Editor/SpeedTreeImporter/Binaries/Win64/UE4Editor-SpeedTreeImporter.dll (API version 3709383).
LogModuleManager: Display: Found up-to-date module file ../../../Engine/Plugins/Experimental/AlembicImporter/Binaries/Win64/UE4Editor-AlembicImporter.dll (API version 3709383).
LogModuleManager: Display: Found up-to-date module file ../../../Engine/Plugins/Experimental/AlembicImporter/Binaries/Win64/UE4Editor-AlembicLibrary.dll (API version 3709383).
LogModuleManager: Display: Found up-to-date module file ../../../Engine/Plugins/Experimental/CharacterAI/Binaries/Win64/UE4Editor-CharacterAI.dll (API version 3709383).
LogModuleManager: Display: Found up-to-date module file ../../../Engine/Plugins/Experimental/HTML5Networking/Binaries/Win64/UE4Editor-HTML5Networking.dll (API version 3709383).
LogModuleManager: Display: Found up-to-date module file ../../../Engine/Plugins/Media/AndroidMedia/Binaries/Win64/UE4Editor-AndroidMediaEditor.dll (API version 3709383).
LogModuleManager: Display: Found up-to-date module file ../../../Engine/Plugins/Media/AndroidMedia/Binaries/Win64/UE4Editor-AndroidMediaFactory.dll (API version 3709383).
LogModuleManager: Display: Found up-to-date module file ../../../Engine/Plugins/Media/AvfMedia/Binaries/Win64/UE4Editor-AvfMediaEditor.dll (API version 3709383).
LogModuleManager: Display: Found up-to-date module file ../../../Engine/Plugins/Media/AvfMedia/Binaries/Win64/UE4Editor-AvfMediaFactory.dll (API version 3709383).
LogModuleManager: Display: Found up-to-date module file ../../../Engine/Plugins/Media/AvfMedia/Binaries/Win64/UE4Editor-AvfMediaFactory.dll (API version 3709383).
LogModuleManager: Display: Found up-to-date module file ../../../Engine/Plugins/Media/ImgMedia/Binaries/Win64/UE4Editor-ImgMedia.dll (API version 3709383).
LogModuleManager: Display: Found up-to-date module file ../../../Engine/Plugins/Media/ImgMedia/Binaries/Win64/UE4Editor-ImgMediaEditor.dll (API version 3709383).
LogModuleManager: Display: Found up-to-date module file ../../../Engine/Plugins/Media/ImgMedia/Binaries/Win64/UE4Editor-ImgMediaFactory.dll (API version 3709383).
LogModuleManager: Display: Found up-to-date module file ../../../Engine/Plugins/Media/ImgMedia/Binaries/Win64/UE4Editor-ImgMediaFactory.dll (API version 3709383).
LogModuleManager: Display: Found up-to-date module file ../../../Engine/Plugins/Media/ImgMedia/Binaries/Win64/UE4Editor-OpenExrWrapper.dll (API version 3709383).
LogModuleManager: Display: Found up-to-date module file ../../../Engine/Plugins/Media/MediaCompositing/Binaries/Win64/UE4Editor-MediaCompositing.dll (API version 3709383).
LogModuleManager: Display: Found up-to-date module file ../../../Engine/Plugins/Media/MediaCompositing/Binaries/Win64/UE4Editor-MediaCompositingEditor.dll (API version 3709383).
LogModuleManager: Display: Found up-to-date module file ../../../Engine/Plugins/Media/MediaPlayerEditor/Binaries/Win64/UE4Editor-MediaPlayerEditor.dll (API version 3709383).
LogModuleManager: Display: Found up-to-date module file ../../../Engine/Plugins/Media/WmfMedia/Binaries/Win64/UE4Editor-WmfMedia.dll (API version 3709383).
LogModuleManager: Display: Found up-to-date module file ../../../Engine/Plugins/Media/WmfMedia/Binaries/Win64/UE4Editor-WmfMediaEditor.dll (API version 3709383).
LogModuleManager: Display: Found up-to-date module file ../../../Engine/Plugins/Media/WmfMedia/Binaries/Win64/UE4Editor-WmfMediaFactory.dll (API version 3709383).
LogModuleManager: Display: Found up-to-date module file ../../../Engine/Plugins/Media/WmfMedia/Binaries/Win64/UE4Editor-WmfMediaFactory.dll (API version 3709383).
LogModuleManager: Display: Found up-to-date module file ../../../Engine/Plugins/Messaging/TcpMessaging/Binaries/Win64/UE4Editor-TcpMessaging.dll (API version 3709383).
LogModuleManager: Display: Found up-to-date module file ../../../Engine/Plugins/Messaging/UdpMessaging/Binaries/Win64/UE4Editor-UdpMessaging.dll (API version 3709383).
LogModuleManager: Display: Found up-to-date module file ../../../Engine/Plugins/MovieScene/ActorSequence/Binaries/Win64/UE4Editor-ActorSequence.dll (API version 3709383).
LogModuleManager: Display: Found up-to-date module file ../../../Engine/Plugins/MovieScene/LevelSequenceEditor/Binaries/Win64/UE4Editor-LevelSequenceEditor.dll (API version 3709383).
LogModuleManager: Display: Found up-to-date module file ../../../Engine/Plugins/MovieScene/MatineeToLevelSequence/Binaries/Win64/UE4Editor-MatineeToLevelSequence.dll (API version 3709383).
LogModuleManager: Display: Found up-to-date module file ../../../Engine/Plugins/Online/OnlineSubsystem/Binaries/Win64/UE4Editor-OnlineSubsystem.dll (API version 3709383).
LogModuleManager: Display: Found up-to-date module file ../../../Engine/Plugins/Runtime/AndroidPermission/Binaries/Win64/UE4Editor-AndroidPermission.dll (API version 3709383).
LogModuleManager: Display: Found up-to-date module file ../../../Engine/Plugins/Online/OnlineSubsystemNull/Binaries/Win64/UE4Editor-OnlineSubsystemNull.dll (API version 3709383).
LogModuleManager: Display: Found up-to-date module file ../../../Engine/Plugins/Online/OnlineSubsystemUtils/Binaries/Win64/UE4Editor-OnlineSubsystemUtils.dll (API version 3709383).
LogModuleManager: Display: Found up-to-date module file ../../../Engine/Plugins/Online/OnlineSubsystemUtils/Binaries/Win64/UE4Editor-OnlineBlueprintSupport.dll (API version 3709383).
LogModuleManager: Display: Found up-to-date module file ../../../Engine/Plugins/Runtime/AndroidDeviceProfileSelector/Binaries/Win64/UE4Editor-AndroidDeviceProfileSelector.dll (API version 3709383).
LogModuleManager: Display: Found up-to-date module file ../../../Engine/Plugins/Runtime/AppleARKit/Binaries/Win64/UE4Editor-AppleARKit.dll (API version 3709383).
LogModuleManager: Display: Found up-to-date module file ../../../Engine/Plugins/Runtime/ArchVisCharacter/Binaries/Win64/UE4Editor-ArchVisCharacter.dll (API version 3709383).
LogModuleManager: Display: Found up-to-date module file ../../../Engine/Plugins/Runtime/CableComponent/Binaries/Win64/UE4Editor-CableComponent.dll (API version 3709383).
LogModuleManager: Display: Found up-to-date module file ../../../Engine/Plugins/Runtime/CustomMeshComponent/Binaries/Win64/UE4Editor-CustomMeshComponent.dll (API version 3709383).
LogModuleManager: Display: Found up-to-date module file ../../../Engine/Plugins/Runtime/ExampleDeviceProfileSelector/Binaries/Win64/UE4Editor-ExampleDeviceProfileSelector.dll (API version 3709383).
LogModuleManager: Display: Found up-to-date module file ../../../Engine/Plugins/Runtime/ImmediatePhysics/Binaries/Win64/UE4Editor-ImmediatePhysics.dll (API version 3709383).
LogModuleManager: Display: Found up-to-date module file ../../../Engine/Plugins/Runtime/ImmediatePhysics/Binaries/Win64/UE4Editor-ImmediatePhysicsEditor.dll (API version 3709383).
LogModuleManager: Display: Found up-to-date module file ../../../Engine/Plugins/Runtime/LocationServicesBPLibrary/Binaries/Win64/UE4Editor-LocationServicesBPLibrary.dll (API version 3709383).
LogModuleManager: Display: Found up-to-date module file ../../../Engine/Plugins/Runtime/MobilePatchingUtils/Binaries/Win64/UE4Editor-MobilePatchingUtils.dll (API version 3709383).
LogModuleManager: Display: Found up-to-date module file ../../../Engine/Plugins/Runtime/Oculus/OculusVR/Binaries/Win64/UE4Editor-OculusHMD.dll (API version 3709383).
LogModuleManager: Display: Found up-to-date module file ../../../Engine/Plugins/Runtime/Oculus/OculusVR/Binaries/Win64/UE4Editor-OculusInput.dll (API version 3709383).
LogModuleManager: Display: Found up-to-date module file ../../../Engine/Plugins/Runtime/Oculus/OculusVR/Binaries/Win64/UE4Editor-OculusEditor.dll (API version 3709383).
LogModuleManager: Display: Found up-to-date module file ../../../Engine/Plugins/Runtime/PhysXVehicles/Binaries/Win64/UE4Editor-PhysXVehicles.dll (API version 3709383).
LogModuleManager: Display: Found up-to-date module file ../../../Engine/Plugins/Runtime/PhysXVehicles/Binaries/Win64/UE4Editor-PhysXVehiclesEditor.dll (API version 3709383).
LogModuleManager: Display: Found up-to-date module file ../../../Engine/Plugins/Runtime/ProceduralMeshComponent/Binaries/Win64/UE4Editor-ProceduralMeshComponent.dll (API version 3709383).
LogModuleManager: Display: Found up-to-date module file ../../../Engine/Plugins/Runtime/ProceduralMeshComponent/Binaries/Win64/UE4Editor-ProceduralMeshComponentEditor.dll (API version 3709383).
LogModuleManager: Display: Found up-to-date module file ../../../Engine/Plugins/Runtime/RuntimePhysXCooking/Binaries/Win64/UE4Editor-RuntimePhysXCooking.dll (API version 3709383).
LogModuleManager: Display: Found up-to-date module file ../../../Engine/Plugins/Runtime/Steam/SteamVR/Binaries/Win64/UE4Editor-SteamVR.dll (API version 3709383).
LogModuleManager: Display: Found up-to-date module file ../../../Engine/Plugins/Runtime/Steam/SteamVR/Binaries/Win64/UE4Editor-SteamVRController.dll (API version 3709383).
LogModuleManager: Display: Found up-to-date module file ../../../Engine/Plugins/Runtime/WindowsMoviePlayer/Binaries/Win64/UE4Editor-WindowsMoviePlayer.dll (API version 3709383).
LogPluginManager: Mounting plugin Paper2D
LogPluginManager: Mounting plugin LightPropagationVolume
LogPluginManager: Mounting plugin CodeLiteSourceCodeAccess
LogPluginManager: Mounting plugin GitSourceControl
LogPluginManager: Mounting plugin KDevelopSourceCodeAccess
LogPluginManager: Mounting plugin NullSourceCodeAccess
LogPluginManager: Mounting plugin PerforceSourceControl
LogPluginManager: Mounting plugin SubversionSourceControl
LogPluginManager: Mounting plugin UObjectPlugin
LogPluginManager: Mounting plugin VisualStudioCodeSourceCodeAccess
LogPluginManager: Mounting plugin VisualStudioSourceCodeAccess
LogPluginManager: Mounting plugin XCodeSourceCodeAccess
LogPluginManager: Mounting plugin AssetManagerEditor
LogPluginManager: Mounting plugin AudioCapture
LogPluginManager: Mounting plugin FacialAnimation
LogPluginManager: Mounting plugin GameplayTagsEditor
LogPluginManager: Mounting plugin MobileLauncherProfileWizard
LogPluginManager: Mounting plugin PluginBrowser
LogPluginManager: Mounting plugin SpeedTreeImporter
LogPluginManager: Mounting plugin AlembicImporter
LogPluginManager: Mounting plugin CharacterAI
LogPluginManager: Mounting plugin HTML5Networking
LogPluginManager: Mounting plugin AndroidMedia
LogPluginManager: Mounting plugin AvfMedia
LogPluginManager: Mounting plugin ImgMedia
LogPluginManager: Mounting plugin MediaCompositing
LogPluginManager: Mounting plugin MediaPlayerEditor
LogPluginManager: Mounting plugin WmfMedia
LogPluginManager: Mounting plugin TcpMessaging
LogPluginManager: Mounting plugin UdpMessaging
LogPluginManager: Mounting plugin ActorSequence
LogPluginManager: Mounting plugin LevelSequenceEditor
LogPluginManager: Mounting plugin MatineeToLevelSequence
LogPluginManager: Mounting plugin OnlineSubsystemGooglePlay
LogPluginManager: Mounting plugin OnlineSubsystemIOS
LogPluginManager: Mounting plugin OnlineSubsystem
LogPluginManager: Mounting plugin OnlineSubsystemNull
LogPluginManager: Mounting plugin OnlineSubsystemUtils
LogPluginManager: Mounting plugin AndroidDeviceProfileSelector
LogPluginManager: Mounting plugin AndroidMoviePlayer
LogPluginManager: Mounting plugin AndroidPermission
LogPluginManager: Mounting plugin AppleARKit
LogPluginManager: Mounting plugin AppleMoviePlayer
LogPluginManager: Mounting plugin ArchVisCharacter
LogPluginManager: Mounting plugin CableComponent
LogPluginManager: Mounting plugin CustomMeshComponent
LogPluginManager: Mounting plugin ExampleDeviceProfileSelector
LogPluginManager: Mounting plugin GoogleCloudMessaging
LogPluginManager: Mounting plugin ImmediatePhysics
LogPluginManager: Mounting plugin IOSDeviceProfileSelector
LogPluginManager: Mounting plugin LinuxDeviceProfileSelector
LogPluginManager: Mounting plugin LocationServicesBPLibrary
LogPluginManager: Mounting plugin MobilePatchingUtils
LogPluginManager: Mounting plugin OculusVR
LogPluginManager: Plugin shader directory ../../../Engine/Plugins/Runtime/Oculus/OculusVR/Shaders found
LogPluginManager: Mapping shader source directory ../../../Engine/Plugins/Runtime/Oculus/OculusVR/Shaders to virtual directory /Plugin/OculusVR
LogPluginManager: Mounting plugin PhysXVehicles
LogPluginManager: Mounting plugin ProceduralMeshComponent
LogPluginManager: Mounting plugin RuntimePhysXCooking
LogPluginManager: Mounting plugin SteamVR
LogPluginManager: Mounting plugin WindowsMoviePlayer
LogInit: Using libcurl 7.47.1
LogInit:  - built for x86_64-pc-win32
LogInit:  - supports SSL with OpenSSL/1.0.2g
LogInit:  - supports HTTP deflate (compression) using libz 1.2.8
LogInit:  - other features:
LogInit:      CURL_VERSION_SSL
LogInit:      CURL_VERSION_LIBZ
LogInit:      CURL_VERSION_IPV6
LogInit:      CURL_VERSION_ASYNCHDNS
LogInit:      CURL_VERSION_LARGEFILE
LogInit:      CURL_VERSION_IDN
LogInit:  CurlRequestOptions (configurable via config and command line):
LogInit:  - bVerifyPeer = false  - Libcurl will NOT verify peer certificate
LogInit:  - bUseHttpProxy = false  - Libcurl will NOT use HTTP proxy
LogInit:  - bDontReuseConnections = false  - Libcurl will reuse connections
LogInit:  - CertBundlePath = nullptr  - Libcurl will use whatever was configured at build time.
LogInit: Build: ++UE4+Release-4.18-CL-3794801
LogInit: Engine Version: 4.18.2-3794801+++UE4+Release-4.18
LogInit: Compatible Engine Version: 4.18.0-3709383+++UE4+Release-4.18
LogInit: Net CL: 3709383
LogDevObjectVersion: Number of dev versions registered: 16
LogDevObjectVersion:   Dev-Blueprints (B0D832E4-1F89-4F0D-ACCF-7EB736FD4AA2): 10
LogDevObjectVersion:   Dev-Build (E1C64328-A22C-4D53-A36C-8E866417BD8C): 0
LogDevObjectVersion:   Dev-Core (375EC13C-06E4-48FB-B500-84F0262A717E): 2
LogDevObjectVersion:   Dev-Editor (E4B068ED-F494-42E9-A231-DA0B2E46BB41): 20
LogDevObjectVersion:   Dev-Framework (CFFC743F-43B0-4480-9391-14DF171D2073): 30
LogDevObjectVersion:   Dev-Mobile (B02B49B5-BB20-44E9-A304-32B752E40360): 0
LogDevObjectVersion:   Dev-Networking (A4E4105C-59A1-49B5-A7C5-40C4547EDFEE): 0
LogDevObjectVersion:   Dev-Online (39C831C9-5AE6-47DC-9A44-9C173E1C8E7C): 0
LogDevObjectVersion:   Dev-Physics (78F01B33-EBEA-4F98-B9B4-84EACCB95AA2): 0
LogDevObjectVersion:   Dev-Platform (6631380F-2D4D-43E0-8009-CF276956A95A): 0
LogDevObjectVersion:   Dev-Rendering (12F88B9F-8875-4AFC-A67C-D90C383ABD29): 20
LogDevObjectVersion:   Dev-Sequencer (7B5AE74C-D270-4C10-A958-57980B212A5A): 4
LogDevObjectVersion:   Dev-VR (D7296918-1DD6-4BDD-9DE2-64A83CC13884): 0
LogDevObjectVersion:   Dev-LoadTimes (C2A15278-BFE7-4AFE-6C17-90FF531DF755): 1
LogDevObjectVersion:   Private-Geometry (6EACA3D4-40EC-4CC1-B786-8BED09428FC5): 1
LogDevObjectVersion:   Dev-AnimPhys (29E575DD-E0A3-4627-9D10-D276232CDCEA): 12
LogInit: Compiled (64-bit): Dec  8 2017 02:04:53
LogInit: Compiled with Visual C++: 19.00.24215.01
LogInit: Build Configuration: Development
LogInit: Branch Name: ++UE4+Release-4.18
LogInit: Command line:  
LogInit: Base directory: D:/Archive/UE_4.18/Engine/Binaries/Win64/
LogInit: Installed Engine Build: 1
LogInit: Presizing for max 8388607 objects, including 0 objects not considered by GC, pre-allocating 0 bytes for permanent pool.
LogInit: Object subsystem initialized
[2018.02.10-12.33.39:512][  0]LogInit: Selected Device Profile: [Windows]
[2018.02.10-12.33.39:512][  0]LogInit: Applying CVar settings loaded from the selected device profile: [Windows]
[2018.02.10-12.33.39:605][  0]LogInit: Setting Device Profile CVar: [[r.SSR.Quality:0]]
[2018.02.10-12.33.39:605][  0]LogInit: Setting Device Profile CVar: [[r.MotionBlurQuality:0]]
[2018.02.10-12.33.39:605][  0]LogInit: Setting Device Profile CVar: [[r.BloomQuality:5]]
[2018.02.10-12.33.39:605][  0]LogInit: Setting Device Profile CVar: [[r.SceneColorFormat:3]]
[2018.02.10-12.33.39:605][  0]LogInit: Setting Device Profile CVar: [[r.LensFlareQuality:0]]
[2018.02.10-12.33.39:605][  0]LogInit: Setting Device Profile CVar: [[r.Tonemapper.Sharpen:0]]
[2018.02.10-12.33.39:605][  0]LogInit: Setting Device Profile CVar: [[r.HZBOcclusion:0]]
[2018.02.10-12.33.39:605][  0]LogInit: Setting Device Profile CVar: [[r.Shadow.ForceSingleSampleShadowingFromStationary:1]]
[2018.02.10-12.33.39:605][  0]LogInit: Setting Device Profile CVar: [[r.AmbientOcclusionLevels:0]]
[2018.02.10-12.33.39:605][  0]LogInit: Setting Device Profile CVar: [[r.MSAACount:4]]
[2018.02.10-12.33.39:605][  0]LogInit: Setting Device Profile CVar: [[r.DepthOfFieldQuality:0]]
[2018.02.10-12.33.39:605][  0]LogInit: Setting Device Profile CVar: [[r.ReflectionEnvironmentBeginMixingRoughness:0.0]]
[2018.02.10-12.33.39:605][  0]LogInit: Setting Device Profile CVar: [[r.ReflectionEnvironmentEndMixingRoughness:0.0]]
[2018.02.10-12.33.39:605][  0]LogInit: Setting Device Profile CVar: [[r.Shadow.FadeExponent:5]]
[2018.02.10-12.33.39:605][  0]LogInit: Setting Device Profile CVar: [[r.Shadow.FadeResolution:128]]
[2018.02.10-12.33.39:605][  0]LogInit: Setting Device Profile CVar: [[r.Shadow.MaxResolution:256]]
[2018.02.10-12.33.39:605][  0]LogInit: Setting Device Profile CVar: [[r.ReflectionEnvironmentLightmapMixLargestWeight:1]]
[2018.02.10-12.33.39:605][  0]LogInit: Setting Device Profile CVar: [[r.RHICmdBypass:0]]
[2018.02.10-12.33.39:632][  0]LogInit: Computer: DESKTOP-G401FM1
[2018.02.10-12.33.39:632][  0]LogInit: User: Samuel
[2018.02.10-12.33.39:632][  0]LogInit: CPU Page size=4096, Cores=4
[2018.02.10-12.33.39:632][  0]LogInit: High frequency timer resolution =3.914070 MHz
[2018.02.10-12.33.39:632][  0]LogMemory: Memory total: Physical=31.9GB (32GB approx)
[2018.02.10-12.33.39:632][  0]LogMemory: Platform Memory Stats for Windows
[2018.02.10-12.33.39:632][  0]LogMemory: Process Physical Memory: 281.48 MB used, 281.48 MB peak
[2018.02.10-12.33.39:632][  0]LogMemory: Process Virtual Memory: 272.73 MB used, 272.73 MB peak
[2018.02.10-12.33.39:632][  0]LogMemory: Physical Memory: 6240.03 MB used,  26445.66 MB free, 32685.70 MB total
[2018.02.10-12.33.39:632][  0]LogMemory: Virtual Memory: 680.72 MB used,  26445.66 MB free, 134217728.00 MB total
[2018.02.10-12.33.40:211][  0]LogInit: Using OS detected language (en-GB).
[2018.02.10-12.33.40:211][  0]LogInit: Using OS detected locale (en-GB).
[2018.02.10-12.33.40:352][  0]LogTextLocalizationManager: No specific localization for 'en-GB' exists, so the 'en' localization will be used.
[2018.02.10-12.33.40:871][  0]LogInit: Setting process to per monitor DPI aware
[2018.02.10-12.33.44:786][  0]LogD3D11RHI: D3D11 adapters:
[2018.02.10-12.33.44:825][  0]LogD3D11RHI:    0. 'NVIDIA GeForce GTX 1080' (Feature Level 11_0)
[2018.02.10-12.33.44:825][  0]LogD3D11RHI:       8079/0/16342 MB DedicatedVideo/DedicatedSystem/SharedSystem, Outputs:1, VendorId:0x10de
[2018.02.10-12.33.44:827][  0]LogD3D11RHI:    1. 'Microsoft Basic Render Driver' (Feature Level 11_0)
[2018.02.10-12.33.44:827][  0]LogD3D11RHI:       0/0/16342 MB DedicatedVideo/DedicatedSystem/SharedSystem, Outputs:0, VendorId:0x1414
[2018.02.10-12.33.44:827][  0]LogD3D11RHI: Chosen D3D11 Adapter: 0
[2018.02.10-12.33.44:832][  0]LogD3D11RHI: Creating new Direct3DDevice
[2018.02.10-12.33.44:832][  0]LogD3D11RHI:     GPU DeviceId: 0x1b80 (for the marketing name, search the web for "GPU Device Id")
[2018.02.10-12.33.44:832][  0]LogWindows: EnumDisplayDevices:
[2018.02.10-12.33.44:833][  0]LogWindows:    0. 'NVIDIA GeForce GTX 1080' (P:1 D:1)
[2018.02.10-12.33.44:833][  0]LogWindows:    1. 'NVIDIA GeForce GTX 1080' (P:0 D:0)
[2018.02.10-12.33.44:833][  0]LogWindows:    2. 'NVIDIA GeForce GTX 1080' (P:0 D:0)
[2018.02.10-12.33.44:833][  0]LogWindows:    3. 'NVIDIA GeForce GTX 1080' (P:0 D:0)
[2018.02.10-12.33.44:833][  0]LogWindows: DebugString: GetVideoDriverDetailsInvalid PrimaryIsNotTheChoosenAdapter GetVideoDriverDetailsInvalid PrimaryIsNotTheChoosenAdapter GetVideoDriverDetailsInvalid PrimaryIsNotTheChoosenAdapter GetVideoDriverDetailsInvalid PrimaryIsNotTheChoosenAdapter FoundDriverCount:0 
[2018.02.10-12.33.44:833][  0]LogD3D11RHI:     Adapter Name: NVIDIA GeForce GTX 1080
[2018.02.10-12.33.44:833][  0]LogD3D11RHI:   Driver Version: Unknown (internal:Unknown, unified:Unknown)
[2018.02.10-12.33.44:833][  0]LogD3D11RHI:      Driver Date: Unknown
[2018.02.10-12.33.44:833][  0]LogRHI: Texture pool is 5655 MB (70% of 8079 MB)
[2018.02.10-12.33.44:864][  0]LogD3D11RHI: Async texture creation enabled
[2018.02.10-12.33.45:088][  0]LogD3D11RHI: GPU Timing Frequency: 1000.000000 (Debug: 2 2)
[2018.02.10-12.33.45:149][  0]LogShaderCompilers: Guid format shader working directory is 3 characters bigger than the processId version (C:/Users/Samuel/Desktop/VRTools/VRGunToolKit/Intermediate/Shaders/WorkingDirectory/5972/).
[2018.02.10-12.33.45:149][  0]LogShaderCompilers: Cleaned the shader compiler working directory 'C:/Users/Samuel/AppData/Local/Temp/UnrealShaderWorkingDir/68E9DFD649E985664BD146B7A3868D5C/'.
[2018.02.10-12.33.45:151][  0]LogShaderCompilers: Display: Using Local Shader Compiler.
[2018.02.10-12.33.47:489][  0]LogTemp: Display: Loaded TP AllDesktopTargetPlatform
[2018.02.10-12.33.47:525][  0]LogTemp: Display: Loaded TP MacClientTargetPlatform
[2018.02.10-12.33.47:562][  0]LogTemp: Display: Loaded TP MacNoEditorTargetPlatform
[2018.02.10-12.33.47:600][  0]LogTemp: Display: Loaded TP MacServerTargetPlatform
[2018.02.10-12.33.47:652][  0]LogTemp: Display: Loaded TP MacTargetPlatform
[2018.02.10-12.33.47:692][  0]LogTemp: Display: Loaded TP WindowsClientTargetPlatform
[2018.02.10-12.33.47:731][  0]LogTemp: Display: Loaded TP WindowsNoEditorTargetPlatform
[2018.02.10-12.33.47:770][  0]LogTemp: Display: Loaded TP WindowsServerTargetPlatform
[2018.02.10-12.33.47:803][  0]LogTemp: Display: Loaded TP WindowsTargetPlatform
[2018.02.10-12.33.47:838][  0]LogTemp: Display: Loaded TP Android_ASTCTargetPlatform
[2018.02.10-12.33.47:874][  0]LogTemp: Display: Loaded TP Android_ATCTargetPlatform
[2018.02.10-12.33.47:911][  0]LogTemp: Display: Loaded TP Android_DXTTargetPlatform
[2018.02.10-12.33.47:950][  0]LogTemp: Display: Loaded TP Android_ETC1TargetPlatform
[2018.02.10-12.33.47:987][  0]LogTemp: Display: Loaded TP Android_ETC2TargetPlatform
[2018.02.10-12.33.48:061][  0]LogTemp: Display: Loaded TP Android_MultiTargetPlatform
[2018.02.10-12.33.48:061][  0]LogTemp: Display: Loaded TP Android_PVRTCTargetPlatform
[2018.02.10-12.33.48:102][  0]LogTemp: Display: Loaded TP AndroidTargetPlatform
[2018.02.10-12.33.48:129][  0]LogTemp: Display: Loaded TP HTML5TargetPlatform
[2018.02.10-12.33.48:226][  0]LogTemp: Display: Loaded TP IOSTargetPlatform
[2018.02.10-12.33.48:254][  0]LogTemp: Display: Loaded TP TVOSTargetPlatform
[2018.02.10-12.33.48:290][  0]LogTemp: Display: Loaded TP LinuxClientTargetPlatform
[2018.02.10-12.33.48:326][  0]LogTemp: Display: Loaded TP LinuxNoEditorTargetPlatform
[2018.02.10-12.33.48:365][  0]LogTemp: Display: Loaded TP LinuxServerTargetPlatform
[2018.02.10-12.33.48:409][  0]LogTemp: Display: Loaded TP LinuxTargetPlatform
[2018.02.10-12.33.48:409][  0]LogTargetPlatformManager: Display: Building Assets For Windows
[2018.02.10-12.33.49:320][  0]LogDerivedDataCache: Display: Max Cache Size: 512 MB
[2018.02.10-12.33.49:587][  0]LogDerivedDataCache: Loaded boot cache 0.27s 82MB C:/Users/Samuel/AppData/Local/UnrealEngine/4.18/DerivedDataCache/Boot.ddc.
[2018.02.10-12.33.49:587][  0]LogDerivedDataCache: Display: Loaded Boot cache: C:/Users/Samuel/AppData/Local/UnrealEngine/4.18/DerivedDataCache/Boot.ddc
[2018.02.10-12.33.49:587][  0]LogDerivedDataCache: FDerivedDataBackendGraph:  Pak pak cache file C:/Users/Samuel/Desktop/VRTools/VRGunToolKit/DerivedDataCache/DDC.ddp not found, will not use a pak cache.
[2018.02.10-12.33.49:587][  0]LogDerivedDataCache: Unable to find inner node Pak for hierarchical cache Hierarchy.
[2018.02.10-12.33.49:587][  0]LogDerivedDataCache: FDerivedDataBackendGraph:  CompressedPak pak cache file C:/Users/Samuel/Desktop/VRTools/VRGunToolKit/DerivedDataCache/Compressed.ddp not found, will not use a pak cache.
[2018.02.10-12.33.49:587][  0]LogDerivedDataCache: Unable to find inner node CompressedPak for hierarchical cache Hierarchy.
[2018.02.10-12.33.49:638][  0]LogDerivedDataCache: Display: Pak cache opened for reading ../../../Engine/DerivedDataCache/Compressed.ddp.
[2018.02.10-12.33.49:651][  0]LogDerivedDataCache: Using Local data cache path C:/Users/Samuel/AppData/Local/UnrealEngine/Common/DerivedDataCache: Writable
[2018.02.10-12.33.49:684][  0]LogMaterial: Verifying Global Shaders for PCD3D_SM5
[2018.02.10-12.33.49:743][  0]LogSlate: Using Freetype 2.6.0
[2018.02.10-12.33.49:830][  0]LogSlate: SlateFontCache - WITH_FREETYPE: 1, WITH_HARFBUZZ: 1
[2018.02.10-12.33.49:843][  0]LogSlate: SlateFontCache - WITH_FREETYPE: 1, WITH_HARFBUZZ: 1
[2018.02.10-12.33.55:350][  0]LogInit: Selected Device Profile: [Windows]
[2018.02.10-12.33.56:584][  0]LogSimplygon: Simplygon DLL not present - disabling.
[2018.02.10-12.33.56:639][  0]LogMeshReduction: Using SimplygonSwarm for distributed automatic mesh merging
[2018.02.10-12.33.56:651][  0]LogMeshReduction: Using QuadricMeshReduction for automatic static mesh reduction
[2018.02.10-12.33.56:668][  0]LogMeshReduction: No automatic skeletal mesh reduction module available
[2018.02.10-12.33.56:668][  0]LogMeshReduction: No automatic mesh merging module available
[2018.02.10-12.33.56:668][  0]LogMeshMerging: No automatic mesh merging module available
[2018.02.10-12.33.56:997][  0]LogNetVersion: VRGunToolkit , NetCL: 3709383, EngineNetVer: 2, GameNetVer: 0 (Checksum: 2737668274)
[2018.02.10-12.33.58:168][  0]LogAssetRegistry: FAssetRegistry took 0.0598 seconds to start up
[2018.02.10-12.34.03:432][  0]LogPackageLocalizationCache: Processed 7 localized package path(s) for 2 prioritized culture(s) in 0.119163 seconds
[2018.02.10-12.34.03:449][  0]LogUObjectArray: 35900 objects as part of root set at end of initial load.
[2018.02.10-12.34.03:449][  0]LogUObjectAllocator: 7372024 out of 0 bytes used by permanent object pool.
[2018.02.10-12.34.03:449][  0]LogUObjectArray: CloseDisregardForGC: 0/0 objects in disregard for GC pool
[2018.02.10-12.34.03:501][  0]LogInit: WinSock: version 1.1 (2.2), MaxSocks=32767, MaxUdp=65467
[2018.02.10-12.34.13:592][  0]LogTcpMessaging: Initializing TcpMessaging bridge
[2018.02.10-12.34.13:625][  0]LogUdpMessaging: Initializing bridge on interface 0.0.0.0:0 to multicast group 230.0.0.1:6666.
[2018.02.10-12.34.14:558][  0]LogMaterial: Missing cached shader map for material BaseColor, compiling. 
[2018.02.10-12.34.14:571][  0]LogMaterial: Warning: D:\Archive\UE_4.18\Engine\Content\BufferVisualization\BaseColor.uasset: Failed to compile Material for platform PCD3D_SM5, Default Material will be used in game.
[2018.02.10-12.34.14:571][  0]LogMaterial: 	(Node SceneTexture) GBuffer scene textures not available with forward shading.
[2018.02.10-12.34.14:667][  0]LogMaterial: Uniform references updated for custom material expression Custom.
[2018.02.10-12.34.14:706][  0]LogMaterial: Missing cached shader map for material LightingModel, compiling. 
[2018.02.10-12.34.14:707][  0]LogMaterial: Warning: D:\Archive\UE_4.18\Engine\Content\BufferVisualization\LightingModel.uasset: Failed to compile Material for platform PCD3D_SM5, Default Material will be used in game.
[2018.02.10-12.34.14:707][  0]LogMaterial: 	(Node SceneTexture) GBuffer scene textures not available with forward shading.
[2018.02.10-12.34.14:714][  0]LogMaterial: Missing cached shader map for material MaterialAO, compiling. 
[2018.02.10-12.34.14:714][  0]LogMaterial: Warning: D:\Archive\UE_4.18\Engine\Content\BufferVisualization\MaterialAO.uasset: Failed to compile Material for platform PCD3D_SM5, Default Material will be used in game.
[2018.02.10-12.34.14:714][  0]LogMaterial: 	(Node SceneTexture) GBuffer scene textures not available with forward shading.
[2018.02.10-12.34.14:728][  0]LogMaterial: Missing cached shader map for material Metallic, compiling. 
[2018.02.10-12.34.14:729][  0]LogMaterial: Warning: D:\Archive\UE_4.18\Engine\Content\BufferVisualization\Metallic.uasset: Failed to compile Material for platform PCD3D_SM5, Default Material will be used in game.
[2018.02.10-12.34.14:729][  0]LogMaterial: 	(Node SceneTexture) GBuffer scene textures not available with forward shading.
[2018.02.10-12.34.14:743][  0]LogMaterial: Missing cached shader map for material Opacity, compiling. 
[2018.02.10-12.34.14:744][  0]LogMaterial: Warning: D:\Archive\UE_4.18\Engine\Content\BufferVisualization\Opacity.uasset: Failed to compile Material for platform PCD3D_SM5, Default Material will be used in game.
[2018.02.10-12.34.14:744][  0]LogMaterial: 	(Node SceneTexture) GBuffer scene textures not available with forward shading.
[2018.02.10-12.34.14:761][  0]LogMaterial: Missing cached shader map for material Roughness, compiling. 
[2018.02.10-12.34.14:762][  0]LogMaterial: Warning: D:\Archive\UE_4.18\Engine\Content\BufferVisualization\Roughness.uasset: Failed to compile Material for platform PCD3D_SM5, Default Material will be used in game.
[2018.02.10-12.34.14:762][  0]LogMaterial: 	(Node SceneTexture) GBuffer scene textures not available with forward shading.
[2018.02.10-12.34.14:820][  0]LogMaterial: Missing cached shader map for material Specular, compiling. 
[2018.02.10-12.34.14:820][  0]LogMaterial: Warning: D:\Archive\UE_4.18\Engine\Content\BufferVisualization\Specular.uasset: Failed to compile Material for platform PCD3D_SM5, Default Material will be used in game.
[2018.02.10-12.34.14:820][  0]LogMaterial: 	(Node SceneTexture) GBuffer scene textures not available with forward shading.
[2018.02.10-12.34.14:829][  0]LogMaterial: Missing cached shader map for material SubsurfaceColor, compiling. 
[2018.02.10-12.34.14:829][  0]LogMaterial: Warning: D:\Archive\UE_4.18\Engine\Content\BufferVisualization\SubsurfaceColor.uasset: Failed to compile Material for platform PCD3D_SM5, Default Material will be used in game.
[2018.02.10-12.34.14:829][  0]LogMaterial: 	(Node SceneTexture) GBuffer scene textures not available with forward shading.
[2018.02.10-12.34.14:836][  0]LogMaterial: Missing cached shader map for material WorldNormal, compiling. 
[2018.02.10-12.34.14:836][  0]LogMaterial: Warning: D:\Archive\UE_4.18\Engine\Content\BufferVisualization\WorldNormal.uasset: Failed to compile Material for platform PCD3D_SM5, Default Material will be used in game.
[2018.02.10-12.34.14:836][  0]LogMaterial: 	(Node SceneTexture) GBuffer scene textures not available with forward shading.
[2018.02.10-12.34.15:439][  0]SourceControl: Source control is disabled
[2018.02.10-12.34.15:452][  0]SourceControl: Source control is disabled
[2018.02.10-12.34.15:493][  0]SourceControl: Source control is disabled
[2018.02.10-12.34.15:535][  0]SourceControl: Source control is disabled
[2018.02.10-12.34.16:370][  0]LogAndroidPermission: UAndroidPermissionCallbackProxy::GetInstance
[2018.02.10-12.34.16:583][  0]LogOcInput: OculusInput pre-init called
[2018.02.10-12.34.17:125][  0]LogEngine: Initializing Engine...
[2018.02.10-12.34.17:729][  0]LogHMD: SteamVR initialized.  Driver: lighthouse  Display: LHR-17F0EBFC
[2018.02.10-12.34.18:420][  0]LogStats: UGameplayTagsManager::ConstructGameplayTagTree: Construct from data asset -  0.000 s
[2018.02.10-12.34.18:420][  0]LogStats: UGameplayTagsManager::ConstructGameplayTagTree: GameplayTagTreeChangedEvent.Broadcast -  0.000 s
[2018.02.10-12.34.18:728][  0]LogAIModule: Creating AISystem for world Untitled
[2018.02.10-12.34.18:864][  0]LogInit: XAudio2 using 'Speakers (2- USB Audio Device)' : 2 channels at 48 kHz using 16 bits per sample (channel mask 0x3)
[2018.02.10-12.34.18:877][  0]LogInit: FAudioDevice initialized.
[2018.02.10-12.34.18:945][  0]LogDerivedDataCache: Saved boot cache 0.07s 82MB C:/Users/Samuel/AppData/Local/UnrealEngine/4.18/DerivedDataCache/Boot.ddc.
[2018.02.10-12.34.18:952][  0]LogInit: Texture streaming: Enabled
[2018.02.10-12.34.19:048][  0]LogEngineSessionManager: EngineSessionManager initialized
[2018.02.10-12.34.20:922][  0]LogInit: Transaction tracking system initialized
[2018.02.10-12.34.21:311][  0]BlueprintLog: New page: Editor Load
[2018.02.10-12.34.22:512][  0]LocalizationService: Localization service is disabled
[2018.02.10-12.34.23:081][  0]LogLinker: Warning: Can't find file '/Game/ThirdPersonBP/ThirdPersonOverview'
[2018.02.10-12.34.23:082][  0]LogLinker: Warning: Can't find file '/Game/ThirdPersonBP/ThirdPersonOverview'
[2018.02.10-12.34.23:082][  0]LogUObjectGlobals: Warning: Failed to find object 'Class /Game/ThirdPersonBP/ThirdPersonOverview.ThirdPersonOverview_C'
[2018.02.10-12.34.23:359][  0]LogConsoleResponse: Display: 
[2018.02.10-12.34.25:862][  0]LogFileCache: Scanning file cache for directory 'C:/Users/Samuel/Desktop/VRTools/VRGunToolKit/Content/' took 0.02s
[2018.02.10-12.34.25:862][  0]LogCook: Display: Max memory allowance for cook 16384mb min free memory 0mb
[2018.02.10-12.34.25:862][  0]LogCook: Display: Mobile HDR setting 1
[2018.02.10-12.34.25:869][  0]LogGameplayTags: Display: UGameplayTagsManager::DoneAddingNativeTags. DelegateIsBound: 0
[2018.02.10-12.34.27:595][  0]SourceControl: Source control is disabled
[2018.02.10-12.34.27:624][  0]Cmd: MAP LOAD FILE="C:/Users/Samuel/Desktop/VRTools/VRGunToolKit/Content/VRGunToolkit/Maps/Welcome.umap" TEMPLATE=0 SHOWPROGRESS=1 FEATURELEVEL=3
[2018.02.10-12.34.27:629][  0]LightingResults: New page: Lighting Build
[2018.02.10-12.34.27:801][  0]MapCheck: New page: Map Check
[2018.02.10-12.34.27:801][  0]LightingResults: New page: Lighting Build
[2018.02.10-12.34.28:149][  0]LogLinker: Warning: Asset 'C:/Users/Samuel/Desktop/VRTools/VRGunToolKit/Content/VRGunToolkit/Sounds/Shells/DropSoundAttenuation.uasset' has been saved with empty engine version. The asset will be loaded but may be incompatible.
[2018.02.10-12.34.28:152][  0]LogLinker: Warning: Asset 'C:/Users/Samuel/Desktop/VRTools/VRGunToolKit/Content/VRGunToolkit/Sounds/Shells/DropSoundConcurrency.uasset' has been saved with empty engine version. The asset will be loaded but may be incompatible.
[2018.02.10-12.34.28:501][  0]LogLinker: Warning: Asset 'C:/Users/Samuel/Desktop/VRTools/VRGunToolKit/Content/VRGunToolkit/Materials/Weapons/GunExamples/M_BlueEmissive.uasset' has been saved with empty engine version. The asset will be loaded but may be incompatible.
[2018.02.10-12.34.28:506][  0]LogLinker: Warning: Asset 'C:/Users/Samuel/Desktop/VRTools/VRGunToolKit/Content/VRGunToolkit/Materials/Weapons/GunExamples/M_Colorful_Mat.uasset' has been saved with empty engine version. The asset will be loaded but may be incompatible.
[2018.02.10-12.34.28:556][  0]LogLinker: Warning: Asset 'C:/Users/Samuel/Desktop/VRTools/VRGunToolKit/Content/VRGunToolkit/Sounds/Shells/MetalicShell/Cue/Cue_ShellDropRandom.uasset' has been saved with empty engine version. The asset will be loaded but may be incompatible.
[2018.02.10-12.34.28:779][  0]LogLinker: Warning: Asset 'C:/Users/Samuel/Desktop/VRTools/VRGunToolKit/Content/VRGunToolkit/Sounds/Magazine/Cue/Cue_MagDropRandom.uasset' has been saved with empty engine version. The asset will be loaded but may be incompatible.
[2018.02.10-12.34.29:292][  0]LogBlueprint: Warning: [Compiler BP_VRrGunHands] ProjectPointToNavigation_DEPRECATED  is deprecated; This version of ProjectPointToNavigation is deprecated. Please use the new version
[2018.02.10-12.34.29:424][  0]LogBlueprint: Warning: [Compiler BP_VRrGunHands] [0062.38] Compile of BP_VRrGunHands successful, but with 1 Warning(s) [in 339 ms] (/Game/VRGunToolkit/Blueprints/Character/BP_VRrGunHands.BP_VRrGunHands)
[2018.02.10-12.34.29:560][  0]LogClass: Warning: Enum '/Game/VRGunToolkit/Blueprints/DemoRoom/BP_DemoDisplay_Enum.BP_DemoDisplay_Enum' was upgraded to use FText to store its display name data. Please re-save this asset to avoid issues with localization and determinstic cooking.
[2018.02.10-12.34.30:038][  0]LogLinker: Warning: Asset 'C:/Users/Samuel/Desktop/VRTools/VRGunToolKit/Content/VRGunToolkit/Materials/Assets/M_Target_Human.uasset' has been saved with empty engine version. The asset will be loaded but may be incompatible.
[2018.02.10-12.34.30:640][  0]LogLinker: Warning: Asset 'C:/Users/Samuel/Desktop/VRTools/VRGunToolKit/Content/VRGunToolkit/Sounds/Shells/MetalicShell/Wav/A_ShellDrop0.uasset' has been saved with empty engine version. The asset will be loaded but may be incompatible.
[2018.02.10-12.34.30:646][  0]LogLinker: Warning: Asset 'C:/Users/Samuel/Desktop/VRTools/VRGunToolKit/Content/VRGunToolkit/Sounds/Shells/MetalicShell/Wav/A_ShellDrop01.uasset' has been saved with empty engine version. The asset will be loaded but may be incompatible.
[2018.02.10-12.34.30:651][  0]LogLinker: Warning: Asset 'C:/Users/Samuel/Desktop/VRTools/VRGunToolKit/Content/VRGunToolkit/Sounds/Shells/MetalicShell/Wav/A_ShellDrop02.uasset' has been saved with empty engine version. The asset will be loaded but may be incompatible.
[2018.02.10-12.34.30:658][  0]LogLinker: Warning: Asset 'C:/Users/Samuel/Desktop/VRTools/VRGunToolKit/Content/VRGunToolkit/Sounds/Shells/MetalicShell/Wav/A_ShellDrop03.uasset' has been saved with empty engine version. The asset will be loaded but may be incompatible.
[2018.02.10-12.34.30:664][  0]LogLinker: Warning: Asset 'C:/Users/Samuel/Desktop/VRTools/VRGunToolKit/Content/VRGunToolkit/Sounds/Shells/MetalicShell/Wav/A_ShellDrop04.uasset' has been saved with empty engine version. The asset will be loaded but may be incompatible.
[2018.02.10-12.34.30:670][  0]LogLinker: Warning: Asset 'C:/Users/Samuel/Desktop/VRTools/VRGunToolKit/Content/VRGunToolkit/Sounds/Shells/MetalicShell/Wav/A_ShellDrop05.uasset' has been saved with empty engine version. The asset will be loaded but may be incompatible.
[2018.02.10-12.34.30:676][  0]LogLinker: Warning: Asset 'C:/Users/Samuel/Desktop/VRTools/VRGunToolKit/Content/VRGunToolkit/Sounds/Shells/MetalicShell/Wav/A_ShellDrop06.uasset' has been saved with empty engine version. The asset will be loaded but may be incompatible.
[2018.02.10-12.34.30:685][  0]LogLinker: Warning: Asset 'C:/Users/Samuel/Desktop/VRTools/VRGunToolKit/Content/VRGunToolkit/Sounds/Shells/MetalicShell/Wav/A_ShellDrop07.uasset' has been saved with empty engine version. The asset will be loaded but may be incompatible.
[2018.02.10-12.34.30:691][  0]LogLinker: Warning: Asset 'C:/Users/Samuel/Desktop/VRTools/VRGunToolKit/Content/VRGunToolkit/Sounds/Shells/MetalicShell/Wav/A_ShellDrop08.uasset' has been saved with empty engine version. The asset will be loaded but may be incompatible.
[2018.02.10-12.34.30:697][  0]LogLinker: Warning: Asset 'C:/Users/Samuel/Desktop/VRTools/VRGunToolKit/Content/VRGunToolkit/Sounds/Shells/MetalicShell/Wav/A_ShellDrop09.uasset' has been saved with empty engine version. The asset will be loaded but may be incompatible.
[2018.02.10-12.34.30:704][  0]LogLinker: Warning: Asset 'C:/Users/Samuel/Desktop/VRTools/VRGunToolKit/Content/VRGunToolkit/Sounds/Shells/MetalicShell/Wav/A_ShellDrop10.uasset' has been saved with empty engine version. The asset will be loaded but may be incompatible.
[2018.02.10-12.34.30:710][  0]LogLinker: Warning: Asset 'C:/Users/Samuel/Desktop/VRTools/VRGunToolKit/Content/VRGunToolkit/Sounds/Shells/MetalicShell/Wav/A_ShellDrop11.uasset' has been saved with empty engine version. The asset will be loaded but may be incompatible.
[2018.02.10-12.34.30:717][  0]LogLinker: Warning: Asset 'C:/Users/Samuel/Desktop/VRTools/VRGunToolKit/Content/VRGunToolkit/Sounds/Shells/MetalicShell/Wav/A_ShellDrop12.uasset' has been saved with empty engine version. The asset will be loaded but may be incompatible.
[2018.02.10-12.34.30:724][  0]LogLinker: Warning: Asset 'C:/Users/Samuel/Desktop/VRTools/VRGunToolKit/Content/VRGunToolkit/Sounds/Shells/MetalicShell/Wav/A_ShellDrop13.uasset' has been saved with empty engine version. The asset will be loaded but may be incompatible.
[2018.02.10-12.34.30:730][  0]LogLinker: Warning: Asset 'C:/Users/Samuel/Desktop/VRTools/VRGunToolKit/Content/VRGunToolkit/Sounds/Shells/MetalicShell/Wav/A_ShellDrop14.uasset' has been saved with empty engine version. The asset will be loaded but may be incompatible.
[2018.02.10-12.34.30:736][  0]LogLinker: Warning: Asset 'C:/Users/Samuel/Desktop/VRTools/VRGunToolKit/Content/VRGunToolkit/Sounds/Shells/MetalicShell/Wav/A_ShellDrop15.uasset' has been saved with empty engine version. The asset will be loaded but may be incompatible.
[2018.02.10-12.34.30:742][  0]LogLinker: Warning: Asset 'C:/Users/Samuel/Desktop/VRTools/VRGunToolKit/Content/VRGunToolkit/Sounds/Shells/MetalicShell/Wav/A_ShellDrop16.uasset' has been saved with empty engine version. The asset will be loaded but may be incompatible.
[2018.02.10-12.34.30:748][  0]LogLinker: Warning: Asset 'C:/Users/Samuel/Desktop/VRTools/VRGunToolKit/Content/VRGunToolkit/Sounds/Shells/MetalicShell/Wav/A_ShellDrop17.uasset' has been saved with empty engine version. The asset will be loaded but may be incompatible.
[2018.02.10-12.34.30:754][  0]LogLinker: Warning: Asset 'C:/Users/Samuel/Desktop/VRTools/VRGunToolKit/Content/VRGunToolkit/Sounds/Shells/MetalicShell/Wav/A_ShellDrop18.uasset' has been saved with empty engine version. The asset will be loaded but may be incompatible.
[2018.02.10-12.34.30:761][  0]LogLinker: Warning: Asset 'C:/Users/Samuel/Desktop/VRTools/VRGunToolKit/Content/VRGunToolkit/Sounds/Shells/MetalicShell/Wav/A_ShellDrop19.uasset' has been saved with empty engine version. The asset will be loaded but may be incompatible.
[2018.02.10-12.34.30:767][  0]LogLinker: Warning: Asset 'C:/Users/Samuel/Desktop/VRTools/VRGunToolKit/Content/VRGunToolkit/Sounds/Shells/MetalicShell/Wav/A_ShellDrop010.uasset' has been saved with empty engine version. The asset will be loaded but may be incompatible.
[2018.02.10-12.34.30:772][  0]LogLinker: Warning: Asset 'C:/Users/Samuel/Desktop/VRTools/VRGunToolKit/Content/VRGunToolkit/Sounds/Shells/MetalicShell/Wav/A_ShellDrop20.uasset' has been saved with empty engine version. The asset will be loaded but may be incompatible.
[2018.02.10-12.34.30:779][  0]LogLinker: Warning: Asset 'C:/Users/Samuel/Desktop/VRTools/VRGunToolKit/Content/VRGunToolkit/Sounds/Shells/MetalicShell/Wav/A_ShellDrop21.uasset' has been saved with empty engine version. The asset will be loaded but may be incompatible.
[2018.02.10-12.34.30:797][  0]LogLinker: Warning: Asset 'C:/Users/Samuel/Desktop/VRTools/VRGunToolKit/Content/VRGunToolkit/Sounds/Magazine/Wav/A_MagDrop01.uasset' has been saved with empty engine version. The asset will be loaded but may be incompatible.
