Log file open, 12/10/17 18:47:25
LogWindows: Failed to load 'aqProf.dll' (GetLastError=126)
LogWindows: File 'aqProf.dll' does not exist
LogWindows: Failed to load 'VtuneApi.dll' (GetLastError=126)
LogWindows: File 'VtuneApi.dll' does not exist
LogWindows: Failed to load 'VtuneApi32e.dll' (GetLastError=126)
LogWindows: File 'VtuneApi32e.dll' does not exist
LogInit: Display: Running engine for game: VRGunToolkit
LogPlatformFile: Not using cached read wrapper
LogInit: Display: RandInit(-1218278057) SRandInit(-1218278057).
LogInit: Read version file with build ID '3709383'
LogInit: Overriding engine version to CL 3754814, compatible CL 3709383
LogInit: Registered custom module enumerator with build ID '3709383'
LogTaskGraph: Started task graph with 5 named threads and 14 total threads with 3 sets of task threads.
LogStats: Stats thread started at 0.228970
LogD3D11RHI: Aftermath initialized
LogModuleManager: Display: Found up-to-date module file ../../../Engine/Plugins/2D/Paper2D/Binaries/Win64/UE4Editor-Paper2D.dll (API version 3709383).
LogModuleManager: Display: Found up-to-date module file ../../../Engine/Plugins/2D/Paper2D/Binaries/Win64/UE4Editor-Paper2DEditor.dll (API version 3709383).
LogModuleManager: Display: Found up-to-date module file ../../../Engine/Plugins/2D/Paper2D/Binaries/Win64/UE4Editor-PaperSpriteSheetImporter.dll (API version 3709383).
LogModuleManager: Display: Found up-to-date module file ../../../Engine/Plugins/2D/Paper2D/Binaries/Win64/UE4Editor-PaperTiledImporter.dll (API version 3709383).
LogModuleManager: Display: Found up-to-date module file ../../../Engine/Plugins/2D/Paper2D/Binaries/Win64/UE4Editor-SmartSnapping.dll (API version 3709383).
LogModuleManager: Display: Found up-to-date module file ../../../Engine/Plugins/Blendables/LightPropagationVolume/Binaries/Win64/UE4Editor-LightPropagationVolumeRuntime.dll (API version 3709383).
LogModuleManager: Display: Found up-to-date module file ../../../Engine/Plugins/Blendables/LightPropagationVolume/Binaries/Win64/UE4Editor-LightPropagationVolumeEditor.dll (API version 3709383).
LogModuleManager: Display: Found up-to-date module file ../../../Engine/Plugins/Developer/GitSourceControl/Binaries/Win64/UE4Editor-GitSourceControl.dll (API version 3709383).
LogModuleManager: Display: Found up-to-date module file ../../../Engine/Plugins/Developer/PerforceSourceControl/Binaries/Win64/UE4Editor-PerforceSourceControl.dll (API version 3709383).
LogModuleManager: Display: Found up-to-date module file ../../../Engine/Plugins/Developer/SubversionSourceControl/Binaries/Win64/UE4Editor-SubversionSourceControl.dll (API version 3709383).
LogModuleManager: Display: Found up-to-date module file ../../../Engine/Plugins/Developer/UObjectPlugin/Binaries/Win64/UE4Editor-UObjectPlugin.dll (API version 3709383).
LogModuleManager: Display: Found up-to-date module file ../../../Engine/Plugins/Developer/VisualStudioCodeSourceCodeAccess/Binaries/Win64/UE4Editor-VisualStudioCodeSourceCodeAccess.dll (API version 3709383).
LogModuleManager: Display: Found up-to-date module file ../../../Engine/Plugins/Developer/VisualStudioSourceCodeAccess/Binaries/Win64/UE4Editor-VisualStudioSourceCodeAccess.dll (API version 3709383).
LogModuleManager: Display: Found up-to-date module file ../../../Engine/Plugins/Editor/AssetManagerEditor/Binaries/Win64/UE4Editor-AssetManagerEditor.dll (API version 3709383).
LogModuleManager: Display: Found up-to-date module file ../../../Engine/Plugins/Editor/AudioCapture/Binaries/Win64/UE4Editor-AudioCapture.dll (API version 3709383).
LogModuleManager: Display: Found up-to-date module file ../../../Engine/Plugins/Editor/FacialAnimation/Binaries/Win64/UE4Editor-FacialAnimation.dll (API version 3709383).
LogModuleManager: Display: Found up-to-date module file ../../../Engine/Plugins/Editor/FacialAnimation/Binaries/Win64/UE4Editor-FacialAnimationEditor.dll (API version 3709383).
LogModuleManager: Display: Found up-to-date module file ../../../Engine/Plugins/Editor/GameplayTagsEditor/Binaries/Win64/UE4Editor-GameplayTagsEditor.dll (API version 3709383).
LogModuleManager: Display: Found up-to-date module file ../../../Engine/Plugins/Editor/MobileLauncherProfileWizard/Binaries/Win64/UE4Editor-MobileLauncherProfileWizard.dll (API version 3709383).
LogModuleManager: Display: Found up-to-date module file ../../../Engine/Plugins/Editor/PluginBrowser/Binaries/Win64/UE4Editor-PluginBrowser.dll (API version 3709383).
LogModuleManager: Display: Found up-to-date module file ../../../Engine/Plugins/Editor/SpeedTreeImporter/Binaries/Win64/UE4Editor-SpeedTreeImporter.dll (API version 3709383).
LogModuleManager: Display: Found up-to-date module file ../../../Engine/Plugins/Experimental/AlembicImporter/Binaries/Win64/UE4Editor-AlembicImporter.dll (API version 3709383).
LogModuleManager: Display: Found up-to-date module file ../../../Engine/Plugins/Experimental/AlembicImporter/Binaries/Win64/UE4Editor-AlembicLibrary.dll (API version 3709383).
LogModuleManager: Display: Found up-to-date module file ../../../Engine/Plugins/Experimental/CharacterAI/Binaries/Win64/UE4Editor-CharacterAI.dll (API version 3709383).
LogModuleManager: Display: Found up-to-date module file ../../../Engine/Plugins/Experimental/HTML5Networking/Binaries/Win64/UE4Editor-HTML5Networking.dll (API version 3709383).
LogModuleManager: Display: Found up-to-date module file ../../../Engine/Plugins/Media/AndroidMedia/Binaries/Win64/UE4Editor-AndroidMediaEditor.dll (API version 3709383).
LogModuleManager: Display: Found up-to-date module file ../../../Engine/Plugins/Media/AndroidMedia/Binaries/Win64/UE4Editor-AndroidMediaFactory.dll (API version 3709383).
LogModuleManager: Display: Found up-to-date module file ../../../Engine/Plugins/Media/AvfMedia/Binaries/Win64/UE4Editor-AvfMediaEditor.dll (API version 3709383).
LogModuleManager: Display: Found up-to-date module file ../../../Engine/Plugins/Media/AvfMedia/Binaries/Win64/UE4Editor-AvfMediaFactory.dll (API version 3709383).
LogModuleManager: Display: Found up-to-date module file ../../../Engine/Plugins/Media/AvfMedia/Binaries/Win64/UE4Editor-AvfMediaFactory.dll (API version 3709383).
LogModuleManager: Display: Found up-to-date module file ../../../Engine/Plugins/Media/ImgMedia/Binaries/Win64/UE4Editor-ImgMedia.dll (API version 3709383).
LogModuleManager: Display: Found up-to-date module file ../../../Engine/Plugins/Media/ImgMedia/Binaries/Win64/UE4Editor-ImgMediaEditor.dll (API version 3709383).
LogModuleManager: Display: Found up-to-date module file ../../../Engine/Plugins/Media/ImgMedia/Binaries/Win64/UE4Editor-ImgMediaFactory.dll (API version 3709383).
LogModuleManager: Display: Found up-to-date module file ../../../Engine/Plugins/Media/ImgMedia/Binaries/Win64/UE4Editor-ImgMediaFactory.dll (API version 3709383).
LogModuleManager: Display: Found up-to-date module file ../../../Engine/Plugins/Media/ImgMedia/Binaries/Win64/UE4Editor-OpenExrWrapper.dll (API version 3709383).
LogModuleManager: Display: Found up-to-date module file ../../../Engine/Plugins/Media/MediaCompositing/Binaries/Win64/UE4Editor-MediaCompositing.dll (API version 3709383).
LogModuleManager: Display: Found up-to-date module file ../../../Engine/Plugins/Media/MediaCompositing/Binaries/Win64/UE4Editor-MediaCompositingEditor.dll (API version 3709383).
LogModuleManager: Display: Found up-to-date module file ../../../Engine/Plugins/Media/MediaPlayerEditor/Binaries/Win64/UE4Editor-MediaPlayerEditor.dll (API version 3709383).
LogModuleManager: Display: Found up-to-date module file ../../../Engine/Plugins/Media/WmfMedia/Binaries/Win64/UE4Editor-WmfMedia.dll (API version 3709383).
LogModuleManager: Display: Found up-to-date module file ../../../Engine/Plugins/Media/WmfMedia/Binaries/Win64/UE4Editor-WmfMediaEditor.dll (API version 3709383).
LogModuleManager: Display: Found up-to-date module file ../../../Engine/Plugins/Media/WmfMedia/Binaries/Win64/UE4Editor-WmfMediaFactory.dll (API version 3709383).
LogModuleManager: Display: Found up-to-date module file ../../../Engine/Plugins/Media/WmfMedia/Binaries/Win64/UE4Editor-WmfMediaFactory.dll (API version 3709383).
LogModuleManager: Display: Found up-to-date module file ../../../Engine/Plugins/Messaging/TcpMessaging/Binaries/Win64/UE4Editor-TcpMessaging.dll (API version 3709383).
LogModuleManager: Display: Found up-to-date module file ../../../Engine/Plugins/Messaging/UdpMessaging/Binaries/Win64/UE4Editor-UdpMessaging.dll (API version 3709383).
LogModuleManager: Display: Found up-to-date module file ../../../Engine/Plugins/MovieScene/ActorSequence/Binaries/Win64/UE4Editor-ActorSequence.dll (API version 3709383).
LogModuleManager: Display: Found up-to-date module file ../../../Engine/Plugins/MovieScene/LevelSequenceEditor/Binaries/Win64/UE4Editor-LevelSequenceEditor.dll (API version 3709383).
LogModuleManager: Display: Found up-to-date module file ../../../Engine/Plugins/MovieScene/MatineeToLevelSequence/Binaries/Win64/UE4Editor-MatineeToLevelSequence.dll (API version 3709383).
LogModuleManager: Display: Found up-to-date module file ../../../Engine/Plugins/Online/OnlineSubsystem/Binaries/Win64/UE4Editor-OnlineSubsystem.dll (API version 3709383).
LogModuleManager: Display: Found up-to-date module file ../../../Engine/Plugins/Runtime/AndroidPermission/Binaries/Win64/UE4Editor-AndroidPermission.dll (API version 3709383).
LogModuleManager: Display: Found up-to-date module file ../../../Engine/Plugins/Online/OnlineSubsystemNull/Binaries/Win64/UE4Editor-OnlineSubsystemNull.dll (API version 3709383).
LogModuleManager: Display: Found up-to-date module file ../../../Engine/Plugins/Online/OnlineSubsystemUtils/Binaries/Win64/UE4Editor-OnlineSubsystemUtils.dll (API version 3709383).
LogModuleManager: Display: Found up-to-date module file ../../../Engine/Plugins/Online/OnlineSubsystemUtils/Binaries/Win64/UE4Editor-OnlineBlueprintSupport.dll (API version 3709383).
LogModuleManager: Display: Found up-to-date module file ../../../Engine/Plugins/Runtime/AndroidDeviceProfileSelector/Binaries/Win64/UE4Editor-AndroidDeviceProfileSelector.dll (API version 3709383).
LogModuleManager: Display: Found up-to-date module file ../../../Engine/Plugins/Runtime/AppleARKit/Binaries/Win64/UE4Editor-AppleARKit.dll (API version 3709383).
LogModuleManager: Display: Found up-to-date module file ../../../Engine/Plugins/Runtime/ArchVisCharacter/Binaries/Win64/UE4Editor-ArchVisCharacter.dll (API version 3709383).
LogModuleManager: Display: Found up-to-date module file ../../../Engine/Plugins/Runtime/CableComponent/Binaries/Win64/UE4Editor-CableComponent.dll (API version 3709383).
LogModuleManager: Display: Found up-to-date module file ../../../Engine/Plugins/Runtime/CustomMeshComponent/Binaries/Win64/UE4Editor-CustomMeshComponent.dll (API version 3709383).
LogModuleManager: Display: Found up-to-date module file ../../../Engine/Plugins/Runtime/ExampleDeviceProfileSelector/Binaries/Win64/UE4Editor-ExampleDeviceProfileSelector.dll (API version 3709383).
LogModuleManager: Display: Found up-to-date module file ../../../Engine/Plugins/Runtime/ImmediatePhysics/Binaries/Win64/UE4Editor-ImmediatePhysics.dll (API version 3709383).
LogModuleManager: Display: Found up-to-date module file ../../../Engine/Plugins/Runtime/ImmediatePhysics/Binaries/Win64/UE4Editor-ImmediatePhysicsEditor.dll (API version 3709383).
LogModuleManager: Display: Found up-to-date module file ../../../Engine/Plugins/Runtime/LocationServicesBPLibrary/Binaries/Win64/UE4Editor-LocationServicesBPLibrary.dll (API version 3709383).
LogModuleManager: Display: Found up-to-date module file ../../../Engine/Plugins/Runtime/MobilePatchingUtils/Binaries/Win64/UE4Editor-MobilePatchingUtils.dll (API version 3709383).
LogModuleManager: Display: Found up-to-date module file ../../../Engine/Plugins/Runtime/Oculus/OculusVR/Binaries/Win64/UE4Editor-OculusHMD.dll (API version 3709383).
LogModuleManager: Display: Found up-to-date module file ../../../Engine/Plugins/Runtime/Oculus/OculusVR/Binaries/Win64/UE4Editor-OculusInput.dll (API version 3709383).
LogModuleManager: Display: Found up-to-date module file ../../../Engine/Plugins/Runtime/Oculus/OculusVR/Binaries/Win64/UE4Editor-OculusEditor.dll (API version 3709383).
LogModuleManager: Display: Found up-to-date module file ../../../Engine/Plugins/Runtime/PhysXVehicles/Binaries/Win64/UE4Editor-PhysXVehicles.dll (API version 3709383).
LogModuleManager: Display: Found up-to-date module file ../../../Engine/Plugins/Runtime/PhysXVehicles/Binaries/Win64/UE4Editor-PhysXVehiclesEditor.dll (API version 3709383).
LogModuleManager: Display: Found up-to-date module file ../../../Engine/Plugins/Runtime/ProceduralMeshComponent/Binaries/Win64/UE4Editor-ProceduralMeshComponent.dll (API version 3709383).
LogModuleManager: Display: Found up-to-date module file ../../../Engine/Plugins/Runtime/ProceduralMeshComponent/Binaries/Win64/UE4Editor-ProceduralMeshComponentEditor.dll (API version 3709383).
LogModuleManager: Display: Found up-to-date module file ../../../Engine/Plugins/Runtime/RuntimePhysXCooking/Binaries/Win64/UE4Editor-RuntimePhysXCooking.dll (API version 3709383).
LogModuleManager: Display: Found up-to-date module file ../../../Engine/Plugins/Runtime/Steam/SteamVR/Binaries/Win64/UE4Editor-SteamVR.dll (API version 3709383).
LogModuleManager: Display: Found up-to-date module file ../../../Engine/Plugins/Runtime/Steam/SteamVR/Binaries/Win64/UE4Editor-SteamVRController.dll (API version 3709383).
LogModuleManager: Display: Found up-to-date module file ../../../Engine/Plugins/Runtime/WindowsMoviePlayer/Binaries/Win64/UE4Editor-WindowsMoviePlayer.dll (API version 3709383).
LogPluginManager: Mounting plugin Paper2D
LogPluginManager: Mounting plugin LightPropagationVolume
LogPluginManager: Mounting plugin CodeLiteSourceCodeAccess
LogPluginManager: Mounting plugin GitSourceControl
LogPluginManager: Mounting plugin KDevelopSourceCodeAccess
LogPluginManager: Mounting plugin NullSourceCodeAccess
LogPluginManager: Mounting plugin PerforceSourceControl
LogPluginManager: Mounting plugin SubversionSourceControl
LogPluginManager: Mounting plugin UObjectPlugin
LogPluginManager: Mounting plugin VisualStudioCodeSourceCodeAccess
LogPluginManager: Mounting plugin VisualStudioSourceCodeAccess
LogPluginManager: Mounting plugin XCodeSourceCodeAccess
LogPluginManager: Mounting plugin AssetManagerEditor
LogPluginManager: Mounting plugin AudioCapture
LogPluginManager: Mounting plugin FacialAnimation
LogPluginManager: Mounting plugin GameplayTagsEditor
LogPluginManager: Mounting plugin MobileLauncherProfileWizard
LogPluginManager: Mounting plugin PluginBrowser
LogPluginManager: Mounting plugin SpeedTreeImporter
LogPluginManager: Mounting plugin AlembicImporter
LogPluginManager: Mounting plugin CharacterAI
LogPluginManager: Mounting plugin HTML5Networking
LogPluginManager: Mounting plugin AndroidMedia
LogPluginManager: Mounting plugin AvfMedia
LogPluginManager: Mounting plugin ImgMedia
LogPluginManager: Mounting plugin MediaCompositing
LogPluginManager: Mounting plugin MediaPlayerEditor
LogPluginManager: Mounting plugin WmfMedia
LogPluginManager: Mounting plugin TcpMessaging
LogPluginManager: Mounting plugin UdpMessaging
LogPluginManager: Mounting plugin ActorSequence
LogPluginManager: Mounting plugin LevelSequenceEditor
LogPluginManager: Mounting plugin MatineeToLevelSequence
LogPluginManager: Mounting plugin OnlineSubsystemGooglePlay
LogPluginManager: Mounting plugin OnlineSubsystemIOS
LogPluginManager: Mounting plugin OnlineSubsystem
LogPluginManager: Mounting plugin OnlineSubsystemNull
LogPluginManager: Mounting plugin OnlineSubsystemUtils
LogPluginManager: Mounting plugin AndroidDeviceProfileSelector
LogPluginManager: Mounting plugin AndroidMoviePlayer
LogPluginManager: Mounting plugin AndroidPermission
LogPluginManager: Mounting plugin AppleARKit
LogPluginManager: Mounting plugin AppleMoviePlayer
LogPluginManager: Mounting plugin ArchVisCharacter
LogPluginManager: Mounting plugin CableComponent
LogPluginManager: Mounting plugin CustomMeshComponent
LogPluginManager: Mounting plugin ExampleDeviceProfileSelector
LogPluginManager: Mounting plugin GoogleCloudMessaging
LogPluginManager: Mounting plugin ImmediatePhysics
LogPluginManager: Mounting plugin IOSDeviceProfileSelector
LogPluginManager: Mounting plugin LinuxDeviceProfileSelector
LogPluginManager: Mounting plugin LocationServicesBPLibrary
LogPluginManager: Mounting plugin MobilePatchingUtils
LogPluginManager: Mounting plugin OculusVR
LogPluginManager: Plugin shader directory ../../../Engine/Plugins/Runtime/Oculus/OculusVR/Shaders found
LogPluginManager: Mapping shader source directory ../../../Engine/Plugins/Runtime/Oculus/OculusVR/Shaders to virtual directory /Plugin/OculusVR
LogPluginManager: Mounting plugin PhysXVehicles
LogPluginManager: Mounting plugin ProceduralMeshComponent
LogPluginManager: Mounting plugin RuntimePhysXCooking
LogPluginManager: Mounting plugin SteamVR
LogPluginManager: Mounting plugin WindowsMoviePlayer
LogInit: Using libcurl 7.47.1
LogInit:  - built for x86_64-pc-win32
LogInit:  - supports SSL with OpenSSL/1.0.2g
LogInit:  - supports HTTP deflate (compression) using libz 1.2.8
LogInit:  - other features:
LogInit:      CURL_VERSION_SSL
LogInit:      CURL_VERSION_LIBZ
LogInit:      CURL_VERSION_IPV6
LogInit:      CURL_VERSION_ASYNCHDNS
LogInit:      CURL_VERSION_LARGEFILE
LogInit:      CURL_VERSION_IDN
LogInit:  CurlRequestOptions (configurable via config and command line):
LogInit:  - bVerifyPeer = false  - Libcurl will NOT verify peer certificate
LogInit:  - bUseHttpProxy = false  - Libcurl will NOT use HTTP proxy
LogInit:  - bDontReuseConnections = false  - Libcurl will reuse connections
LogInit:  - CertBundlePath = nullptr  - Libcurl will use whatever was configured at build time.
LogInit: Build: ++UE4+Release-4.18-CL-3754814
LogInit: Engine Version: 4.18.1-3754814+++UE4+Release-4.18
LogInit: Compatible Engine Version: 4.18.0-3709383+++UE4+Release-4.18
LogInit: Net CL: 3709383
LogDevObjectVersion: Number of dev versions registered: 16
LogDevObjectVersion:   Dev-Blueprints (B0D832E4-1F89-4F0D-ACCF-7EB736FD4AA2): 10
LogDevObjectVersion:   Dev-Build (E1C64328-A22C-4D53-A36C-8E866417BD8C): 0
LogDevObjectVersion:   Dev-Core (375EC13C-06E4-48FB-B500-84F0262A717E): 2
LogDevObjectVersion:   Dev-Editor (E4B068ED-F494-42E9-A231-DA0B2E46BB41): 20
LogDevObjectVersion:   Dev-Framework (CFFC743F-43B0-4480-9391-14DF171D2073): 30
LogDevObjectVersion:   Dev-Mobile (B02B49B5-BB20-44E9-A304-32B752E40360): 0
LogDevObjectVersion:   Dev-Networking (A4E4105C-59A1-49B5-A7C5-40C4547EDFEE): 0
LogDevObjectVersion:   Dev-Online (39C831C9-5AE6-47DC-9A44-9C173E1C8E7C): 0
LogDevObjectVersion:   Dev-Physics (78F01B33-EBEA-4F98-B9B4-84EACCB95AA2): 0
LogDevObjectVersion:   Dev-Platform (6631380F-2D4D-43E0-8009-CF276956A95A): 0
LogDevObjectVersion:   Dev-Rendering (12F88B9F-8875-4AFC-A67C-D90C383ABD29): 20
LogDevObjectVersion:   Dev-Sequencer (7B5AE74C-D270-4C10-A958-57980B212A5A): 4
LogDevObjectVersion:   Dev-VR (D7296918-1DD6-4BDD-9DE2-64A83CC13884): 0
LogDevObjectVersion:   Dev-LoadTimes (C2A15278-BFE7-4AFE-6C17-90FF531DF755): 1
LogDevObjectVersion:   Private-Geometry (6EACA3D4-40EC-4CC1-B786-8BED09428FC5): 1
LogDevObjectVersion:   Dev-AnimPhys (29E575DD-E0A3-4627-9D10-D276232CDCEA): 12
LogInit: Compiled (64-bit): Nov 14 2017 02:05:55
LogInit: Compiled with Visual C++: 19.00.24215.01
LogInit: Build Configuration: Development
LogInit: Branch Name: ++UE4+Release-4.18
LogInit: Command line:  
LogInit: Base directory: D:/Archive/UE_4.18/Engine/Binaries/Win64/
LogInit: Installed Engine Build: 1
LogInit: Presizing for max 8388607 objects, including 0 objects not considered by GC, pre-allocating 0 bytes for permanent pool.
LogInit: Object subsystem initialized
[2017.12.10-18.47.29:802][  0]LogInit: Selected Device Profile: [Windows]
[2017.12.10-18.47.29:802][  0]LogInit: Applying CVar settings loaded from the selected device profile: [Windows]
[2017.12.10-18.47.29:918][  0]LogInit: Setting Device Profile CVar: [[r.SSR.Quality:0]]
[2017.12.10-18.47.29:918][  0]LogInit: Setting Device Profile CVar: [[r.MotionBlurQuality:0]]
[2017.12.10-18.47.29:918][  0]LogInit: Setting Device Profile CVar: [[r.BloomQuality:5]]
[2017.12.10-18.47.29:918][  0]LogInit: Setting Device Profile CVar: [[r.SceneColorFormat:3]]
[2017.12.10-18.47.29:918][  0]LogInit: Setting Device Profile CVar: [[r.LensFlareQuality:0]]
[2017.12.10-18.47.29:918][  0]LogInit: Setting Device Profile CVar: [[r.Tonemapper.Sharpen:0]]
[2017.12.10-18.47.29:918][  0]LogInit: Setting Device Profile CVar: [[r.HZBOcclusion:0]]
[2017.12.10-18.47.29:918][  0]LogInit: Setting Device Profile CVar: [[r.Shadow.ForceSingleSampleShadowingFromStationary:1]]
[2017.12.10-18.47.29:918][  0]LogInit: Setting Device Profile CVar: [[r.AmbientOcclusionLevels:0]]
[2017.12.10-18.47.29:918][  0]LogInit: Setting Device Profile CVar: [[r.MSAACount:4]]
[2017.12.10-18.47.29:918][  0]LogInit: Setting Device Profile CVar: [[r.DepthOfFieldQuality:0]]
[2017.12.10-18.47.29:918][  0]LogInit: Setting Device Profile CVar: [[r.ReflectionEnvironmentBeginMixingRoughness:0.0]]
[2017.12.10-18.47.29:918][  0]LogInit: Setting Device Profile CVar: [[r.ReflectionEnvironmentEndMixingRoughness:0.0]]
[2017.12.10-18.47.29:918][  0]LogInit: Setting Device Profile CVar: [[r.Shadow.FadeExponent:5]]
[2017.12.10-18.47.29:918][  0]LogInit: Setting Device Profile CVar: [[r.Shadow.FadeResolution:128]]
[2017.12.10-18.47.29:918][  0]LogInit: Setting Device Profile CVar: [[r.Shadow.MaxResolution:256]]
[2017.12.10-18.47.29:918][  0]LogInit: Setting Device Profile CVar: [[r.ReflectionEnvironmentLightmapMixLargestWeight:1]]
[2017.12.10-18.47.29:918][  0]LogInit: Setting Device Profile CVar: [[r.RHICmdBypass:0]]
[2017.12.10-18.47.29:995][  0]LogInit: Computer: DESKTOP-G401FM1
[2017.12.10-18.47.29:995][  0]LogInit: User: Samuel
[2017.12.10-18.47.29:995][  0]LogInit: CPU Page size=4096, Cores=4
[2017.12.10-18.47.29:995][  0]LogInit: High frequency timer resolution =3.914067 MHz
[2017.12.10-18.47.29:995][  0]LogMemory: Memory total: Physical=31.9GB (32GB approx)
[2017.12.10-18.47.29:995][  0]LogMemory: Platform Memory Stats for Windows
[2017.12.10-18.47.29:995][  0]LogMemory: Process Physical Memory: 284.51 MB used, 284.51 MB peak
[2017.12.10-18.47.29:995][  0]LogMemory: Process Virtual Memory: 274.03 MB used, 274.03 MB peak
[2017.12.10-18.47.29:995][  0]LogMemory: Physical Memory: 5339.33 MB used,  27346.37 MB free, 32685.70 MB total
[2017.12.10-18.47.29:995][  0]LogMemory: Virtual Memory: 682.18 MB used,  27346.37 MB free, 134217728.00 MB total
[2017.12.10-18.47.32:165][  0]LogInit: Using OS detected language (en-GB).
[2017.12.10-18.47.32:165][  0]LogInit: Using OS detected locale (en-GB).
[2017.12.10-18.47.32:379][  0]LogTextLocalizationManager: No specific localization for 'en-GB' exists, so the 'en' localization will be used.
[2017.12.10-18.47.32:985][  0]LogInit: Setting process to per monitor DPI aware
[2017.12.10-18.47.35:339][  0]LogD3D11RHI: D3D11 adapters:
[2017.12.10-18.47.35:377][  0]LogD3D11RHI:    0. 'NVIDIA GeForce GTX 1080' (Feature Level 11_0)
[2017.12.10-18.47.35:377][  0]LogD3D11RHI:       8086/0/16342 MB DedicatedVideo/DedicatedSystem/SharedSystem, Outputs:1, VendorId:0x10de
[2017.12.10-18.47.35:383][  0]LogD3D11RHI:    1. 'Microsoft Basic Render Driver' (Feature Level 11_0)
[2017.12.10-18.47.35:383][  0]LogD3D11RHI:       0/0/16342 MB DedicatedVideo/DedicatedSystem/SharedSystem, Outputs:0, VendorId:0x1414
[2017.12.10-18.47.35:383][  0]LogD3D11RHI: Chosen D3D11 Adapter: 0
[2017.12.10-18.47.35:389][  0]LogD3D11RHI: Creating new Direct3DDevice
[2017.12.10-18.47.35:404][  0]LogD3D11RHI:     GPU DeviceId: 0x1b80 (for the marketing name, search the web for "GPU Device Id")
[2017.12.10-18.47.35:404][  0]LogWindows: EnumDisplayDevices:
[2017.12.10-18.47.35:405][  0]LogWindows:    0. 'NVIDIA GeForce GTX 1080' (P:1 D:1)
[2017.12.10-18.47.35:405][  0]LogWindows:    1. 'NVIDIA GeForce GTX 1080' (P:0 D:0)
[2017.12.10-18.47.35:405][  0]LogWindows:    2. 'NVIDIA GeForce GTX 1080' (P:0 D:0)
[2017.12.10-18.47.35:405][  0]LogWindows:    3. 'NVIDIA GeForce GTX 1080' (P:0 D:0)
[2017.12.10-18.47.35:405][  0]LogWindows: DebugString: GetVideoDriverDetailsInvalid PrimaryIsNotTheChoosenAdapter GetVideoDriverDetailsInvalid PrimaryIsNotTheChoosenAdapter GetVideoDriverDetailsInvalid PrimaryIsNotTheChoosenAdapter GetVideoDriverDetailsInvalid PrimaryIsNotTheChoosenAdapter FoundDriverCount:0 
[2017.12.10-18.47.35:405][  0]LogD3D11RHI:     Adapter Name: NVIDIA GeForce GTX 1080
[2017.12.10-18.47.35:405][  0]LogD3D11RHI:   Driver Version: Unknown (internal:Unknown, unified:Unknown)
[2017.12.10-18.47.35:405][  0]LogD3D11RHI:      Driver Date: Unknown
[2017.12.10-18.47.35:405][  0]LogRHI: Texture pool is 5660 MB (70% of 8086 MB)
[2017.12.10-18.47.35:422][  0]LogD3D11RHI: Async texture creation enabled
[2017.12.10-18.47.35:535][  0]LogD3D11RHI: GPU Timing Frequency: 1000.000000 (Debug: 2 2)
[2017.12.10-18.47.35:611][  0]LogShaderCompilers: Guid format shader working directory is -8 characters bigger than the processId version (C:/Users/Samuel/Documents/Unreal Projects/VRGunToolKit/Intermediate/Shaders/WorkingDirectory/21396/).
[2017.12.10-18.47.35:611][  0]LogShaderCompilers: Cleaned the shader compiler working directory 'C:/Users/Samuel/AppData/Local/Temp/UnrealShaderWorkingDir/695582204C386AFA0DDC469161175F7B/'.
[2017.12.10-18.47.35:611][  0]LogShaderCompilers: Display: Using Local Shader Compiler.
[2017.12.10-18.47.38:015][  0]LogTemp: Display: Loaded TP AllDesktopTargetPlatform
[2017.12.10-18.47.38:047][  0]LogTemp: Display: Loaded TP MacClientTargetPlatform
[2017.12.10-18.47.38:081][  0]LogTemp: Display: Loaded TP MacNoEditorTargetPlatform
[2017.12.10-18.47.38:113][  0]LogTemp: Display: Loaded TP MacServerTargetPlatform
[2017.12.10-18.47.38:154][  0]LogTemp: Display: Loaded TP MacTargetPlatform
[2017.12.10-18.47.38:187][  0]LogTemp: Display: Loaded TP WindowsClientTargetPlatform
[2017.12.10-18.47.38:219][  0]LogTemp: Display: Loaded TP WindowsNoEditorTargetPlatform
[2017.12.10-18.47.38:251][  0]LogTemp: Display: Loaded TP WindowsServerTargetPlatform
[2017.12.10-18.47.38:278][  0]LogTemp: Display: Loaded TP WindowsTargetPlatform
[2017.12.10-18.47.38:311][  0]LogTemp: Display: Loaded TP Android_ASTCTargetPlatform
[2017.12.10-18.47.38:343][  0]LogTemp: Display: Loaded TP Android_ATCTargetPlatform
[2017.12.10-18.47.38:375][  0]LogTemp: Display: Loaded TP Android_DXTTargetPlatform
[2017.12.10-18.47.38:407][  0]LogTemp: Display: Loaded TP Android_ETC1TargetPlatform
[2017.12.10-18.47.38:438][  0]LogTemp: Display: Loaded TP Android_ETC2TargetPlatform
[2017.12.10-18.47.38:502][  0]LogTemp: Display: Loaded TP Android_MultiTargetPlatform
[2017.12.10-18.47.38:502][  0]LogTemp: Display: Loaded TP Android_PVRTCTargetPlatform
[2017.12.10-18.47.38:559][  0]LogTemp: Display: Loaded TP AndroidTargetPlatform
[2017.12.10-18.47.38:582][  0]LogTemp: Display: Loaded TP HTML5TargetPlatform
[2017.12.10-18.47.38:700][  0]LogTemp: Display: Loaded TP IOSTargetPlatform
[2017.12.10-18.47.38:716][  0]LogTemp: Display: Loaded TP TVOSTargetPlatform
[2017.12.10-18.47.38:748][  0]LogTemp: Display: Loaded TP LinuxClientTargetPlatform
[2017.12.10-18.47.38:780][  0]LogTemp: Display: Loaded TP LinuxNoEditorTargetPlatform
[2017.12.10-18.47.38:812][  0]LogTemp: Display: Loaded TP LinuxServerTargetPlatform
[2017.12.10-18.47.38:847][  0]LogTemp: Display: Loaded TP LinuxTargetPlatform
[2017.12.10-18.47.38:847][  0]LogTargetPlatformManager: Display: Building Assets For Windows
[2017.12.10-18.47.39:714][  0]LogDerivedDataCache: Display: Max Cache Size: 512 MB
[2017.12.10-18.47.39:983][  0]LogDerivedDataCache: Loaded boot cache 0.27s 82MB C:/Users/Samuel/AppData/Local/UnrealEngine/4.18/DerivedDataCache/Boot.ddc.
[2017.12.10-18.47.39:983][  0]LogDerivedDataCache: Display: Loaded Boot cache: C:/Users/Samuel/AppData/Local/UnrealEngine/4.18/DerivedDataCache/Boot.ddc
[2017.12.10-18.47.39:983][  0]LogDerivedDataCache: FDerivedDataBackendGraph:  Pak pak cache file C:/Users/Samuel/Documents/Unreal Projects/VRGunToolKit/DerivedDataCache/DDC.ddp not found, will not use a pak cache.
[2017.12.10-18.47.39:983][  0]LogDerivedDataCache: Unable to find inner node Pak for hierarchical cache Hierarchy.
[2017.12.10-18.47.39:984][  0]LogDerivedDataCache: FDerivedDataBackendGraph:  CompressedPak pak cache file C:/Users/Samuel/Documents/Unreal Projects/VRGunToolKit/DerivedDataCache/Compressed.ddp not found, will not use a pak cache.
[2017.12.10-18.47.39:984][  0]LogDerivedDataCache: Unable to find inner node CompressedPak for hierarchical cache Hierarchy.
[2017.12.10-18.47.40:038][  0]LogDerivedDataCache: Display: Pak cache opened for reading ../../../Engine/DerivedDataCache/Compressed.ddp.
[2017.12.10-18.47.40:049][  0]LogDerivedDataCache: Using Local data cache path C:/Users/Samuel/AppData/Local/UnrealEngine/Common/DerivedDataCache: Writable
[2017.12.10-18.47.40:057][  0]LogMaterial: Verifying Global Shaders for PCD3D_SM5
[2017.12.10-18.47.40:057][  0]LogSlate: Using Freetype 2.6.0
[2017.12.10-18.47.40:145][  0]LogSlate: SlateFontCache - WITH_FREETYPE: 1, WITH_HARFBUZZ: 1
[2017.12.10-18.47.40:145][  0]LogSlate: SlateFontCache - WITH_FREETYPE: 1, WITH_HARFBUZZ: 1
[2017.12.10-18.47.46:026][  0]LogInit: Selected Device Profile: [Windows]
[2017.12.10-18.47.46:530][  0]LogSimplygon: Simplygon DLL not present - disabling.
[2017.12.10-18.47.46:579][  0]LogMeshReduction: Using SimplygonSwarm for distributed automatic mesh merging
[2017.12.10-18.47.46:590][  0]LogMeshReduction: Using QuadricMeshReduction for automatic static mesh reduction
[2017.12.10-18.47.46:590][  0]LogMeshReduction: No automatic skeletal mesh reduction module available
[2017.12.10-18.47.46:590][  0]LogMeshReduction: No automatic mesh merging module available
[2017.12.10-18.47.46:590][  0]LogMeshMerging: No automatic mesh merging module available
[2017.12.10-18.47.46:648][  0]LogNetVersion: VRGunToolkit , NetCL: 3709383, EngineNetVer: 2, GameNetVer: 0 (Checksum: 2737668274)
[2017.12.10-18.47.46:792][  0]LogAssetRegistry: FAssetRegistry took 0.0252 seconds to start up
[2017.12.10-18.47.49:625][  0]LogPackageLocalizationCache: Processed 7 localized package path(s) for 2 prioritized culture(s) in 0.089542 seconds
[2017.12.10-18.47.49:630][  0]LogUObjectArray: 35900 objects as part of root set at end of initial load.
[2017.12.10-18.47.49:630][  0]LogUObjectAllocator: 7372024 out of 0 bytes used by permanent object pool.
[2017.12.10-18.47.49:630][  0]LogUObjectArray: CloseDisregardForGC: 0/0 objects in disregard for GC pool
[2017.12.10-18.47.49:673][  0]LogInit: WinSock: version 1.1 (2.2), MaxSocks=32767, MaxUdp=65467
[2017.12.10-18.48.04:403][  0]LogTcpMessaging: Initializing TcpMessaging bridge
[2017.12.10-18.48.04:435][  0]LogUdpMessaging: Initializing bridge on interface 0.0.0.0:0 to multicast group 230.0.0.1:6666.
[2017.12.10-18.48.05:040][  0]LogMaterial: Missing cached shader map for material BaseColor, compiling. 
[2017.12.10-18.48.05:041][  0]LogMaterial: Warning: D:\Archive\UE_4.18\Engine\Content\BufferVisualization\BaseColor.uasset: Failed to compile Material for platform PCD3D_SM5, Default Material will be used in game.
[2017.12.10-18.48.05:041][  0]LogMaterial: 	(Node SceneTexture) GBuffer scene textures not available with forward shading.
[2017.12.10-18.48.05:057][  0]LogMaterial: Uniform references updated for custom material expression Custom.
[2017.12.10-18.48.05:065][  0]LogMaterial: Missing cached shader map for material LightingModel, compiling. 
[2017.12.10-18.48.05:065][  0]LogMaterial: Warning: D:\Archive\UE_4.18\Engine\Content\BufferVisualization\LightingModel.uasset: Failed to compile Material for platform PCD3D_SM5, Default Material will be used in game.
[2017.12.10-18.48.05:065][  0]LogMaterial: 	(Node SceneTexture) GBuffer scene textures not available with forward shading.
[2017.12.10-18.48.05:067][  0]LogMaterial: Missing cached shader map for material MaterialAO, compiling. 
[2017.12.10-18.48.05:068][  0]LogMaterial: Warning: D:\Archive\UE_4.18\Engine\Content\BufferVisualization\MaterialAO.uasset: Failed to compile Material for platform PCD3D_SM5, Default Material will be used in game.
[2017.12.10-18.48.05:068][  0]LogMaterial: 	(Node SceneTexture) GBuffer scene textures not available with forward shading.
[2017.12.10-18.48.05:070][  0]LogMaterial: Missing cached shader map for material Metallic, compiling. 
[2017.12.10-18.48.05:070][  0]LogMaterial: Warning: D:\Archive\UE_4.18\Engine\Content\BufferVisualization\Metallic.uasset: Failed to compile Material for platform PCD3D_SM5, Default Material will be used in game.
[2017.12.10-18.48.05:070][  0]LogMaterial: 	(Node SceneTexture) GBuffer scene textures not available with forward shading.
[2017.12.10-18.48.05:072][  0]LogMaterial: Missing cached shader map for material Opacity, compiling. 
[2017.12.10-18.48.05:072][  0]LogMaterial: Warning: D:\Archive\UE_4.18\Engine\Content\BufferVisualization\Opacity.uasset: Failed to compile Material for platform PCD3D_SM5, Default Material will be used in game.
[2017.12.10-18.48.05:072][  0]LogMaterial: 	(Node SceneTexture) GBuffer scene textures not available with forward shading.
[2017.12.10-18.48.05:075][  0]LogMaterial: Missing cached shader map for material Roughness, compiling. 
[2017.12.10-18.48.05:075][  0]LogMaterial: Warning: D:\Archive\UE_4.18\Engine\Content\BufferVisualization\Roughness.uasset: Failed to compile Material for platform PCD3D_SM5, Default Material will be used in game.
[2017.12.10-18.48.05:075][  0]LogMaterial: 	(Node SceneTexture) GBuffer scene textures not available with forward shading.
[2017.12.10-18.48.05:089][  0]LogMaterial: Missing cached shader map for material Specular, compiling. 
[2017.12.10-18.48.05:089][  0]LogMaterial: Warning: D:\Archive\UE_4.18\Engine\Content\BufferVisualization\Specular.uasset: Failed to compile Material for platform PCD3D_SM5, Default Material will be used in game.
[2017.12.10-18.48.05:089][  0]LogMaterial: 	(Node SceneTexture) GBuffer scene textures not available with forward shading.
[2017.12.10-18.48.05:091][  0]LogMaterial: Missing cached shader map for material SubsurfaceColor, compiling. 
[2017.12.10-18.48.05:091][  0]LogMaterial: Warning: D:\Archive\UE_4.18\Engine\Content\BufferVisualization\SubsurfaceColor.uasset: Failed to compile Material for platform PCD3D_SM5, Default Material will be used in game.
[2017.12.10-18.48.05:091][  0]LogMaterial: 	(Node SceneTexture) GBuffer scene textures not available with forward shading.
[2017.12.10-18.48.05:094][  0]LogMaterial: Missing cached shader map for material WorldNormal, compiling. 
[2017.12.10-18.48.05:094][  0]LogMaterial: Warning: D:\Archive\UE_4.18\Engine\Content\BufferVisualization\WorldNormal.uasset: Failed to compile Material for platform PCD3D_SM5, Default Material will be used in game.
[2017.12.10-18.48.05:094][  0]LogMaterial: 	(Node SceneTexture) GBuffer scene textures not available with forward shading.
[2017.12.10-18.48.05:441][  0]SourceControl: Source control is disabled
[2017.12.10-18.48.05:441][  0]SourceControl: Source control is disabled
[2017.12.10-18.48.05:476][  0]SourceControl: Source control is disabled
[2017.12.10-18.48.05:512][  0]SourceControl: Source control is disabled
[2017.12.10-18.48.06:251][  0]LogAndroidPermission: UAndroidPermissionCallbackProxy::GetInstance
[2017.12.10-18.48.06:429][  0]LogOcInput: OculusInput pre-init called
[2017.12.10-18.48.06:769][  0]LogEngine: Initializing Engine...
[2017.12.10-18.48.08:967][  0]LogHMD: SteamVR initialized.  Driver: lighthouse  Display: LHR-17F0EBFC
[2017.12.10-18.48.09:249][  0]LogStats: UGameplayTagsManager::ConstructGameplayTagTree: Construct from data asset -  0.000 s
[2017.12.10-18.48.09:249][  0]LogStats: UGameplayTagsManager::ConstructGameplayTagTree: GameplayTagTreeChangedEvent.Broadcast -  0.000 s
[2017.12.10-18.48.09:373][  0]LogAIModule: Creating AISystem for world Untitled
[2017.12.10-18.48.09:389][  0]LogInit: XAudio2 using 'HTC-VIVE-0 (NVIDIA High Definition Audio)' : 2 channels at 48 kHz using 16 bits per sample (channel mask 0x3)
[2017.12.10-18.48.09:413][  0]LogInit: FAudioDevice initialized.
[2017.12.10-18.48.09:484][  0]LogDerivedDataCache: Saved boot cache 0.07s 82MB C:/Users/Samuel/AppData/Local/UnrealEngine/4.18/DerivedDataCache/Boot.ddc.
[2017.12.10-18.48.09:493][  0]LogInit: Texture streaming: Enabled
[2017.12.10-18.48.09:578][  0]LogEngineSessionManager: EngineSessionManager initialized
[2017.12.10-18.48.09:698][  0]LogInit: Transaction tracking system initialized
[2017.12.10-18.48.10:036][  0]BlueprintLog: New page: Editor Load
[2017.12.10-18.48.10:926][  0]LocalizationService: Localization service is disabled
[2017.12.10-18.48.11:362][  0]LogLinker: Warning: Can't find file '/Game/ThirdPersonBP/ThirdPersonOverview'
[2017.12.10-18.48.11:362][  0]LogLinker: Warning: Can't find file '/Game/ThirdPersonBP/ThirdPersonOverview'
[2017.12.10-18.48.11:362][  0]LogUObjectGlobals: Warning: Failed to find object 'Class /Game/ThirdPersonBP/ThirdPersonOverview.ThirdPersonOverview_C'
[2017.12.10-18.48.11:582][  0]LogConsoleResponse: Display: 
[2017.12.10-18.48.12:330][  0]LogCook: Display: Max memory allowance for cook 16384mb min free memory 0mb
[2017.12.10-18.48.12:330][  0]LogCook: Display: Mobile HDR setting 1
[2017.12.10-18.48.12:330][  0]LogGameplayTags: Display: UGameplayTagsManager::DoneAddingNativeTags. DelegateIsBound: 0
[2017.12.10-18.48.12:448][  0]LogFileCache: Scanning file cache for directory 'C:/Users/Samuel/Documents/Unreal Projects/VRGunToolKit/Content/' took 0.02s
[2017.12.10-18.48.14:020][  0]SourceControl: Source control is disabled
[2017.12.10-18.48.14:028][  0]Cmd: MAP LOAD FILE="C:/Users/Samuel/Documents/Unreal Projects/VRGunToolKit/Content/VRGunToolkit/Maps/Welcome.umap" TEMPLATE=0 SHOWPROGRESS=1 FEATURELEVEL=3
[2017.12.10-18.48.14:028][  0]LightingResults: New page: Lighting Build
[2017.12.10-18.48.14:061][  0]MapCheck: New page: Map Check
[2017.12.10-18.48.14:061][  0]LightingResults: New page: Lighting Build
[2017.12.10-18.48.14:142][  0]LogLinker: Warning: Asset 'C:/Users/Samuel/Documents/Unreal Projects/VRGunToolKit/Content/VRGunToolkit/Sounds/Shells/DropSoundAttenuation.uasset' has been saved with empty engine version. The asset will be loaded but may be incompatible.
[2017.12.10-18.48.14:142][  0]LogLinker: Warning: Asset 'C:/Users/Samuel/Documents/Unreal Projects/VRGunToolKit/Content/VRGunToolkit/Sounds/Shells/DropSoundConcurrency.uasset' has been saved with empty engine version. The asset will be loaded but may be incompatible.
[2017.12.10-18.48.14:352][  0]LogLinker: Warning: Asset 'C:/Users/Samuel/Documents/Unreal Projects/VRGunToolKit/Content/VRGunToolkit/Materials/Weapons/GunExamples/M_BlueEmissive.uasset' has been saved with empty engine version. The asset will be loaded but may be incompatible.
[2017.12.10-18.48.14:353][  0]LogLinker: Warning: Asset 'C:/Users/Samuel/Documents/Unreal Projects/VRGunToolKit/Content/VRGunToolkit/Materials/Weapons/GunExamples/M_Colorful_Mat.uasset' has been saved with empty engine version. The asset will be loaded but may be incompatible.
[2017.12.10-18.48.14:434][  0]LogLinker: Warning: Asset 'C:/Users/Samuel/Documents/Unreal Projects/VRGunToolKit/Content/VRGunToolkit/Sounds/Shells/MetalicShell/Cue/Cue_ShellDropRandom.uasset' has been saved with empty engine version. The asset will be loaded but may be incompatible.
[2017.12.10-18.48.14:439][  0]LogLinker: Warning: Asset 'C:/Users/Samuel/Documents/Unreal Projects/VRGunToolKit/Content/VRGunToolkit/Sounds/Magazine/Cue/Cue_MagDropRandom.uasset' has been saved with empty engine version. The asset will be loaded but may be incompatible.
[2017.12.10-18.48.14:623][  0]LogBlueprint: Warning: [Compiler BP_VRrGunHands] ProjectPointToNavigation_DEPRECATED  is deprecated; This version of ProjectPointToNavigation is deprecated. Please use the new version
[2017.12.10-18.48.14:739][  0]LogBlueprint: Warning: [Compiler BP_VRrGunHands] [0067.41] Compile of BP_VRrGunHands successful, but with 1 Warning(s) [in 239 ms] (/Game/VRGunToolkit/Blueprints/Character/BP_VRrGunHands.BP_VRrGunHands)
[2017.12.10-18.48.14:814][  0]LogClass: Warning: Enum '/Game/VRGunToolkit/Blueprints/DemoRoom/BP_DemoDisplay_Enum.BP_DemoDisplay_Enum' was upgraded to use FText to store its display name data. Please re-save this asset to avoid issues with localization and determinstic cooking.
[2017.12.10-18.48.15:084][  0]LogLinker: Warning: Asset 'C:/Users/Samuel/Documents/Unreal Projects/VRGunToolKit/Content/VRGunToolkit/Materials/Assets/M_Target_Human.uasset' has been saved with empty engine version. The asset will be loaded but may be incompatible.
[2017.12.10-18.48.15:460][  0]LogLinker: Warning: Asset 'C:/Users/Samuel/Documents/Unreal Projects/VRGunToolKit/Content/VRGunToolkit/Sounds/Magazine/Wav/A_MagDrop01.uasset' has been saved with empty engine version. The asset will be loaded but may be incompatible.
[2017.12.10-18.48.15:462][  0]LogLinker: Warning: Asset 'C:/Users/Samuel/Documents/Unreal Projects/VRGunToolKit/Content/VRGunToolkit/Sounds/Shells/MetalicShell/Wav/A_ShellDrop0.uasset' has been saved with empty engine version. The asset will be loaded but may be incompatible.
[2017.12.10-18.48.15:463][  0]LogLinker: Warning: Asset 'C:/Users/Samuel/Documents/Unreal Projects/VRGunToolKit/Content/VRGunToolkit/Sounds/Shells/MetalicShell/Wav/A_ShellDrop01.uasset' has been saved with empty engine version. The asset will be loaded but may be incompatible.
[2017.12.10-18.48.15:464][  0]LogLinker: Warning: Asset 'C:/Users/Samuel/Documents/Unreal Projects/VRGunToolKit/Content/VRGunToolkit/Sounds/Shells/MetalicShell/Wav/A_ShellDrop02.uasset' has been saved with empty engine version. The asset will be loaded but may be incompatible.
[2017.12.10-18.48.15:466][  0]LogLinker: Warning: Asset 'C:/Users/Samuel/Documents/Unreal Projects/VRGunToolKit/Content/VRGunToolkit/Sounds/Shells/MetalicShell/Wav/A_ShellDrop03.uasset' has been saved with empty engine version. The asset will be loaded but may be incompatible.
[2017.12.10-18.48.15:468][  0]LogLinker: Warning: Asset 'C:/Users/Samuel/Documents/Unreal Projects/VRGunToolKit/Content/VRGunToolkit/Sounds/Shells/MetalicShell/Wav/A_ShellDrop04.uasset' has been saved with empty engine version. The asset will be loaded but may be incompatible.
[2017.12.10-18.48.15:469][  0]LogLinker: Warning: Asset 'C:/Users/Samuel/Documents/Unreal Projects/VRGunToolKit/Content/VRGunToolkit/Sounds/Shells/MetalicShell/Wav/A_ShellDrop05.uasset' has been saved with empty engine version. The asset will be loaded but may be incompatible.
[2017.12.10-18.48.15:471][  0]LogLinker: Warning: Asset 'C:/Users/Samuel/Documents/Unreal Projects/VRGunToolKit/Content/VRGunToolkit/Sounds/Shells/MetalicShell/Wav/A_ShellDrop06.uasset' has been saved with empty engine version. The asset will be loaded but may be incompatible.
[2017.12.10-18.48.15:473][  0]LogLinker: Warning: Asset 'C:/Users/Samuel/Documents/Unreal Projects/VRGunToolKit/Content/VRGunToolkit/Sounds/Shells/MetalicShell/Wav/A_ShellDrop07.uasset' has been saved with empty engine version. The asset will be loaded but may be incompatible.
[2017.12.10-18.48.15:474][  0]LogLinker: Warning: Asset 'C:/Users/Samuel/Documents/Unreal Projects/VRGunToolKit/Content/VRGunToolkit/Sounds/Shells/MetalicShell/Wav/A_ShellDrop08.uasset' has been saved with empty engine version. The asset will be loaded but may be incompatible.
[2017.12.10-18.48.15:476][  0]LogLinker: Warning: Asset 'C:/Users/Samuel/Documents/Unreal Projects/VRGunToolKit/Content/VRGunToolkit/Sounds/Shells/MetalicShell/Wav/A_ShellDrop09.uasset' has been saved with empty engine version. The asset will be loaded but may be incompatible.
[2017.12.10-18.48.15:478][  0]LogLinker: Warning: Asset 'C:/Users/Samuel/Documents/Unreal Projects/VRGunToolKit/Content/VRGunToolkit/Sounds/Shells/MetalicShell/Wav/A_ShellDrop10.uasset' has been saved with empty engine version. The asset will be loaded but may be incompatible.
[2017.12.10-18.48.15:481][  0]LogLinker: Warning: Asset 'C:/Users/Samuel/Documents/Unreal Projects/VRGunToolKit/Content/VRGunToolkit/Sounds/Shells/MetalicShell/Wav/A_ShellDrop11.uasset' has been saved with empty engine version. The asset will be loaded but may be incompatible.
[2017.12.10-18.48.15:483][  0]LogLinker: Warning: Asset 'C:/Users/Samuel/Documents/Unreal Projects/VRGunToolKit/Content/VRGunToolkit/Sounds/Shells/MetalicShell/Wav/A_ShellDrop12.uasset' has been saved with empty engine version. The asset will be loaded but may be incompatible.
[2017.12.10-18.48.15:484][  0]LogLinker: Warning: Asset 'C:/Users/Samuel/Documents/Unreal Projects/VRGunToolKit/Content/VRGunToolkit/Sounds/Shells/MetalicShell/Wav/A_ShellDrop13.uasset' has been saved with empty engine version. The asset will be loaded but may be incompatible.
[2017.12.10-18.48.15:486][  0]LogLinker: Warning: Asset 'C:/Users/Samuel/Documents/Unreal Projects/VRGunToolKit/Content/VRGunToolkit/Sounds/Shells/MetalicShell/Wav/A_ShellDrop14.uasset' has been saved with empty engine version. The asset will be loaded but may be incompatible.
[2017.12.10-18.48.15:488][  0]LogLinker: Warning: Asset 'C:/Users/Samuel/Documents/Unreal Projects/VRGunToolKit/Content/VRGunToolkit/Sounds/Shells/MetalicShell/Wav/A_ShellDrop15.uasset' has been saved with empty engine version. The asset will be loaded but may be incompatible.
[2017.12.10-18.48.15:490][  0]LogLinker: Warning: Asset 'C:/Users/Samuel/Documents/Unreal Projects/VRGunToolKit/Content/VRGunToolkit/Sounds/Shells/MetalicShell/Wav/A_ShellDrop16.uasset' has been saved with empty engine version. The asset will be loaded but may be incompatible.
[2017.12.10-18.48.15:491][  0]LogLinker: Warning: Asset 'C:/Users/Samuel/Documents/Unreal Projects/VRGunToolKit/Content/VRGunToolkit/Sounds/Shells/MetalicShell/Wav/A_ShellDrop17.uasset' has been saved with empty engine version. The asset will be loaded but may be incompatible.
[2017.12.10-18.48.15:493][  0]LogLinker: Warning: Asset 'C:/Users/Samuel/Documents/Unreal Projects/VRGunToolKit/Content/VRGunToolkit/Sounds/Shells/MetalicShell/Wav/A_ShellDrop18.uasset' has been saved with empty engine version. The asset will be loaded but may be incompatible.
[2017.12.10-18.48.15:495][  0]LogLinker: Warning: Asset 'C:/Users/Samuel/Documents/Unreal Projects/VRGunToolKit/Content/VRGunToolkit/Sounds/Shells/MetalicShell/Wav/A_ShellDrop19.uasset' has been saved with empty engine version. The asset will be loaded but may be incompatible.
[2017.12.10-18.48.15:497][  0]LogLinker: Warning: Asset 'C:/Users/Samuel/Documents/Unreal Projects/VRGunToolKit/Content/VRGunToolkit/Sounds/Shells/MetalicShell/Wav/A_ShellDrop010.uasset' has been saved with empty engine version. The asset will be loaded but may be incompatible.
[2017.12.10-18.48.15:498][  0]LogLinker: Warning: Asset 'C:/Users/Samuel/Documents/Unreal Projects/VRGunToolKit/Content/VRGunToolkit/Sounds/Shells/MetalicShell/Wav/A_ShellDrop20.uasset' has been saved with empty engine version. The asset will be loaded but may be incompatible.
[2017.12.10-18.48.15:500][  0]LogLinker: Warning: Asset 'C:/Users/Samuel/Documents/Unreal Projects/VRGunToolKit/Content/VRGunToolkit/Sounds/Shells/MetalicShell/Wav/A_ShellDrop21.uasset' has been saved with empty engine version. The asset will be loaded but may be incompatible.
[2017.12.10-18.48.16:682][  0]LogAIModule: Creating AISystem for world Welcome
[2017.12.10-18.48.16:731][  0]LogEditorServer: Finished looking for orphan Actors (0.000 secs)
[2017.12.10-18.48.16:749][  0]Cmd: MAP CHECKDEP NOCLEARLOG
[2017.12.10-18.48.16:811][  0]MapCheck: Map check complete: 0 Error(s), 0 Warning(s), took 62.007ms to complete.
[2017.12.10-18.48.16:811][  0]LogFileHelpers: Loading map 'Welcome' took 2.783
[2017.12.10-18.48.17:132][  0]LogCollectionManager: Loaded 0 collections in 0.017787 seconds
[2017.12.10-18.48.17:202][  0]LogFileCache: Scanning file cache for directory 'C:/Users/Samuel/Documents/Unreal Projects/VRGunToolKit/Saved/Collections/' took 0.01s
[2017.12.10-18.48.17:202][  0]LogFileCache: Scanning file cache for directory 'C:/Users/Samuel/Documents/Unreal Projects/VRGunToolKit/Content/Developers/Samuel/Collections/' took 0.01s
[2017.12.10-18.48.17:202][  0]LogFileCache: Scanning file cache for directory 'C:/Users/Samuel/Documents/Unreal Projects/VRGunToolKit/Content/Collections/' took 0.01s
[2017.12.10-18.48.17:202][  0]LogCollectionManager: Rebuilt the GUID cache for 0 collections in 0.000000 seconds
[2017.12.10-18.48.17:209][  0]LogContentBrowser: Native class hierarchy populated in 0.0065 seconds. Added 2363 classes and 519 folders.
[2017.12.10-18.48.17:248][  0]LogContentBrowser: Native class hierarchy updated for 'WidgetCarousel' in 0.0002 seconds. Added 0 classes and 0 folders.
[2017.12.10-18.48.18:365][  0]LogContentBrowser: Native class hierarchy updated for 'AddContentDialog' in 0.0002 seconds. Added 0 classes and 0 folders.
[2017.12.10-18.48.18:392][  0]LogContentBrowser: Native class hierarchy updated for 'SceneOutliner' in 0.0002 seconds. Added 1 classes and 2 folders.
[2017.12.10-18.48.18:502][  0]LogSlate: Took 0.014154 seconds to synchronously load lazily loaded font '../../../Engine/Content/Slate/Fonts/Roboto-Regular.ttf' (155K)
[2017.12.10-18.48.18:515][  0]LogSlate: Took 0.012093 seconds to synchronously load lazily loaded font '../../../Engine/Content/Slate/Fonts/Roboto-Bold.ttf' (160K)
[2017.12.10-18.48.18:530][  0]LogSlate: Took 0.011196 seconds to synchronously load lazily loaded font '../../../Engine/Content/Editor/Slate/Fonts/FontAwesome.ttf' (139K)
[2017.12.10-18.48.18:653][  0]LogRenderer: Reallocating scene render targets to support 956x500 Format 26 NumSamples 4 (Frame:1).
[2017.12.10-18.48.18:869][  0]LogContentBrowser: Native class hierarchy updated for 'HierarchicalLODOutliner' in 0.0002 seconds. Added 1 classes and 2 folders.
[2017.12.10-18.48.18:869][  0]LogLoad: (Engine Initialization) Total time: 71.54 seconds
[2017.12.10-18.48.18:869][  0]LogLoad: (Engine Initialization) Total Blueprint compile time: 0.00 seconds
[2017.12.10-18.48.18:869][  0]LogExternalProfiler: Found external profiler: VSPerf
[2017.12.10-18.48.18:869][  0]LogExternalProfiler: Using external profiler: VSPerf
[2017.12.10-18.48.18:903][  0]LogContentStreaming: Texture pool size now 1000 MB
[2017.12.10-18.48.18:974][  0]LogSlate: Took 0.004443 seconds to synchronously load lazily loaded font '../../../Engine/Content/Slate/Fonts/Roboto-Light.ttf' (159K)
[2017.12.10-18.48.19:030][  1]LogAssetRegistry: Asset discovery search completed in 32.2601 seconds
[2017.12.10-18.48.19:032][  1]LogCollectionManager: Rebuilt the object cache for 0 collections in 0.000000 seconds (found 0 objects)
[2017.12.10-18.48.19:032][  1]LogCollectionManager: Fixed up redirectors for 0 collections in 0.000037 seconds (updated 0 objects)
[2017.12.10-18.48.19:893][ 72]LogSlate: Took 0.000185 seconds to synchronously load lazily loaded font '../../../Engine/Content/Slate/Fonts/Roboto-Light.ttf' (159K)
[2017.12.10-18.48.30:407][747]LogSlate: Took 0.000156 seconds to synchronously load lazily loaded font '../../../Engine/Content/Slate/Fonts/Roboto-Light.ttf' (159K)
[2017.12.10-18.48.30:692][747]LogClass: Warning: Enum '/Game/VRGunToolkit/Blueprints/DemoRoom/Button/ENUM_BTN_State.ENUM_BTN_State' was upgraded to use FText to store its display name data. Please re-save this asset to avoid issues with localization and determinstic cooking.
[2017.12.10-18.48.30:744][747]LogContentBrowser: Native class hierarchy updated for 'BlueprintGraph' in 0.0005 seconds. Added 116 classes and 0 folders.
[2017.12.10-18.48.31:663][747]LogSlate: Took 0.017853 seconds to synchronously load lazily loaded font '../../../Engine/Content/Editor/Slate/Fonts/Roboto-BoldCondensed.ttf' (158K)
[2017.12.10-18.48.31:774][748]LogSlate: Took 0.007066 seconds to synchronously load lazily loaded font '../../../Engine/Content/Editor/Slate/Fonts/Roboto-Italic.ttf' (157K)
[2017.12.10-18.48.34:776][964]LogActorComponent: UnregisterComponent: (/Engine/Transient.EditorFloorComp) Not registered. Aborting.
[2017.12.10-18.48.41:911][687]LogAIModule: Creating AISystem for world Temp
[2017.12.10-18.48.41:937][687]Cmd: MAP LOAD FILE="C:/Users/Samuel/Documents/Unreal Projects/VRGunToolKit/Content/VRGunToolkit/Maps/Temp.umap" TEMPLATE=0 SHOWPROGRESS=1 FEATURELEVEL=3
[2017.12.10-18.48.41:937][687]LightingResults: New page: Lighting Build
[2017.12.10-18.48.41:937][687]LoadErrors: New page: Loading map: Temp.umap
[2017.12.10-18.48.41:938][687]MapCheck: New page: Map Check
[2017.12.10-18.48.41:938][687]LightingResults: New page: Lighting Build
[2017.12.10-18.48.41:995][687]LogEditorServer: Finished looking for orphan Actors (0.000 secs)
[2017.12.10-18.48.42:027][687]Cmd: MAP CHECKDEP NOCLEARLOG
[2017.12.10-18.48.42:093][687]MapCheck: Map check complete: 0 Error(s), 0 Warning(s), took 65.862ms to complete.
[2017.12.10-18.48.42:093][687]LogFileHelpers: Loading map 'Temp' took 0.157
[2017.12.10-18.48.43:423][824]LogTemp: Repeating last play command: VR Preview
[2017.12.10-18.48.43:493][824]LogPlayLevel: PlayLevel: No blueprints needed recompiling
[2017.12.10-18.48.43:518][824]PIE: New page: PIE session: Temp (10 Dec 2017 18:48:43)
[2017.12.10-18.48.43:518][824]LogPlayLevel: Creating play world package: /Game/VRGunToolkit/Maps/UEDPIE_0_Temp
[2017.12.10-18.48.43:520][824]LogPlayLevel: PIE: StaticDuplicateObject took: (0.001977s)
[2017.12.10-18.48.43:520][824]LogAIModule: Creating AISystem for world Temp
[2017.12.10-18.48.43:520][824]LogPlayLevel: PIE: World Init took: (0.000414s)
[2017.12.10-18.48.43:520][824]LogPlayLevel: PIE: Created PIE world by copying editor world from /Game/VRGunToolkit/Maps/Temp.Temp to /Game/VRGunToolkit/Maps/UEDPIE_0_Temp.Temp (0.002571s)
[2017.12.10-18.48.43:543][824]LogInit: XAudio2 using 'HTC-VIVE-0 (NVIDIA High Definition Audio)' : 2 channels at 48 kHz using 16 bits per sample (channel mask 0x3)
[2017.12.10-18.48.43:548][824]LogInit: FAudioDevice initialized.
[2017.12.10-18.48.43:646][824]LogLinker: Warning: Can't find file '/Game/VRGunToolkit/Character/VRGunKitGM'
[2017.12.10-18.48.43:646][824]LogLinker: Warning: Can't find file '/Game/VRGunToolkit/Character/VRGunKitGM'
[2017.12.10-18.48.43:646][824]LogUObjectGlobals: Warning: Failed to find object 'Class /Game/VRGunToolkit/Character/VRGunKitGM.VRGunKitGM_C'
[2017.12.10-18.48.43:646][824]LogLoad: Game class is 'GameModeBase'
[2017.12.10-18.48.43:648][824]LogWorld: Bringing World /Game/VRGunToolkit/Maps/UEDPIE_0_Temp.Temp up for play (max tick rate 0) at 2017.12.10-18.48.43
[2017.12.10-18.48.43:649][824]LogWorld: Bringing up level for play took: 0.000962
[2017.12.10-18.48.43:675][824]LogContentBrowser: Native class hierarchy updated for 'MovieSceneCapture' in 0.0002 seconds. Added 11 classes and 0 folders.
[2017.12.10-18.48.43:676][824]LogBlueprintUserMessages: [BP_VRrGunHands_C_0] Failed To get pawn
[2017.12.10-18.48.43:677][824]LogBlueprintUserMessages: [BP_VRrGunHands_C_1] Failed To get pawn
[2017.12.10-18.48.43:680][824]PIE: Play in editor start time for /Game/VRGunToolkit/Maps/UEDPIE_0_Temp 0.328
[2017.12.10-18.48.43:728][825]LogRenderer: Reallocating scene render targets to support 2808x1560 Format 26 NumSamples 4 (Frame:1).
[2017.12.10-18.49.25:231][839]LogTemp: Repeating last play command: VR Preview
[2017.12.10-18.49.25:243][839]LogPlayLevel: PlayLevel: No blueprints needed recompiling
[2017.12.10-18.49.25:243][839]PIE: New page: PIE session: Temp (10 Dec 2017 18:49:25)
[2017.12.10-18.49.25:243][839]LogPlayLevel: Creating play world package: /Game/VRGunToolkit/Maps/UEDPIE_0_Temp
[2017.12.10-18.49.25:245][839]LogPlayLevel: PIE: StaticDuplicateObject took: (0.002061s)
[2017.12.10-18.49.25:245][839]LogAIModule: Creating AISystem for world Temp
[2017.12.10-18.49.25:246][839]LogPlayLevel: PIE: World Init took: (0.000518s)
[2017.12.10-18.49.25:246][839]LogPlayLevel: PIE: Created PIE world by copying editor world from /Game/VRGunToolkit/Maps/Temp.Temp to /Game/VRGunToolkit/Maps/UEDPIE_0_Temp.Temp (0.002777s)
[2017.12.10-18.49.25:270][839]LogInit: XAudio2 using 'HTC-VIVE-0 (NVIDIA High Definition Audio)' : 2 channels at 48 kHz using 16 bits per sample (channel mask 0x3)
[2017.12.10-18.49.25:275][839]LogInit: FAudioDevice initialized.
[2017.12.10-18.49.25:353][839]LogLoad: Game class is 'GameModeBase'
[2017.12.10-18.49.25:355][839]LogWorld: Bringing World /Game/VRGunToolkit/Maps/UEDPIE_0_Temp.Temp up for play (max tick rate 0) at 2017.12.10-18.49.25
[2017.12.10-18.49.25:355][839]LogWorld: Bringing up level for play took: 0.001019
[2017.12.10-18.49.25:356][839]LogBlueprintUserMessages: [BP_VRrGunHands_C_0] Failed To get pawn
[2017.12.10-18.49.25:357][839]LogBlueprintUserMessages: [BP_VRrGunHands_C_1] Failed To get pawn
[2017.12.10-18.49.25:361][839]PIE: Play in editor start time for /Game/VRGunToolkit/Maps/UEDPIE_0_Temp 0.009
[2017.12.11-12.49.01:420][337]LogHttp: Warning: 0000016D0712DA80: request failed, libcurl error: 6 (Couldn't resolve host name)
[2017.12.11-12.49.01:420][337]LogHttp: Warning: 0000016D0712DA80: libcurl info message cache 0 (Connection 20 seems to be dead!)
[2017.12.11-12.49.01:420][337]LogHttp: Warning: 0000016D0712DA80: libcurl info message cache 1 (Closing connection 20)
[2017.12.11-12.49.01:420][337]LogHttp: Warning: 0000016D0712DA80: libcurl info message cache 2 (Could not resolve host: datarouter.ol.epicgames.com)
[2017.12.11-12.49.01:420][337]LogHttp: Warning: 0000016D0712DA80: libcurl info message cache 3 (Closing connection 21)
